{"E:\\web-project\\contextOs\\Backend\\src\\app.js": {"path":"E:\\web-project\\contextOs\\Backend\\src\\app.js","statementMap":{"0":{"start":{"line":21,"column":0},"end":{"line":21,"column":28}},"1":{"start":{"line":23,"column":12},"end":{"line":23,"column":21}},"2":{"start":{"line":25,"column":0},"end":{"line":25,"column":18}},"3":{"start":{"line":26,"column":0},"end":{"line":31,"column":2}},"4":{"start":{"line":32,"column":0},"end":{"line":32,"column":42}},"5":{"start":{"line":33,"column":0},"end":{"line":44,"column":2}},"6":{"start":{"line":36,"column":6},"end":{"line":41,"column":7}},"7":{"start":{"line":40,"column":8},"end":{"line":40,"column":46}},"8":{"start":{"line":45,"column":0},"end":{"line":45,"column":48}},"9":{"start":{"line":46,"column":0},"end":{"line":46,"column":40}},"10":{"start":{"line":47,"column":0},"end":{"line":51,"column":2}},"11":{"start":{"line":49,"column":32},"end":{"line":49,"column":59}},"12":{"start":{"line":52,"column":0},"end":{"line":52,"column":31}},"13":{"start":{"line":54,"column":0},"end":{"line":56,"column":3}},"14":{"start":{"line":55,"column":2},"end":{"line":55,"column":39}},"15":{"start":{"line":57,"column":0},"end":{"line":68,"column":3}},"16":{"start":{"line":58,"column":2},"end":{"line":67,"column":5}},"17":{"start":{"line":70,"column":0},"end":{"line":70,"column":30}},"18":{"start":{"line":71,"column":0},"end":{"line":71,"column":25}},"19":{"start":{"line":72,"column":0},"end":{"line":72,"column":22}}},"fnMap":{"0":{"name":"(anonymous_0)","decl":{"start":{"line":35,"column":12},"end":{"line":35,"column":13}},"loc":{"start":{"line":35,"column":35},"end":{"line":42,"column":5}},"line":35},"1":{"name":"(anonymous_1)","decl":{"start":{"line":49,"column":21},"end":{"line":49,"column":22}},"loc":{"start":{"line":49,"column":32},"end":{"line":49,"column":59}},"line":49},"2":{"name":"(anonymous_2)","decl":{"start":{"line":54,"column":13},"end":{"line":54,"column":14}},"loc":{"start":{"line":54,"column":27},"end":{"line":56,"column":1}},"line":54},"3":{"name":"(anonymous_3)","decl":{"start":{"line":57,"column":19},"end":{"line":57,"column":20}},"loc":{"start":{"line":57,"column":34},"end":{"line":68,"column":1}},"line":57}},"branchMap":{"0":{"loc":{"start":{"line":36,"column":6},"end":{"line":41,"column":7}},"type":"if","locations":[{"start":{"line":36,"column":6},"end":{"line":41,"column":7}},{"start":{},"end":{}}],"line":36},"1":{"loc":{"start":{"line":37,"column":8},"end":{"line":38,"column":54}},"type":"binary-expr","locations":[{"start":{"line":37,"column":8},"end":{"line":37,"column":54}},{"start":{"line":38,"column":8},"end":{"line":38,"column":54}}],"line":37}},"s":{"0":1,"1":1,"2":1,"3":1,"4":1,"5":1,"6":3,"7":0,"8":1,"9":1,"10":1,"11":8,"12":1,"13":1,"14":1,"15":1,"16":1,"17":1,"18":1,"19":1},"f":{"0":3,"1":8,"2":1,"3":1},"b":{"0":[0,3],"1":[3,3]},"_coverageSchema":"1a1c01bbd47fc00a2c39e90264f33305004495a9","hash":"6b5ccf65b6093a13e8061efef420969373afab96"}
,"E:\\web-project\\contextOs\\Backend\\src\\admin\\index.js": {"path":"E:\\web-project\\contextOs\\Backend\\src\\admin\\index.js","statementMap":{},"fnMap":{},"branchMap":{},"s":{},"f":{},"b":{},"_coverageSchema":"1a1c01bbd47fc00a2c39e90264f33305004495a9","hash":"379e537c74d44cbc8999f1c3bea465a24e050a9a"}
,"E:\\web-project\\contextOs\\Backend\\src\\admin\\controllers\\adminAuth.controller.js": {"path":"E:\\web-project\\contextOs\\Backend\\src\\admin\\controllers\\adminAuth.controller.js","statementMap":{"0":{"start":{"line":10,"column":21},"end":{"line":10,"column":62}},"1":{"start":{"line":12,"column":32},"end":{"line":18,"column":2}},"2":{"start":{"line":12,"column":39},"end":{"line":18,"column":1}},"3":{"start":{"line":20,"column":23},"end":{"line":29,"column":3}},"4":{"start":{"line":21,"column":2},"end":{"line":29,"column":3}},"5":{"start":{"line":31,"column":23},"end":{"line":36,"column":2}},"6":{"start":{"line":31,"column":35},"end":{"line":36,"column":1}},"7":{"start":{"line":38,"column":21},"end":{"line":105,"column":2}},"8":{"start":{"line":39,"column":16},"end":{"line":39,"column":51}},"9":{"start":{"line":40,"column":23},"end":{"line":40,"column":31}},"10":{"start":{"line":42,"column":16},"end":{"line":42,"column":74}},"11":{"start":{"line":43,"column":2},"end":{"line":45,"column":3}},"12":{"start":{"line":44,"column":4},"end":{"line":44,"column":51}},"13":{"start":{"line":47,"column":14},"end":{"line":47,"column":24}},"14":{"start":{"line":48,"column":2},"end":{"line":59,"column":3}},"15":{"start":{"line":49,"column":4},"end":{"line":54,"column":7}},"16":{"start":{"line":56,"column":4},"end":{"line":58,"column":7}},"17":{"start":{"line":61,"column":26},"end":{"line":61,"column":76}},"18":{"start":{"line":62,"column":2},"end":{"line":83,"column":3}},"19":{"start":{"line":63,"column":4},"end":{"line":63,"column":29}},"20":{"start":{"line":65,"column":4},"end":{"line":68,"column":5}},"21":{"start":{"line":66,"column":6},"end":{"line":66,"column":62}},"22":{"start":{"line":67,"column":6},"end":{"line":67,"column":30}},"23":{"start":{"line":70,"column":4},"end":{"line":70,"column":23}},"24":{"start":{"line":72,"column":4},"end":{"line":80,"column":7}},"25":{"start":{"line":82,"column":4},"end":{"line":82,"column":51}},"26":{"start":{"line":85,"column":2},"end":{"line":85,"column":26}},"27":{"start":{"line":86,"column":2},"end":{"line":86,"column":27}},"28":{"start":{"line":87,"column":2},"end":{"line":87,"column":26}},"29":{"start":{"line":88,"column":2},"end":{"line":88,"column":21}},"30":{"start":{"line":90,"column":16},"end":{"line":90,"column":37}},"31":{"start":{"line":91,"column":2},"end":{"line":91,"column":68}},"32":{"start":{"line":93,"column":2},"end":{"line":98,"column":5}},"33":{"start":{"line":100,"column":2},"end":{"line":104,"column":5}},"34":{"start":{"line":107,"column":22},"end":{"line":116,"column":2}},"35":{"start":{"line":108,"column":2},"end":{"line":112,"column":5}},"36":{"start":{"line":114,"column":2},"end":{"line":114,"column":66}},"37":{"start":{"line":115,"column":2},"end":{"line":115,"column":37}},"38":{"start":{"line":118,"column":18},"end":{"line":132,"column":2}},"39":{"start":{"line":119,"column":16},"end":{"line":119,"column":59}},"40":{"start":{"line":120,"column":2},"end":{"line":122,"column":3}},"41":{"start":{"line":121,"column":4},"end":{"line":121,"column":55}},"42":{"start":{"line":124,"column":2},"end":{"line":129,"column":5}},"43":{"start":{"line":131,"column":2},"end":{"line":131,"column":46}}},"fnMap":{"0":{"name":"(anonymous_0)","decl":{"start":{"line":12,"column":32},"end":{"line":12,"column":33}},"loc":{"start":{"line":12,"column":39},"end":{"line":18,"column":1}},"line":12},"1":{"name":"(anonymous_1)","decl":{"start":{"line":20,"column":23},"end":{"line":20,"column":24}},"loc":{"start":{"line":21,"column":2},"end":{"line":29,"column":3}},"line":21},"2":{"name":"(anonymous_2)","decl":{"start":{"line":31,"column":23},"end":{"line":31,"column":24}},"loc":{"start":{"line":31,"column":35},"end":{"line":36,"column":1}},"line":31},"3":{"name":"(anonymous_3)","decl":{"start":{"line":38,"column":34},"end":{"line":38,"column":35}},"loc":{"start":{"line":38,"column":54},"end":{"line":105,"column":1}},"line":38},"4":{"name":"(anonymous_4)","decl":{"start":{"line":107,"column":35},"end":{"line":107,"column":36}},"loc":{"start":{"line":107,"column":55},"end":{"line":116,"column":1}},"line":107},"5":{"name":"(anonymous_5)","decl":{"start":{"line":118,"column":31},"end":{"line":118,"column":32}},"loc":{"start":{"line":118,"column":51},"end":{"line":132,"column":1}},"line":118}},"branchMap":{"0":{"loc":{"start":{"line":43,"column":2},"end":{"line":45,"column":3}},"type":"if","locations":[{"start":{"line":43,"column":2},"end":{"line":45,"column":3}},{"start":{},"end":{}}],"line":43},"1":{"loc":{"start":{"line":48,"column":2},"end":{"line":59,"column":3}},"type":"if","locations":[{"start":{"line":48,"column":2},"end":{"line":59,"column":3}},{"start":{},"end":{}}],"line":48},"2":{"loc":{"start":{"line":48,"column":6},"end":{"line":48,"column":50}},"type":"binary-expr","locations":[{"start":{"line":48,"column":6},"end":{"line":48,"column":23}},{"start":{"line":48,"column":27},"end":{"line":48,"column":50}}],"line":48},"3":{"loc":{"start":{"line":62,"column":2},"end":{"line":83,"column":3}},"type":"if","locations":[{"start":{"line":62,"column":2},"end":{"line":83,"column":3}},{"start":{},"end":{}}],"line":62},"4":{"loc":{"start":{"line":65,"column":4},"end":{"line":68,"column":5}},"type":"if","locations":[{"start":{"line":65,"column":4},"end":{"line":68,"column":5}},{"start":{},"end":{}}],"line":65},"5":{"loc":{"start":{"line":109,"column":13},"end":{"line":109,"column":46}},"type":"binary-expr","locations":[{"start":{"line":109,"column":13},"end":{"line":109,"column":31}},{"start":{"line":109,"column":35},"end":{"line":109,"column":46}}],"line":109},"6":{"loc":{"start":{"line":120,"column":2},"end":{"line":122,"column":3}},"type":"if","locations":[{"start":{"line":120,"column":2},"end":{"line":122,"column":3}},{"start":{},"end":{}}],"line":120}},"s":{"0":1,"1":1,"2":0,"3":1,"4":0,"5":1,"6":0,"7":1,"8":0,"9":0,"10":0,"11":0,"12":0,"13":0,"14":0,"15":0,"16":0,"17":0,"18":0,"19":0,"20":0,"21":0,"22":0,"23":0,"24":0,"25":0,"26":0,"27":0,"28":0,"29":0,"30":0,"31":0,"32":0,"33":0,"34":1,"35":0,"36":0,"37":0,"38":1,"39":0,"40":0,"41":0,"42":0,"43":0},"f":{"0":0,"1":0,"2":0,"3":0,"4":0,"5":0},"b":{"0":[0,0],"1":[0,0],"2":[0,0],"3":[0,0],"4":[0,0],"5":[0,0],"6":[0,0]},"_coverageSchema":"1a1c01bbd47fc00a2c39e90264f33305004495a9","hash":"383508d4361bb70f43f9bcc8eea95e5071935e76"}
,"E:\\web-project\\contextOs\\Backend\\src\\admin\\controllers\\adminDashboard.controller.js": {"path":"E:\\web-project\\contextOs\\Backend\\src\\admin\\controllers\\adminDashboard.controller.js","statementMap":{"0":{"start":{"line":14,"column":18},"end":{"line":20,"column":4}},"1":{"start":{"line":15,"column":2},"end":{"line":20,"column":4}},"2":{"start":{"line":22,"column":32},"end":{"line":26,"column":2}},"3":{"start":{"line":23,"column":15},"end":{"line":23,"column":43}},"4":{"start":{"line":24,"column":2},"end":{"line":24,"column":52}},"5":{"start":{"line":25,"column":2},"end":{"line":25,"column":29}},"6":{"start":{"line":28,"column":32},"end":{"line":32,"column":2}},"7":{"start":{"line":29,"column":15},"end":{"line":29,"column":43}},"8":{"start":{"line":30,"column":2},"end":{"line":30,"column":52}},"9":{"start":{"line":31,"column":2},"end":{"line":31,"column":29}},"10":{"start":{"line":34,"column":32},"end":{"line":38,"column":2}},"11":{"start":{"line":35,"column":15},"end":{"line":35,"column":43}},"12":{"start":{"line":36,"column":2},"end":{"line":36,"column":53}},"13":{"start":{"line":37,"column":2},"end":{"line":37,"column":29}},"14":{"start":{"line":40,"column":27},"end":{"line":44,"column":2}},"15":{"start":{"line":41,"column":15},"end":{"line":41,"column":38}},"16":{"start":{"line":42,"column":2},"end":{"line":42,"column":47}},"17":{"start":{"line":43,"column":2},"end":{"line":43,"column":29}},"18":{"start":{"line":46,"column":29},"end":{"line":50,"column":2}},"19":{"start":{"line":47,"column":15},"end":{"line":47,"column":40}},"20":{"start":{"line":48,"column":2},"end":{"line":48,"column":49}},"21":{"start":{"line":49,"column":2},"end":{"line":49,"column":29}},"22":{"start":{"line":52,"column":23},"end":{"line":71,"column":2}},"23":{"start":{"line":53,"column":15},"end":{"line":57,"column":4}},"24":{"start":{"line":59,"column":2},"end":{"line":68,"column":5}},"25":{"start":{"line":70,"column":2},"end":{"line":70,"column":29}},"26":{"start":{"line":73,"column":23},"end":{"line":77,"column":2}},"27":{"start":{"line":74,"column":15},"end":{"line":74,"column":34}},"28":{"start":{"line":75,"column":2},"end":{"line":75,"column":42}},"29":{"start":{"line":76,"column":2},"end":{"line":76,"column":29}},"30":{"start":{"line":79,"column":25},"end":{"line":83,"column":2}},"31":{"start":{"line":80,"column":15},"end":{"line":80,"column":36}},"32":{"start":{"line":81,"column":2},"end":{"line":81,"column":44}},"33":{"start":{"line":82,"column":2},"end":{"line":82,"column":29}}},"fnMap":{"0":{"name":"(anonymous_0)","decl":{"start":{"line":14,"column":18},"end":{"line":14,"column":19}},"loc":{"start":{"line":15,"column":2},"end":{"line":20,"column":4}},"line":15},"1":{"name":"(anonymous_1)","decl":{"start":{"line":22,"column":45},"end":{"line":22,"column":46}},"loc":{"start":{"line":22,"column":65},"end":{"line":26,"column":1}},"line":22},"2":{"name":"(anonymous_2)","decl":{"start":{"line":28,"column":45},"end":{"line":28,"column":46}},"loc":{"start":{"line":28,"column":65},"end":{"line":32,"column":1}},"line":28},"3":{"name":"(anonymous_3)","decl":{"start":{"line":34,"column":45},"end":{"line":34,"column":46}},"loc":{"start":{"line":34,"column":65},"end":{"line":38,"column":1}},"line":34},"4":{"name":"(anonymous_4)","decl":{"start":{"line":40,"column":40},"end":{"line":40,"column":41}},"loc":{"start":{"line":40,"column":60},"end":{"line":44,"column":1}},"line":40},"5":{"name":"(anonymous_5)","decl":{"start":{"line":46,"column":42},"end":{"line":46,"column":43}},"loc":{"start":{"line":46,"column":62},"end":{"line":50,"column":1}},"line":46},"6":{"name":"(anonymous_6)","decl":{"start":{"line":52,"column":36},"end":{"line":52,"column":37}},"loc":{"start":{"line":52,"column":56},"end":{"line":71,"column":1}},"line":52},"7":{"name":"(anonymous_7)","decl":{"start":{"line":73,"column":36},"end":{"line":73,"column":37}},"loc":{"start":{"line":73,"column":56},"end":{"line":77,"column":1}},"line":73},"8":{"name":"(anonymous_8)","decl":{"start":{"line":79,"column":38},"end":{"line":79,"column":39}},"loc":{"start":{"line":79,"column":58},"end":{"line":83,"column":1}},"line":79}},"branchMap":{"0":{"loc":{"start":{"line":64,"column":9},"end":{"line":64,"column":26}},"type":"binary-expr","locations":[{"start":{"line":64,"column":9},"end":{"line":64,"column":20}},{"start":{"line":64,"column":24},"end":{"line":64,"column":26}}],"line":64}},"s":{"0":1,"1":0,"2":1,"3":0,"4":0,"5":0,"6":1,"7":0,"8":0,"9":0,"10":1,"11":0,"12":0,"13":0,"14":1,"15":0,"16":0,"17":0,"18":1,"19":0,"20":0,"21":0,"22":1,"23":0,"24":0,"25":0,"26":1,"27":0,"28":0,"29":0,"30":1,"31":0,"32":0,"33":0},"f":{"0":0,"1":0,"2":0,"3":0,"4":0,"5":0,"6":0,"7":0,"8":0},"b":{"0":[0,0]},"_coverageSchema":"1a1c01bbd47fc00a2c39e90264f33305004495a9","hash":"c7e04a97846845bcea2330c85875c7a77e62846b"}
,"E:\\web-project\\contextOs\\Backend\\src\\admin\\middleware\\requireSuperadmin.middleware.js": {"path":"E:\\web-project\\contextOs\\Backend\\src\\admin\\middleware\\requireSuperadmin.middleware.js","statementMap":{"0":{"start":{"line":6,"column":33},"end":{"line":27,"column":1}},"1":{"start":{"line":7,"column":22},"end":{"line":7,"column":62}},"2":{"start":{"line":8,"column":19},"end":{"line":8,"column":53}},"3":{"start":{"line":9,"column":16},"end":{"line":9,"column":39}},"4":{"start":{"line":11,"column":2},"end":{"line":13,"column":3}},"5":{"start":{"line":12,"column":4},"end":{"line":12,"column":73}},"6":{"start":{"line":15,"column":2},"end":{"line":26,"column":3}},"7":{"start":{"line":16,"column":20},"end":{"line":16,"column":57}},"8":{"start":{"line":18,"column":4},"end":{"line":20,"column":5}},"9":{"start":{"line":19,"column":6},"end":{"line":19,"column":67}},"10":{"start":{"line":22,"column":4},"end":{"line":22,"column":28}},"11":{"start":{"line":23,"column":4},"end":{"line":23,"column":18}},"12":{"start":{"line":25,"column":4},"end":{"line":25,"column":69}}},"fnMap":{"0":{"name":"(anonymous_0)","decl":{"start":{"line":6,"column":33},"end":{"line":6,"column":34}},"loc":{"start":{"line":6,"column":54},"end":{"line":27,"column":1}},"line":6}},"branchMap":{"0":{"loc":{"start":{"line":9,"column":16},"end":{"line":9,"column":39}},"type":"binary-expr","locations":[{"start":{"line":9,"column":16},"end":{"line":9,"column":27}},{"start":{"line":9,"column":31},"end":{"line":9,"column":39}}],"line":9},"1":{"loc":{"start":{"line":11,"column":2},"end":{"line":13,"column":3}},"type":"if","locations":[{"start":{"line":11,"column":2},"end":{"line":13,"column":3}},{"start":{},"end":{}}],"line":11},"2":{"loc":{"start":{"line":18,"column":4},"end":{"line":20,"column":5}},"type":"if","locations":[{"start":{"line":18,"column":4},"end":{"line":20,"column":5}},{"start":{},"end":{}}],"line":18}},"s":{"0":1,"1":0,"2":0,"3":0,"4":0,"5":0,"6":0,"7":0,"8":0,"9":0,"10":0,"11":0,"12":0},"f":{"0":0},"b":{"0":[0,0],"1":[0,0],"2":[0,0]},"_coverageSchema":"1a1c01bbd47fc00a2c39e90264f33305004495a9","hash":"a4995bc6b46b12c1d0f52e06bb714cb62c5b6318"}
,"E:\\web-project\\contextOs\\Backend\\src\\admin\\models\\AdminAuditLog.js": {"path":"E:\\web-project\\contextOs\\Backend\\src\\admin\\models\\AdminAuditLog.js","statementMap":{"0":{"start":{"line":3,"column":28},"end":{"line":37,"column":1}},"1":{"start":{"line":39,"column":29},"end":{"line":39,"column":81}}},"fnMap":{},"branchMap":{},"s":{"0":1,"1":1},"f":{},"b":{},"_coverageSchema":"1a1c01bbd47fc00a2c39e90264f33305004495a9","hash":"3a7a7c53956da9afee1447a9b6b11ff7145aafba"}
,"E:\\web-project\\contextOs\\Backend\\src\\admin\\models\\AdminUser.js": {"path":"E:\\web-project\\contextOs\\Backend\\src\\admin\\models\\AdminUser.js","statementMap":{"0":{"start":{"line":3,"column":24},"end":{"line":39,"column":1}},"1":{"start":{"line":41,"column":25},"end":{"line":41,"column":69}}},"fnMap":{},"branchMap":{},"s":{"0":1,"1":1},"f":{},"b":{},"_coverageSchema":"1a1c01bbd47fc00a2c39e90264f33305004495a9","hash":"c872d7b81c666c590e89654a0cd99656e3229a1c"}
,"E:\\web-project\\contextOs\\Backend\\src\\admin\\routes\\admin.routes.js": {"path":"E:\\web-project\\contextOs\\Backend\\src\\admin\\routes\\admin.routes.js","statementMap":{"0":{"start":{"line":6,"column":20},"end":{"line":6,"column":28}},"1":{"start":{"line":8,"column":0},"end":{"line":8,"column":42}},"2":{"start":{"line":9,"column":0},"end":{"line":9,"column":43}}},"fnMap":{},"branchMap":{},"s":{"0":1,"1":1,"2":1},"f":{},"b":{},"_coverageSchema":"1a1c01bbd47fc00a2c39e90264f33305004495a9","hash":"c9b1fabb75d66a2bee648bbd39680db044eb7680"}
,"E:\\web-project\\contextOs\\Backend\\src\\admin\\routes\\adminAuth.routes.js": {"path":"E:\\web-project\\contextOs\\Backend\\src\\admin\\routes\\adminAuth.routes.js","statementMap":{"0":{"start":{"line":12,"column":30},"end":{"line":20,"column":2}},"1":{"start":{"line":22,"column":24},"end":{"line":22,"column":32}},"2":{"start":{"line":24,"column":0},"end":{"line":29,"column":2}},"3":{"start":{"line":30,"column":0},"end":{"line":30,"column":86}},"4":{"start":{"line":31,"column":0},"end":{"line":31,"column":50}}},"fnMap":{},"branchMap":{},"s":{"0":1,"1":1,"2":1,"3":1,"4":1},"f":{},"b":{},"_coverageSchema":"1a1c01bbd47fc00a2c39e90264f33305004495a9","hash":"a9231930094169b8b3348405037560c168f1a418"}
,"E:\\web-project\\contextOs\\Backend\\src\\admin\\routes\\adminDashboard.routes.js": {"path":"E:\\web-project\\contextOs\\Backend\\src\\admin\\routes\\adminDashboard.routes.js","statementMap":{"0":{"start":{"line":17,"column":29},"end":{"line":17,"column":37}},"1":{"start":{"line":19,"column":0},"end":{"line":19,"column":44}},"2":{"start":{"line":21,"column":0},"end":{"line":21,"column":62}},"3":{"start":{"line":22,"column":0},"end":{"line":22,"column":62}},"4":{"start":{"line":23,"column":0},"end":{"line":23,"column":64}},"5":{"start":{"line":24,"column":0},"end":{"line":24,"column":52}},"6":{"start":{"line":25,"column":0},"end":{"line":25,"column":56}},"7":{"start":{"line":26,"column":0},"end":{"line":26,"column":75}},"8":{"start":{"line":27,"column":0},"end":{"line":27,"column":43}},"9":{"start":{"line":28,"column":0},"end":{"line":28,"column":47}}},"fnMap":{},"branchMap":{},"s":{"0":1,"1":1,"2":1,"3":1,"4":1,"5":1,"6":1,"7":1,"8":1,"9":1},"f":{},"b":{},"_coverageSchema":"1a1c01bbd47fc00a2c39e90264f33305004495a9","hash":"1f8d92e89206ee599ddd5303506a7cf7961fcff2"}
,"E:\\web-project\\contextOs\\Backend\\src\\admin\\services\\adminAudit.service.js": {"path":"E:\\web-project\\contextOs\\Backend\\src\\admin\\services\\adminAudit.service.js","statementMap":{"0":{"start":{"line":3,"column":18},"end":{"line":10,"column":1}},"1":{"start":{"line":4,"column":20},"end":{"line":4,"column":50}},"2":{"start":{"line":5,"column":2},"end":{"line":7,"column":3}},"3":{"start":{"line":6,"column":4},"end":{"line":6,"column":42}},"4":{"start":{"line":9,"column":2},"end":{"line":9,"column":58}},"5":{"start":{"line":12,"column":34},"end":{"line":25,"column":1}},"6":{"start":{"line":13,"column":2},"end":{"line":24,"column":3}},"7":{"start":{"line":14,"column":4},"end":{"line":21,"column":7}}},"fnMap":{"0":{"name":"(anonymous_0)","decl":{"start":{"line":3,"column":18},"end":{"line":3,"column":19}},"loc":{"start":{"line":3,"column":27},"end":{"line":10,"column":1}},"line":3},"1":{"name":"(anonymous_1)","decl":{"start":{"line":12,"column":34},"end":{"line":12,"column":35}},"loc":{"start":{"line":12,"column":83},"end":{"line":25,"column":1}},"line":12}},"branchMap":{"0":{"loc":{"start":{"line":5,"column":2},"end":{"line":7,"column":3}},"type":"if","locations":[{"start":{"line":5,"column":2},"end":{"line":7,"column":3}},{"start":{},"end":{}}],"line":5},"1":{"loc":{"start":{"line":5,"column":6},"end":{"line":5,"column":55}},"type":"binary-expr","locations":[{"start":{"line":5,"column":6},"end":{"line":5,"column":35}},{"start":{"line":5,"column":39},"end":{"line":5,"column":55}}],"line":5},"2":{"loc":{"start":{"line":9,"column":9},"end":{"line":9,"column":57}},"type":"binary-expr","locations":[{"start":{"line":9,"column":9},"end":{"line":9,"column":15}},{"start":{"line":9,"column":19},"end":{"line":9,"column":44}},{"start":{"line":9,"column":48},"end":{"line":9,"column":57}}],"line":9},"3":{"loc":{"start":{"line":12,"column":65},"end":{"line":12,"column":76}},"type":"default-arg","locations":[{"start":{"line":12,"column":72},"end":{"line":12,"column":76}}],"line":12},"4":{"loc":{"start":{"line":15,"column":15},"end":{"line":15,"column":37}},"type":"binary-expr","locations":[{"start":{"line":15,"column":15},"end":{"line":15,"column":22}},{"start":{"line":15,"column":26},"end":{"line":15,"column":37}}],"line":15},"5":{"loc":{"start":{"line":18,"column":17},"end":{"line":18,"column":48}},"type":"binary-expr","locations":[{"start":{"line":18,"column":17},"end":{"line":18,"column":42}},{"start":{"line":18,"column":46},"end":{"line":18,"column":48}}],"line":18}},"s":{"0":1,"1":0,"2":0,"3":0,"4":0,"5":1,"6":0,"7":0},"f":{"0":0,"1":0},"b":{"0":[0,0],"1":[0,0],"2":[0,0,0],"3":[0],"4":[0,0],"5":[0,0]},"_coverageSchema":"1a1c01bbd47fc00a2c39e90264f33305004495a9","hash":"38c4d74e2bac841c030291ca161171957670e5ca"}
,"E:\\web-project\\contextOs\\Backend\\src\\admin\\services\\adminDashboardData.service.js": {"path":"E:\\web-project\\contextOs\\Backend\\src\\admin\\services\\adminDashboardData.service.js","statementMap":{"0":{"start":{"line":15,"column":27},"end":{"line":24,"column":1}},"1":{"start":{"line":26,"column":20},"end":{"line":34,"column":1}},"2":{"start":{"line":36,"column":25},"end":{"line":36,"column":30}},"3":{"start":{"line":37,"column":36},"end":{"line":37,"column":41}},"4":{"start":{"line":38,"column":31},"end":{"line":38,"column":37}},"5":{"start":{"line":39,"column":31},"end":{"line":39,"column":36}},"6":{"start":{"line":41,"column":24},"end":{"line":44,"column":1}},"7":{"start":{"line":46,"column":27},"end":{"line":49,"column":1}},"8":{"start":{"line":51,"column":22},"end":{"line":54,"column":1}},"9":{"start":{"line":56,"column":17},"end":{"line":59,"column":1}},"10":{"start":{"line":57,"column":17},"end":{"line":57,"column":30}},"11":{"start":{"line":58,"column":2},"end":{"line":58,"column":53}},"12":{"start":{"line":61,"column":14},"end":{"line":61,"column":70}},"13":{"start":{"line":61,"column":35},"end":{"line":61,"column":70}},"14":{"start":{"line":63,"column":17},"end":{"line":70,"column":1}},"15":{"start":{"line":64,"column":2},"end":{"line":69,"column":3}},"16":{"start":{"line":65,"column":19},"end":{"line":65,"column":32}},"17":{"start":{"line":66,"column":4},"end":{"line":66,"column":37}},"18":{"start":{"line":68,"column":4},"end":{"line":68,"column":14}},"19":{"start":{"line":72,"column":20},"end":{"line":76,"column":1}},"20":{"start":{"line":73,"column":2},"end":{"line":73,"column":36}},"21":{"start":{"line":73,"column":18},"end":{"line":73,"column":36}},"22":{"start":{"line":74,"column":2},"end":{"line":74,"column":35}},"23":{"start":{"line":74,"column":18},"end":{"line":74,"column":35}},"24":{"start":{"line":75,"column":2},"end":{"line":75,"column":19}},"25":{"start":{"line":78,"column":24},"end":{"line":82,"column":1}},"26":{"start":{"line":79,"column":2},"end":{"line":79,"column":30}},"27":{"start":{"line":79,"column":16},"end":{"line":79,"column":30}},"28":{"start":{"line":80,"column":2},"end":{"line":80,"column":37}},"29":{"start":{"line":80,"column":23},"end":{"line":80,"column":37}},"30":{"start":{"line":81,"column":2},"end":{"line":81,"column":19}},"31":{"start":{"line":84,"column":19},"end":{"line":88,"column":1}},"32":{"start":{"line":85,"column":2},"end":{"line":85,"column":30}},"33":{"start":{"line":85,"column":17},"end":{"line":85,"column":30}},"34":{"start":{"line":86,"column":2},"end":{"line":86,"column":32}},"35":{"start":{"line":86,"column":17},"end":{"line":86,"column":32}},"36":{"start":{"line":87,"column":2},"end":{"line":87,"column":14}},"37":{"start":{"line":90,"column":29},"end":{"line":104,"column":1}},"38":{"start":{"line":91,"column":20},"end":{"line":91,"column":53}},"39":{"start":{"line":93,"column":2},"end":{"line":93,"column":58}},"40":{"start":{"line":93,"column":44},"end":{"line":93,"column":58}},"41":{"start":{"line":94,"column":2},"end":{"line":96,"column":3}},"42":{"start":{"line":95,"column":4},"end":{"line":95,"column":23}},"43":{"start":{"line":97,"column":2},"end":{"line":97,"column":60}},"44":{"start":{"line":97,"column":45},"end":{"line":97,"column":60}},"45":{"start":{"line":98,"column":2},"end":{"line":98,"column":98}},"46":{"start":{"line":98,"column":83},"end":{"line":98,"column":98}},"47":{"start":{"line":99,"column":2},"end":{"line":99,"column":68}},"48":{"start":{"line":99,"column":53},"end":{"line":99,"column":68}},"49":{"start":{"line":100,"column":2},"end":{"line":100,"column":64}},"50":{"start":{"line":100,"column":47},"end":{"line":100,"column":64}},"51":{"start":{"line":101,"column":2},"end":{"line":101,"column":58}},"52":{"start":{"line":101,"column":45},"end":{"line":101,"column":58}},"53":{"start":{"line":103,"column":2},"end":{"line":103,"column":19}},"54":{"start":{"line":106,"column":25},"end":{"line":133,"column":1}},"55":{"start":{"line":107,"column":2},"end":{"line":132,"column":3}},"56":{"start":{"line":108,"column":19},"end":{"line":108,"column":35}},"57":{"start":{"line":109,"column":4},"end":{"line":114,"column":5}},"58":{"start":{"line":113,"column":6},"end":{"line":113,"column":18}},"59":{"start":{"line":116,"column":17},"end":{"line":118,"column":18}},"60":{"start":{"line":120,"column":4},"end":{"line":129,"column":6}},"61":{"start":{"line":131,"column":4},"end":{"line":131,"column":16}},"62":{"start":{"line":135,"column":34},"end":{"line":160,"column":1}},"63":{"start":{"line":136,"column":14},"end":{"line":136,"column":24}},"64":{"start":{"line":137,"column":2},"end":{"line":139,"column":3}},"65":{"start":{"line":138,"column":4},"end":{"line":138,"column":35}},"66":{"start":{"line":141,"column":2},"end":{"line":159,"column":3}},"67":{"start":{"line":142,"column":24},"end":{"line":142,"column":75}},"68":{"start":{"line":143,"column":20},"end":{"line":143,"column":55}},"69":{"start":{"line":145,"column":20},"end":{"line":150,"column":38}},"70":{"start":{"line":150,"column":22},"end":{"line":150,"column":37}},"71":{"start":{"line":152,"column":4},"end":{"line":152,"column":29}},"72":{"start":{"line":153,"column":4},"end":{"line":153,"column":38}},"73":{"start":{"line":154,"column":4},"end":{"line":154,"column":19}},"74":{"start":{"line":156,"column":4},"end":{"line":156,"column":29}},"75":{"start":{"line":157,"column":4},"end":{"line":157,"column":33}},"76":{"start":{"line":158,"column":4},"end":{"line":158,"column":14}},"77":{"start":{"line":162,"column":29},"end":{"line":180,"column":1}},"78":{"start":{"line":163,"column":18},"end":{"line":163,"column":20}},"79":{"start":{"line":165,"column":2},"end":{"line":177,"column":3}},"80":{"start":{"line":165,"column":15},"end":{"line":165,"column":17}},"81":{"start":{"line":166,"column":24},"end":{"line":166,"column":48}},"82":{"start":{"line":167,"column":22},"end":{"line":167,"column":40}},"83":{"start":{"line":168,"column":16},"end":{"line":168,"column":17}},"84":{"start":{"line":170,"column":4},"end":{"line":174,"column":5}},"85":{"start":{"line":171,"column":6},"end":{"line":173,"column":7}},"86":{"start":{"line":172,"column":8},"end":{"line":172,"column":19}},"87":{"start":{"line":176,"column":4},"end":{"line":176,"column":24}},"88":{"start":{"line":179,"column":2},"end":{"line":179,"column":17}},"89":{"start":{"line":182,"column":19},"end":{"line":188,"column":1}},"90":{"start":{"line":183,"column":2},"end":{"line":183,"column":62}},"91":{"start":{"line":183,"column":53},"end":{"line":183,"column":62}},"92":{"start":{"line":185,"column":17},"end":{"line":185,"column":50}},"93":{"start":{"line":185,"column":44},"end":{"line":185,"column":49}},"94":{"start":{"line":186,"column":16},"end":{"line":186,"column":64}},"95":{"start":{"line":187,"column":2},"end":{"line":187,"column":35}},"96":{"start":{"line":190,"column":33},"end":{"line":205,"column":1}},"97":{"start":{"line":191,"column":14},"end":{"line":191,"column":23}},"98":{"start":{"line":193,"column":2},"end":{"line":195,"column":3}},"99":{"start":{"line":194,"column":4},"end":{"line":194,"column":25}},"100":{"start":{"line":197,"column":2},"end":{"line":202,"column":3}},"101":{"start":{"line":198,"column":20},"end":{"line":198,"column":52}},"102":{"start":{"line":199,"column":19},"end":{"line":199,"column":41}},"103":{"start":{"line":200,"column":4},"end":{"line":200,"column":38}},"104":{"start":{"line":201,"column":4},"end":{"line":201,"column":40}},"105":{"start":{"line":204,"column":2},"end":{"line":204,"column":13}},"106":{"start":{"line":207,"column":20},"end":{"line":229,"column":1}},"107":{"start":{"line":208,"column":20},"end":{"line":208,"column":30}},"108":{"start":{"line":210,"column":2},"end":{"line":228,"column":3}},"109":{"start":{"line":211,"column":21},"end":{"line":217,"column":5}},"110":{"start":{"line":219,"column":4},"end":{"line":222,"column":6}},"111":{"start":{"line":224,"column":4},"end":{"line":227,"column":6}},"112":{"start":{"line":231,"column":31},"end":{"line":303,"column":1}},"113":{"start":{"line":232,"column":14},"end":{"line":232,"column":24}},"114":{"start":{"line":233,"column":2},"end":{"line":235,"column":3}},"115":{"start":{"line":234,"column":4},"end":{"line":234,"column":38}},"116":{"start":{"line":237,"column":53},"end":{"line":241,"column":4}},"117":{"start":{"line":243,"column":22},"end":{"line":243,"column":38}},"118":{"start":{"line":244,"column":26},"end":{"line":244,"column":46}},"119":{"start":{"line":246,"column":29},"end":{"line":246,"column":38}},"120":{"start":{"line":248,"column":2},"end":{"line":256,"column":3}},"121":{"start":{"line":249,"column":26},"end":{"line":249,"column":49}},"122":{"start":{"line":250,"column":4},"end":{"line":250,"column":33}},"123":{"start":{"line":250,"column":24},"end":{"line":250,"column":33}},"124":{"start":{"line":252,"column":4},"end":{"line":255,"column":7}},"125":{"start":{"line":258,"column":2},"end":{"line":261,"column":5}},"126":{"start":{"line":263,"column":25},"end":{"line":263,"column":65}},"127":{"start":{"line":265,"column":15},"end":{"line":297,"column":4}},"128":{"start":{"line":266,"column":17},"end":{"line":269,"column":5}},"129":{"start":{"line":271,"column":4},"end":{"line":276,"column":5}},"130":{"start":{"line":272,"column":6},"end":{"line":275,"column":34}},"131":{"start":{"line":278,"column":4},"end":{"line":283,"column":5}},"132":{"start":{"line":279,"column":6},"end":{"line":282,"column":38}},"133":{"start":{"line":285,"column":22},"end":{"line":285,"column":55}},"134":{"start":{"line":286,"column":28},"end":{"line":286,"column":82}},"135":{"start":{"line":287,"column":22},"end":{"line":287,"column":80}},"136":{"start":{"line":289,"column":4},"end":{"line":296,"column":6}},"137":{"start":{"line":299,"column":2},"end":{"line":299,"column":30}},"138":{"start":{"line":300,"column":2},"end":{"line":300,"column":36}},"139":{"start":{"line":302,"column":2},"end":{"line":302,"column":14}},"140":{"start":{"line":305,"column":30},"end":{"line":309,"column":1}},"141":{"start":{"line":306,"column":2},"end":{"line":308,"column":3}},"142":{"start":{"line":307,"column":4},"end":{"line":307,"column":33}},"143":{"start":{"line":311,"column":22},"end":{"line":326,"column":1}},"144":{"start":{"line":312,"column":15},"end":{"line":312,"column":17}},"145":{"start":{"line":313,"column":15},"end":{"line":313,"column":18}},"146":{"start":{"line":315,"column":2},"end":{"line":323,"column":27}},"147":{"start":{"line":316,"column":19},"end":{"line":316,"column":84}},"148":{"start":{"line":317,"column":4},"end":{"line":317,"column":23}},"149":{"start":{"line":318,"column":4},"end":{"line":318,"column":28}},"150":{"start":{"line":320,"column":4},"end":{"line":322,"column":5}},"151":{"start":{"line":321,"column":6},"end":{"line":321,"column":12}},"152":{"start":{"line":325,"column":2},"end":{"line":325,"column":14}},"153":{"start":{"line":328,"column":23},"end":{"line":342,"column":1}},"154":{"start":{"line":329,"column":14},"end":{"line":329,"column":23}},"155":{"start":{"line":331,"column":2},"end":{"line":339,"column":3}},"156":{"start":{"line":332,"column":4},"end":{"line":332,"column":48}},"157":{"start":{"line":332,"column":39},"end":{"line":332,"column":48}},"158":{"start":{"line":333,"column":22},"end":{"line":333,"column":39}},"159":{"start":{"line":334,"column":4},"end":{"line":334,"column":32}},"160":{"start":{"line":334,"column":23},"end":{"line":334,"column":32}},"161":{"start":{"line":336,"column":16},"end":{"line":336,"column":47}},"162":{"start":{"line":337,"column":18},"end":{"line":337,"column":50}},"163":{"start":{"line":338,"column":4},"end":{"line":338,"column":24}},"164":{"start":{"line":341,"column":2},"end":{"line":341,"column":13}},"165":{"start":{"line":344,"column":24},"end":{"line":385,"column":1}},"166":{"start":{"line":345,"column":16},"end":{"line":348,"column":4}},"167":{"start":{"line":350,"column":16},"end":{"line":350,"column":29}},"168":{"start":{"line":352,"column":2},"end":{"line":384,"column":3}},"169":{"start":{"line":353,"column":4},"end":{"line":353,"column":26}},"170":{"start":{"line":355,"column":41},"end":{"line":358,"column":6}},"171":{"start":{"line":360,"column":33},"end":{"line":362,"column":5}},"172":{"start":{"line":361,"column":41},"end":{"line":361,"column":92}},"173":{"start":{"line":364,"column":14},"end":{"line":364,"column":16}},"174":{"start":{"line":366,"column":4},"end":{"line":374,"column":5}},"175":{"start":{"line":367,"column":24},"end":{"line":367,"column":48}},"176":{"start":{"line":368,"column":28},"end":{"line":368,"column":51}},"177":{"start":{"line":369,"column":30},"end":{"line":369,"column":71}},"178":{"start":{"line":371,"column":6},"end":{"line":373,"column":7}},"179":{"start":{"line":372,"column":8},"end":{"line":372,"column":47}},"180":{"start":{"line":376,"column":17},"end":{"line":376,"column":94}},"181":{"start":{"line":377,"column":4},"end":{"line":377,"column":24}},"182":{"start":{"line":379,"column":4},"end":{"line":383,"column":5}},"183":{"start":{"line":380,"column":6},"end":{"line":380,"column":31}},"184":{"start":{"line":387,"column":28},"end":{"line":405,"column":4}},"185":{"start":{"line":388,"column":2},"end":{"line":405,"column":4}},"186":{"start":{"line":389,"column":19},"end":{"line":389,"column":44}},"187":{"start":{"line":390,"column":26},"end":{"line":390,"column":39}},"188":{"start":{"line":391,"column":26},"end":{"line":391,"column":40}},"189":{"start":{"line":392,"column":19},"end":{"line":392,"column":61}},"190":{"start":{"line":394,"column":4},"end":{"line":404,"column":6}},"191":{"start":{"line":407,"column":26},"end":{"line":425,"column":4}},"192":{"start":{"line":408,"column":2},"end":{"line":425,"column":4}},"193":{"start":{"line":409,"column":19},"end":{"line":409,"column":59}},"194":{"start":{"line":411,"column":6},"end":{"line":415,"column":16}},"195":{"start":{"line":417,"column":4},"end":{"line":424,"column":6}},"196":{"start":{"line":427,"column":36},"end":{"line":457,"column":1}},"197":{"start":{"line":428,"column":39},"end":{"line":431,"column":4}},"198":{"start":{"line":433,"column":14},"end":{"line":433,"column":24}},"199":{"start":{"line":434,"column":18},"end":{"line":434,"column":59}},"200":{"start":{"line":435,"column":20},"end":{"line":435,"column":68}},"201":{"start":{"line":437,"column":28},"end":{"line":437,"column":40}},"202":{"start":{"line":438,"column":21},"end":{"line":438,"column":84}},"203":{"start":{"line":438,"column":52},"end":{"line":438,"column":83}},"204":{"start":{"line":439,"column":21},"end":{"line":439,"column":88}},"205":{"start":{"line":439,"column":48},"end":{"line":439,"column":80}},"206":{"start":{"line":441,"column":4},"end":{"line":443,"column":9}},"207":{"start":{"line":445,"column":26},"end":{"line":445,"column":42}},"208":{"start":{"line":446,"column":24},"end":{"line":448,"column":52}},"209":{"start":{"line":447,"column":21},"end":{"line":447,"column":50}},"210":{"start":{"line":448,"column":18},"end":{"line":448,"column":51}},"211":{"start":{"line":450,"column":2},"end":{"line":456,"column":4}},"212":{"start":{"line":459,"column":36},"end":{"line":459,"column":72}},"213":{"start":{"line":459,"column":48},"end":{"line":459,"column":72}},"214":{"start":{"line":461,"column":36},"end":{"line":534,"column":1}},"215":{"start":{"line":462,"column":16},"end":{"line":462,"column":71}},"216":{"start":{"line":463,"column":20},"end":{"line":463,"column":52}},"217":{"start":{"line":465,"column":2},"end":{"line":516,"column":3}},"218":{"start":{"line":466,"column":4},"end":{"line":466,"column":34}},"219":{"start":{"line":468,"column":17},"end":{"line":468,"column":53}},"220":{"start":{"line":469,"column":23},"end":{"line":469,"column":48}},"221":{"start":{"line":471,"column":26},"end":{"line":471,"column":49}},"222":{"start":{"line":472,"column":4},"end":{"line":474,"column":5}},"223":{"start":{"line":473,"column":6},"end":{"line":473,"column":31}},"224":{"start":{"line":476,"column":25},"end":{"line":478,"column":10}},"225":{"start":{"line":480,"column":19},"end":{"line":482,"column":22}},"226":{"start":{"line":481,"column":18},"end":{"line":481,"column":45}},"227":{"start":{"line":484,"column":24},"end":{"line":484,"column":26}},"228":{"start":{"line":485,"column":4},"end":{"line":490,"column":5}},"229":{"start":{"line":486,"column":6},"end":{"line":489,"column":15}},"230":{"start":{"line":492,"column":24},"end":{"line":494,"column":5}},"231":{"start":{"line":493,"column":31},"end":{"line":493,"column":67}},"232":{"start":{"line":496,"column":17},"end":{"line":509,"column":6}},"233":{"start":{"line":497,"column":20},"end":{"line":497,"column":47}},"234":{"start":{"line":498,"column":24},"end":{"line":498,"column":61}},"235":{"start":{"line":499,"column":18},"end":{"line":499,"column":64}},"236":{"start":{"line":501,"column":6},"end":{"line":508,"column":8}},"237":{"start":{"line":511,"column":4},"end":{"line":513,"column":5}},"238":{"start":{"line":512,"column":6},"end":{"line":512,"column":61}},"239":{"start":{"line":512,"column":33},"end":{"line":512,"column":46}},"240":{"start":{"line":518,"column":23},"end":{"line":524,"column":11}},"241":{"start":{"line":526,"column":2},"end":{"line":533,"column":6}},"242":{"start":{"line":526,"column":34},"end":{"line":533,"column":3}},"243":{"start":{"line":536,"column":31},"end":{"line":593,"column":1}},"244":{"start":{"line":537,"column":14},"end":{"line":537,"column":24}},"245":{"start":{"line":538,"column":2},"end":{"line":540,"column":3}},"246":{"start":{"line":539,"column":4},"end":{"line":539,"column":33}},"247":{"start":{"line":542,"column":22},"end":{"line":542,"column":38}},"248":{"start":{"line":543,"column":26},"end":{"line":543,"column":46}},"249":{"start":{"line":545,"column":48},"end":{"line":561,"column":4}},"250":{"start":{"line":547,"column":6},"end":{"line":549,"column":7}},"251":{"start":{"line":548,"column":8},"end":{"line":548,"column":17}},"252":{"start":{"line":551,"column":6},"end":{"line":558,"column":7}},"253":{"start":{"line":552,"column":8},"end":{"line":555,"column":11}},"254":{"start":{"line":557,"column":8},"end":{"line":557,"column":20}},"255":{"start":{"line":563,"column":23},"end":{"line":563,"column":42}},"256":{"start":{"line":565,"column":4},"end":{"line":569,"column":33}},"257":{"start":{"line":572,"column":4},"end":{"line":574,"column":34}},"258":{"start":{"line":576,"column":17},"end":{"line":587,"column":3}},"259":{"start":{"line":589,"column":2},"end":{"line":589,"column":25}},"260":{"start":{"line":590,"column":2},"end":{"line":590,"column":33}},"261":{"start":{"line":592,"column":2},"end":{"line":592,"column":16}},"262":{"start":{"line":595,"column":33},"end":{"line":644,"column":1}},"263":{"start":{"line":596,"column":2},"end":{"line":643,"column":3}},"264":{"start":{"line":597,"column":4},"end":{"line":597,"column":34}},"265":{"start":{"line":599,"column":17},"end":{"line":599,"column":42}},"266":{"start":{"line":600,"column":19},"end":{"line":600,"column":39}},"267":{"start":{"line":602,"column":17},"end":{"line":602,"column":57}},"268":{"start":{"line":603,"column":19},"end":{"line":603,"column":61}},"269":{"start":{"line":604,"column":25},"end":{"line":604,"column":38}},"270":{"start":{"line":606,"column":6},"end":{"line":606,"column":77}},"271":{"start":{"line":608,"column":22},"end":{"line":608,"column":60}},"272":{"start":{"line":609,"column":27},"end":{"line":609,"column":63}},"273":{"start":{"line":610,"column":30},"end":{"line":610,"column":76}},"274":{"start":{"line":613,"column":6},"end":{"line":613,"column":97}},"275":{"start":{"line":615,"column":22},"end":{"line":615,"column":66}},"276":{"start":{"line":616,"column":23},"end":{"line":616,"column":92}},"277":{"start":{"line":618,"column":23},"end":{"line":624,"column":38}},"278":{"start":{"line":621,"column":22},"end":{"line":621,"column":49}},"279":{"start":{"line":622,"column":8},"end":{"line":622,"column":52}},"280":{"start":{"line":624,"column":23},"end":{"line":624,"column":37}},"281":{"start":{"line":626,"column":21},"end":{"line":628,"column":9}},"282":{"start":{"line":627,"column":42},"end":{"line":627,"column":53}},"283":{"start":{"line":630,"column":4},"end":{"line":635,"column":6}},"284":{"start":{"line":637,"column":4},"end":{"line":642,"column":6}},"285":{"start":{"line":646,"column":27},"end":{"line":678,"column":1}},"286":{"start":{"line":647,"column":20},"end":{"line":647,"column":54}},"287":{"start":{"line":648,"column":21},"end":{"line":648,"column":53}},"288":{"start":{"line":649,"column":26},"end":{"line":649,"column":62}},"289":{"start":{"line":651,"column":43},"end":{"line":657,"column":4}},"290":{"start":{"line":659,"column":15},"end":{"line":662,"column":71}},"291":{"start":{"line":662,"column":19},"end":{"line":662,"column":70}},"292":{"start":{"line":664,"column":17},"end":{"line":664,"column":21}},"293":{"start":{"line":665,"column":2},"end":{"line":670,"column":3}},"294":{"start":{"line":666,"column":4},"end":{"line":669,"column":7}},"295":{"start":{"line":667,"column":23},"end":{"line":667,"column":77}},"296":{"start":{"line":668,"column":6},"end":{"line":668,"column":62}},"297":{"start":{"line":672,"column":2},"end":{"line":677,"column":4}},"298":{"start":{"line":680,"column":27},"end":{"line":695,"column":1}},"299":{"start":{"line":681,"column":24},"end":{"line":681,"column":54}},"300":{"start":{"line":683,"column":2},"end":{"line":694,"column":9}},"301":{"start":{"line":684,"column":20},"end":{"line":684,"column":21}},"302":{"start":{"line":685,"column":18},"end":{"line":685,"column":51}},"303":{"start":{"line":687,"column":4},"end":{"line":691,"column":6}},"304":{"start":{"line":693,"column":4},"end":{"line":693,"column":15}},"305":{"start":{"line":697,"column":29},"end":{"line":754,"column":1}},"306":{"start":{"line":698,"column":54},"end":{"line":708,"column":4}},"307":{"start":{"line":710,"column":29},"end":{"line":721,"column":5}},"308":{"start":{"line":710,"column":65},"end":{"line":721,"column":3}},"309":{"start":{"line":716,"column":32},"end":{"line":716,"column":50}},"310":{"start":{"line":723,"column":28},"end":{"line":732,"column":5}},"311":{"start":{"line":723,"column":61},"end":{"line":732,"column":3}},"312":{"start":{"line":734,"column":29},"end":{"line":749,"column":7}},"313":{"start":{"line":735,"column":21},"end":{"line":735,"column":90}},"314":{"start":{"line":737,"column":28},"end":{"line":749,"column":5}},"315":{"start":{"line":751,"column":2},"end":{"line":753,"column":18}},"316":{"start":{"line":752,"column":20},"end":{"line":752,"column":71}}},"fnMap":{"0":{"name":"(anonymous_0)","decl":{"start":{"line":56,"column":17},"end":{"line":56,"column":18}},"loc":{"start":{"line":56,"column":42},"end":{"line":59,"column":1}},"line":56},"1":{"name":"(anonymous_1)","decl":{"start":{"line":61,"column":14},"end":{"line":61,"column":15}},"loc":{"start":{"line":61,"column":35},"end":{"line":61,"column":70}},"line":61},"2":{"name":"(anonymous_2)","decl":{"start":{"line":63,"column":17},"end":{"line":63,"column":18}},"loc":{"start":{"line":63,"column":26},"end":{"line":70,"column":1}},"line":63},"3":{"name":"(anonymous_3)","decl":{"start":{"line":72,"column":20},"end":{"line":72,"column":21}},"loc":{"start":{"line":72,"column":27},"end":{"line":76,"column":1}},"line":72},"4":{"name":"(anonymous_4)","decl":{"start":{"line":78,"column":24},"end":{"line":78,"column":25}},"loc":{"start":{"line":78,"column":52},"end":{"line":82,"column":1}},"line":78},"5":{"name":"(anonymous_5)","decl":{"start":{"line":84,"column":19},"end":{"line":84,"column":20}},"loc":{"start":{"line":84,"column":26},"end":{"line":88,"column":1}},"line":84},"6":{"name":"(anonymous_6)","decl":{"start":{"line":90,"column":29},"end":{"line":90,"column":30}},"loc":{"start":{"line":90,"column":38},"end":{"line":104,"column":1}},"line":90},"7":{"name":"(anonymous_7)","decl":{"start":{"line":106,"column":25},"end":{"line":106,"column":26}},"loc":{"start":{"line":106,"column":33},"end":{"line":133,"column":1}},"line":106},"8":{"name":"(anonymous_8)","decl":{"start":{"line":135,"column":34},"end":{"line":135,"column":35}},"loc":{"start":{"line":135,"column":46},"end":{"line":160,"column":1}},"line":135},"9":{"name":"(anonymous_9)","decl":{"start":{"line":150,"column":12},"end":{"line":150,"column":13}},"loc":{"start":{"line":150,"column":22},"end":{"line":150,"column":37}},"line":150},"10":{"name":"(anonymous_10)","decl":{"start":{"line":162,"column":29},"end":{"line":162,"column":30}},"loc":{"start":{"line":162,"column":49},"end":{"line":180,"column":1}},"line":162},"11":{"name":"(anonymous_11)","decl":{"start":{"line":182,"column":19},"end":{"line":182,"column":20}},"loc":{"start":{"line":182,"column":29},"end":{"line":188,"column":1}},"line":182},"12":{"name":"(anonymous_12)","decl":{"start":{"line":185,"column":34},"end":{"line":185,"column":35}},"loc":{"start":{"line":185,"column":44},"end":{"line":185,"column":49}},"line":185},"13":{"name":"(anonymous_13)","decl":{"start":{"line":190,"column":33},"end":{"line":190,"column":34}},"loc":{"start":{"line":190,"column":44},"end":{"line":205,"column":1}},"line":190},"14":{"name":"(anonymous_14)","decl":{"start":{"line":207,"column":20},"end":{"line":207,"column":21}},"loc":{"start":{"line":207,"column":32},"end":{"line":229,"column":1}},"line":207},"15":{"name":"(anonymous_15)","decl":{"start":{"line":231,"column":31},"end":{"line":231,"column":32}},"loc":{"start":{"line":231,"column":43},"end":{"line":303,"column":1}},"line":231},"16":{"name":"(anonymous_16)","decl":{"start":{"line":265,"column":38},"end":{"line":265,"column":39}},"loc":{"start":{"line":265,"column":49},"end":{"line":297,"column":3}},"line":265},"17":{"name":"(anonymous_17)","decl":{"start":{"line":305,"column":30},"end":{"line":305,"column":31}},"loc":{"start":{"line":305,"column":42},"end":{"line":309,"column":1}},"line":305},"18":{"name":"(anonymous_18)","decl":{"start":{"line":311,"column":22},"end":{"line":311,"column":23}},"loc":{"start":{"line":311,"column":39},"end":{"line":326,"column":1}},"line":311},"19":{"name":"(anonymous_19)","decl":{"start":{"line":328,"column":23},"end":{"line":328,"column":24}},"loc":{"start":{"line":328,"column":30},"end":{"line":342,"column":1}},"line":328},"20":{"name":"(anonymous_20)","decl":{"start":{"line":344,"column":24},"end":{"line":344,"column":25}},"loc":{"start":{"line":344,"column":54},"end":{"line":385,"column":1}},"line":344},"21":{"name":"(anonymous_21)","decl":{"start":{"line":361,"column":31},"end":{"line":361,"column":32}},"loc":{"start":{"line":361,"column":41},"end":{"line":361,"column":92}},"line":361},"22":{"name":"(anonymous_22)","decl":{"start":{"line":387,"column":28},"end":{"line":387,"column":29}},"loc":{"start":{"line":388,"column":2},"end":{"line":405,"column":4}},"line":388},"23":{"name":"(anonymous_23)","decl":{"start":{"line":388,"column":26},"end":{"line":388,"column":27}},"loc":{"start":{"line":388,"column":44},"end":{"line":405,"column":3}},"line":388},"24":{"name":"(anonymous_24)","decl":{"start":{"line":407,"column":26},"end":{"line":407,"column":27}},"loc":{"start":{"line":408,"column":2},"end":{"line":425,"column":4}},"line":408},"25":{"name":"(anonymous_25)","decl":{"start":{"line":408,"column":13},"end":{"line":408,"column":14}},"loc":{"start":{"line":408,"column":22},"end":{"line":425,"column":3}},"line":408},"26":{"name":"(anonymous_26)","decl":{"start":{"line":427,"column":36},"end":{"line":427,"column":37}},"loc":{"start":{"line":427,"column":48},"end":{"line":457,"column":1}},"line":427},"27":{"name":"(anonymous_27)","decl":{"start":{"line":438,"column":43},"end":{"line":438,"column":44}},"loc":{"start":{"line":438,"column":52},"end":{"line":438,"column":83}},"line":438},"28":{"name":"(anonymous_28)","decl":{"start":{"line":439,"column":39},"end":{"line":439,"column":40}},"loc":{"start":{"line":439,"column":48},"end":{"line":439,"column":80}},"line":439},"29":{"name":"(anonymous_29)","decl":{"start":{"line":447,"column":12},"end":{"line":447,"column":13}},"loc":{"start":{"line":447,"column":21},"end":{"line":447,"column":50}},"line":447},"30":{"name":"(anonymous_30)","decl":{"start":{"line":448,"column":9},"end":{"line":448,"column":10}},"loc":{"start":{"line":448,"column":18},"end":{"line":448,"column":51}},"line":448},"31":{"name":"(anonymous_31)","decl":{"start":{"line":459,"column":36},"end":{"line":459,"column":37}},"loc":{"start":{"line":459,"column":48},"end":{"line":459,"column":72}},"line":459},"32":{"name":"(anonymous_32)","decl":{"start":{"line":461,"column":36},"end":{"line":461,"column":37}},"loc":{"start":{"line":461,"column":48},"end":{"line":534,"column":1}},"line":461},"33":{"name":"(anonymous_33)","decl":{"start":{"line":481,"column":11},"end":{"line":481,"column":12}},"loc":{"start":{"line":481,"column":18},"end":{"line":481,"column":45}},"line":481},"34":{"name":"(anonymous_34)","decl":{"start":{"line":493,"column":24},"end":{"line":493,"column":25}},"loc":{"start":{"line":493,"column":31},"end":{"line":493,"column":67}},"line":493},"35":{"name":"(anonymous_35)","decl":{"start":{"line":496,"column":32},"end":{"line":496,"column":33}},"loc":{"start":{"line":496,"column":48},"end":{"line":509,"column":5}},"line":496},"36":{"name":"(anonymous_36)","decl":{"start":{"line":512,"column":23},"end":{"line":512,"column":24}},"loc":{"start":{"line":512,"column":33},"end":{"line":512,"column":46}},"line":512},"37":{"name":"(anonymous_37)","decl":{"start":{"line":526,"column":26},"end":{"line":526,"column":27}},"loc":{"start":{"line":526,"column":34},"end":{"line":533,"column":3}},"line":526},"38":{"name":"(anonymous_38)","decl":{"start":{"line":536,"column":31},"end":{"line":536,"column":32}},"loc":{"start":{"line":536,"column":43},"end":{"line":593,"column":1}},"line":536},"39":{"name":"(anonymous_39)","decl":{"start":{"line":546,"column":5},"end":{"line":546,"column":6}},"loc":{"start":{"line":546,"column":17},"end":{"line":559,"column":5}},"line":546},"40":{"name":"(anonymous_40)","decl":{"start":{"line":595,"column":33},"end":{"line":595,"column":34}},"loc":{"start":{"line":595,"column":45},"end":{"line":644,"column":1}},"line":595},"41":{"name":"(anonymous_41)","decl":{"start":{"line":620,"column":11},"end":{"line":620,"column":12}},"loc":{"start":{"line":620,"column":19},"end":{"line":623,"column":7}},"line":620},"42":{"name":"(anonymous_42)","decl":{"start":{"line":624,"column":14},"end":{"line":624,"column":15}},"loc":{"start":{"line":624,"column":23},"end":{"line":624,"column":37}},"line":624},"43":{"name":"(anonymous_43)","decl":{"start":{"line":627,"column":26},"end":{"line":627,"column":27}},"loc":{"start":{"line":627,"column":42},"end":{"line":627,"column":53}},"line":627},"44":{"name":"(anonymous_44)","decl":{"start":{"line":646,"column":27},"end":{"line":646,"column":28}},"loc":{"start":{"line":646,"column":78},"end":{"line":678,"column":1}},"line":646},"45":{"name":"(anonymous_45)","decl":{"start":{"line":662,"column":9},"end":{"line":662,"column":10}},"loc":{"start":{"line":662,"column":19},"end":{"line":662,"column":70}},"line":662},"46":{"name":"(anonymous_46)","decl":{"start":{"line":666,"column":27},"end":{"line":666,"column":28}},"loc":{"start":{"line":666,"column":34},"end":{"line":669,"column":5}},"line":666},"47":{"name":"(anonymous_47)","decl":{"start":{"line":680,"column":27},"end":{"line":680,"column":28}},"loc":{"start":{"line":680,"column":39},"end":{"line":695,"column":1}},"line":680},"48":{"name":"(anonymous_48)","decl":{"start":{"line":683,"column":30},"end":{"line":683,"column":31}},"loc":{"start":{"line":683,"column":48},"end":{"line":694,"column":3}},"line":683},"49":{"name":"(anonymous_49)","decl":{"start":{"line":697,"column":29},"end":{"line":697,"column":30}},"loc":{"start":{"line":697,"column":41},"end":{"line":754,"column":1}},"line":697},"50":{"name":"(anonymous_50)","decl":{"start":{"line":710,"column":47},"end":{"line":710,"column":48}},"loc":{"start":{"line":710,"column":65},"end":{"line":721,"column":3}},"line":710},"51":{"name":"(anonymous_51)","decl":{"start":{"line":716,"column":24},"end":{"line":716,"column":25}},"loc":{"start":{"line":716,"column":32},"end":{"line":716,"column":50}},"line":716},"52":{"name":"(anonymous_52)","decl":{"start":{"line":723,"column":43},"end":{"line":723,"column":44}},"loc":{"start":{"line":723,"column":61},"end":{"line":732,"column":3}},"line":723},"53":{"name":"(anonymous_53)","decl":{"start":{"line":735,"column":12},"end":{"line":735,"column":13}},"loc":{"start":{"line":735,"column":21},"end":{"line":735,"column":90}},"line":735},"54":{"name":"(anonymous_54)","decl":{"start":{"line":737,"column":9},"end":{"line":737,"column":10}},"loc":{"start":{"line":737,"column":28},"end":{"line":749,"column":5}},"line":737},"55":{"name":"(anonymous_55)","decl":{"start":{"line":752,"column":10},"end":{"line":752,"column":11}},"loc":{"start":{"line":752,"column":20},"end":{"line":752,"column":71}},"line":752}},"branchMap":{"0":{"loc":{"start":{"line":56,"column":25},"end":{"line":56,"column":37}},"type":"default-arg","locations":[{"start":{"line":56,"column":36},"end":{"line":56,"column":37}}],"line":56},"1":{"loc":{"start":{"line":58,"column":9},"end":{"line":58,"column":52}},"type":"cond-expr","locations":[{"start":{"line":58,"column":35},"end":{"line":58,"column":41}},{"start":{"line":58,"column":44},"end":{"line":58,"column":52}}],"line":58},"2":{"loc":{"start":{"line":66,"column":11},"end":{"line":66,"column":36}},"type":"cond-expr","locations":[{"start":{"line":66,"column":25},"end":{"line":66,"column":27}},{"start":{"line":66,"column":30},"end":{"line":66,"column":36}}],"line":66},"3":{"loc":{"start":{"line":73,"column":2},"end":{"line":73,"column":36}},"type":"if","locations":[{"start":{"line":73,"column":2},"end":{"line":73,"column":36}},{"start":{},"end":{}}],"line":73},"4":{"loc":{"start":{"line":74,"column":2},"end":{"line":74,"column":35}},"type":"if","locations":[{"start":{"line":74,"column":2},"end":{"line":74,"column":35}},{"start":{},"end":{}}],"line":74},"5":{"loc":{"start":{"line":79,"column":2},"end":{"line":79,"column":30}},"type":"if","locations":[{"start":{"line":79,"column":2},"end":{"line":79,"column":30}},{"start":{},"end":{}}],"line":79},"6":{"loc":{"start":{"line":80,"column":2},"end":{"line":80,"column":37}},"type":"if","locations":[{"start":{"line":80,"column":2},"end":{"line":80,"column":37}},{"start":{},"end":{}}],"line":80},"7":{"loc":{"start":{"line":85,"column":2},"end":{"line":85,"column":30}},"type":"if","locations":[{"start":{"line":85,"column":2},"end":{"line":85,"column":30}},{"start":{},"end":{}}],"line":85},"8":{"loc":{"start":{"line":86,"column":2},"end":{"line":86,"column":32}},"type":"if","locations":[{"start":{"line":86,"column":2},"end":{"line":86,"column":32}},{"start":{},"end":{}}],"line":86},"9":{"loc":{"start":{"line":91,"column":27},"end":{"line":91,"column":38}},"type":"binary-expr","locations":[{"start":{"line":91,"column":27},"end":{"line":91,"column":32}},{"start":{"line":91,"column":36},"end":{"line":91,"column":38}}],"line":91},"10":{"loc":{"start":{"line":93,"column":2},"end":{"line":93,"column":58}},"type":"if","locations":[{"start":{"line":93,"column":2},"end":{"line":93,"column":58}},{"start":{},"end":{}}],"line":93},"11":{"loc":{"start":{"line":94,"column":2},"end":{"line":96,"column":3}},"type":"if","locations":[{"start":{"line":94,"column":2},"end":{"line":96,"column":3}},{"start":{},"end":{}}],"line":94},"12":{"loc":{"start":{"line":94,"column":6},"end":{"line":94,"column":93}},"type":"binary-expr","locations":[{"start":{"line":94,"column":6},"end":{"line":94,"column":49}},{"start":{"line":94,"column":53},"end":{"line":94,"column":93}}],"line":94},"13":{"loc":{"start":{"line":97,"column":2},"end":{"line":97,"column":60}},"type":"if","locations":[{"start":{"line":97,"column":2},"end":{"line":97,"column":60}},{"start":{},"end":{}}],"line":97},"14":{"loc":{"start":{"line":98,"column":2},"end":{"line":98,"column":98}},"type":"if","locations":[{"start":{"line":98,"column":2},"end":{"line":98,"column":98}},{"start":{},"end":{}}],"line":98},"15":{"loc":{"start":{"line":98,"column":6},"end":{"line":98,"column":81}},"type":"binary-expr","locations":[{"start":{"line":98,"column":6},"end":{"line":98,"column":43}},{"start":{"line":98,"column":47},"end":{"line":98,"column":81}}],"line":98},"16":{"loc":{"start":{"line":99,"column":2},"end":{"line":99,"column":68}},"type":"if","locations":[{"start":{"line":99,"column":2},"end":{"line":99,"column":68}},{"start":{},"end":{}}],"line":99},"17":{"loc":{"start":{"line":100,"column":2},"end":{"line":100,"column":64}},"type":"if","locations":[{"start":{"line":100,"column":2},"end":{"line":100,"column":64}},{"start":{},"end":{}}],"line":100},"18":{"loc":{"start":{"line":101,"column":2},"end":{"line":101,"column":58}},"type":"if","locations":[{"start":{"line":101,"column":2},"end":{"line":101,"column":58}},{"start":{},"end":{}}],"line":101},"19":{"loc":{"start":{"line":109,"column":4},"end":{"line":114,"column":5}},"type":"if","locations":[{"start":{"line":109,"column":4},"end":{"line":114,"column":5}},{"start":{},"end":{}}],"line":109},"20":{"loc":{"start":{"line":110,"column":6},"end":{"line":111,"column":40}},"type":"binary-expr","locations":[{"start":{"line":110,"column":6},"end":{"line":110,"column":49}},{"start":{"line":111,"column":6},"end":{"line":111,"column":40}}],"line":110},"21":{"loc":{"start":{"line":116,"column":17},"end":{"line":118,"column":18}},"type":"cond-expr","locations":[{"start":{"line":117,"column":8},"end":{"line":117,"column":36}},{"start":{"line":118,"column":8},"end":{"line":118,"column":18}}],"line":116},"22":{"loc":{"start":{"line":123,"column":21},"end":{"line":123,"column":43}},"type":"binary-expr","locations":[{"start":{"line":123,"column":21},"end":{"line":123,"column":34}},{"start":{"line":123,"column":38},"end":{"line":123,"column":43}}],"line":123},"23":{"loc":{"start":{"line":124,"column":19},"end":{"line":124,"column":37}},"type":"binary-expr","locations":[{"start":{"line":124,"column":19},"end":{"line":124,"column":30}},{"start":{"line":124,"column":34},"end":{"line":124,"column":37}}],"line":124},"24":{"loc":{"start":{"line":127,"column":28},"end":{"line":127,"column":55}},"type":"binary-expr","locations":[{"start":{"line":127,"column":28},"end":{"line":127,"column":48}},{"start":{"line":127,"column":52},"end":{"line":127,"column":55}}],"line":127},"25":{"loc":{"start":{"line":128,"column":20},"end":{"line":128,"column":44}},"type":"binary-expr","locations":[{"start":{"line":128,"column":20},"end":{"line":128,"column":32}},{"start":{"line":128,"column":36},"end":{"line":128,"column":44}}],"line":128},"26":{"loc":{"start":{"line":137,"column":2},"end":{"line":139,"column":3}},"type":"if","locations":[{"start":{"line":137,"column":2},"end":{"line":139,"column":3}},{"start":{},"end":{}}],"line":137},"27":{"loc":{"start":{"line":171,"column":6},"end":{"line":173,"column":7}},"type":"if","locations":[{"start":{"line":171,"column":6},"end":{"line":173,"column":7}},{"start":{},"end":{}}],"line":171},"28":{"loc":{"start":{"line":171,"column":10},"end":{"line":171,"column":61}},"type":"binary-expr","locations":[{"start":{"line":171,"column":10},"end":{"line":171,"column":35}},{"start":{"line":171,"column":39},"end":{"line":171,"column":61}}],"line":171},"29":{"loc":{"start":{"line":183,"column":2},"end":{"line":183,"column":62}},"type":"if","locations":[{"start":{"line":183,"column":2},"end":{"line":183,"column":62}},{"start":{},"end":{}}],"line":183},"30":{"loc":{"start":{"line":183,"column":6},"end":{"line":183,"column":51}},"type":"binary-expr","locations":[{"start":{"line":183,"column":6},"end":{"line":183,"column":28}},{"start":{"line":183,"column":32},"end":{"line":183,"column":51}}],"line":183},"31":{"loc":{"start":{"line":199,"column":19},"end":{"line":199,"column":41}},"type":"binary-expr","locations":[{"start":{"line":199,"column":19},"end":{"line":199,"column":35}},{"start":{"line":199,"column":39},"end":{"line":199,"column":41}}],"line":199},"32":{"loc":{"start":{"line":233,"column":2},"end":{"line":235,"column":3}},"type":"if","locations":[{"start":{"line":233,"column":2},"end":{"line":235,"column":3}},{"start":{},"end":{}}],"line":233},"33":{"loc":{"start":{"line":248,"column":22},"end":{"line":248,"column":46}},"type":"binary-expr","locations":[{"start":{"line":248,"column":22},"end":{"line":248,"column":40}},{"start":{"line":248,"column":44},"end":{"line":248,"column":46}}],"line":248},"34":{"loc":{"start":{"line":250,"column":4},"end":{"line":250,"column":33}},"type":"if","locations":[{"start":{"line":250,"column":4},"end":{"line":250,"column":33}},{"start":{},"end":{}}],"line":250},"35":{"loc":{"start":{"line":266,"column":17},"end":{"line":269,"column":5}},"type":"binary-expr","locations":[{"start":{"line":266,"column":17},"end":{"line":266,"column":48}},{"start":{"line":266,"column":52},"end":{"line":269,"column":5}}],"line":266},"36":{"loc":{"start":{"line":271,"column":4},"end":{"line":276,"column":5}},"type":"if","locations":[{"start":{"line":271,"column":4},"end":{"line":276,"column":5}},{"start":{},"end":{}}],"line":271},"37":{"loc":{"start":{"line":273,"column":8},"end":{"line":275,"column":33}},"type":"binary-expr","locations":[{"start":{"line":273,"column":8},"end":{"line":273,"column":20}},{"start":{"line":274,"column":8},"end":{"line":274,"column":37}},{"start":{"line":275,"column":8},"end":{"line":275,"column":33}}],"line":273},"38":{"loc":{"start":{"line":278,"column":4},"end":{"line":283,"column":5}},"type":"if","locations":[{"start":{"line":278,"column":4},"end":{"line":283,"column":5}},{"start":{},"end":{}}],"line":278},"39":{"loc":{"start":{"line":280,"column":8},"end":{"line":282,"column":37}},"type":"binary-expr","locations":[{"start":{"line":280,"column":8},"end":{"line":280,"column":20}},{"start":{"line":281,"column":8},"end":{"line":281,"column":41}},{"start":{"line":282,"column":8},"end":{"line":282,"column":37}}],"line":280},"40":{"loc":{"start":{"line":285,"column":22},"end":{"line":285,"column":55}},"type":"binary-expr","locations":[{"start":{"line":285,"column":22},"end":{"line":285,"column":49}},{"start":{"line":285,"column":53},"end":{"line":285,"column":55}}],"line":285},"41":{"loc":{"start":{"line":286,"column":28},"end":{"line":286,"column":82}},"type":"cond-expr","locations":[{"start":{"line":286,"column":47},"end":{"line":286,"column":78}},{"start":{"line":286,"column":81},"end":{"line":286,"column":82}}],"line":286},"42":{"loc":{"start":{"line":287,"column":45},"end":{"line":287,"column":78}},"type":"binary-expr","locations":[{"start":{"line":287,"column":45},"end":{"line":287,"column":59}},{"start":{"line":287,"column":63},"end":{"line":287,"column":78}}],"line":287},"43":{"loc":{"start":{"line":294,"column":14},"end":{"line":294,"column":48}},"type":"cond-expr","locations":[{"start":{"line":294,"column":29},"end":{"line":294,"column":38}},{"start":{"line":294,"column":41},"end":{"line":294,"column":48}}],"line":294},"44":{"loc":{"start":{"line":306,"column":2},"end":{"line":308,"column":3}},"type":"if","locations":[{"start":{"line":306,"column":2},"end":{"line":308,"column":3}},{"start":{},"end":{}}],"line":306},"45":{"loc":{"start":{"line":320,"column":4},"end":{"line":322,"column":5}},"type":"if","locations":[{"start":{"line":320,"column":4},"end":{"line":322,"column":5}},{"start":{},"end":{}}],"line":320},"46":{"loc":{"start":{"line":331,"column":28},"end":{"line":331,"column":37}},"type":"binary-expr","locations":[{"start":{"line":331,"column":28},"end":{"line":331,"column":31}},{"start":{"line":331,"column":35},"end":{"line":331,"column":37}}],"line":331},"47":{"loc":{"start":{"line":332,"column":4},"end":{"line":332,"column":48}},"type":"if","locations":[{"start":{"line":332,"column":4},"end":{"line":332,"column":48}},{"start":{},"end":{}}],"line":332},"48":{"loc":{"start":{"line":332,"column":8},"end":{"line":332,"column":37}},"type":"binary-expr","locations":[{"start":{"line":332,"column":8},"end":{"line":332,"column":13}},{"start":{"line":332,"column":17},"end":{"line":332,"column":37}}],"line":332},"49":{"loc":{"start":{"line":334,"column":4},"end":{"line":334,"column":32}},"type":"if","locations":[{"start":{"line":334,"column":4},"end":{"line":334,"column":32}},{"start":{},"end":{}}],"line":334},"50":{"loc":{"start":{"line":361,"column":7},"end":{"line":361,"column":25}},"type":"binary-expr","locations":[{"start":{"line":361,"column":7},"end":{"line":361,"column":19}},{"start":{"line":361,"column":23},"end":{"line":361,"column":25}}],"line":361},"51":{"loc":{"start":{"line":366,"column":25},"end":{"line":366,"column":43}},"type":"binary-expr","locations":[{"start":{"line":366,"column":25},"end":{"line":366,"column":37}},{"start":{"line":366,"column":41},"end":{"line":366,"column":43}}],"line":366},"52":{"loc":{"start":{"line":369,"column":30},"end":{"line":369,"column":71}},"type":"binary-expr","locations":[{"start":{"line":369,"column":30},"end":{"line":369,"column":65}},{"start":{"line":369,"column":69},"end":{"line":369,"column":71}}],"line":369},"53":{"loc":{"start":{"line":371,"column":6},"end":{"line":373,"column":7}},"type":"if","locations":[{"start":{"line":371,"column":6},"end":{"line":373,"column":7}},{"start":{},"end":{}}],"line":371},"54":{"loc":{"start":{"line":376,"column":17},"end":{"line":376,"column":94}},"type":"cond-expr","locations":[{"start":{"line":376,"column":57},"end":{"line":376,"column":88}},{"start":{"line":376,"column":91},"end":{"line":376,"column":94}}],"line":376},"55":{"loc":{"start":{"line":397,"column":8},"end":{"line":399,"column":54}},"type":"cond-expr","locations":[{"start":{"line":398,"column":12},"end":{"line":398,"column":31}},{"start":{"line":399,"column":12},"end":{"line":399,"column":54}}],"line":397},"56":{"loc":{"start":{"line":397,"column":8},"end":{"line":397,"column":58}},"type":"binary-expr","locations":[{"start":{"line":397,"column":8},"end":{"line":397,"column":27}},{"start":{"line":397,"column":31},"end":{"line":397,"column":58}}],"line":397},"57":{"loc":{"start":{"line":401,"column":11},"end":{"line":401,"column":70}},"type":"cond-expr","locations":[{"start":{"line":401,"column":48},"end":{"line":401,"column":59}},{"start":{"line":401,"column":62},"end":{"line":401,"column":70}}],"line":401},"58":{"loc":{"start":{"line":401,"column":11},"end":{"line":401,"column":45}},"type":"binary-expr","locations":[{"start":{"line":401,"column":11},"end":{"line":401,"column":22}},{"start":{"line":401,"column":26},"end":{"line":401,"column":45}}],"line":401},"59":{"loc":{"start":{"line":403,"column":11},"end":{"line":403,"column":81}},"type":"cond-expr","locations":[{"start":{"line":403,"column":27},"end":{"line":403,"column":32}},{"start":{"line":403,"column":35},"end":{"line":403,"column":81}}],"line":403},"60":{"loc":{"start":{"line":403,"column":35},"end":{"line":403,"column":81}},"type":"cond-expr","locations":[{"start":{"line":403,"column":51},"end":{"line":403,"column":56}},{"start":{"line":403,"column":59},"end":{"line":403,"column":81}}],"line":403},"61":{"loc":{"start":{"line":403,"column":59},"end":{"line":403,"column":81}},"type":"cond-expr","locations":[{"start":{"line":403,"column":68},"end":{"line":403,"column":74}},{"start":{"line":403,"column":77},"end":{"line":403,"column":81}}],"line":403},"62":{"loc":{"start":{"line":409,"column":26},"end":{"line":409,"column":44}},"type":"binary-expr","locations":[{"start":{"line":409,"column":26},"end":{"line":409,"column":38}},{"start":{"line":409,"column":42},"end":{"line":409,"column":44}}],"line":409},"63":{"loc":{"start":{"line":411,"column":6},"end":{"line":415,"column":16}},"type":"cond-expr","locations":[{"start":{"line":412,"column":10},"end":{"line":412,"column":15}},{"start":{"line":413,"column":10},"end":{"line":415,"column":16}}],"line":411},"64":{"loc":{"start":{"line":411,"column":6},"end":{"line":411,"column":60}},"type":"binary-expr","locations":[{"start":{"line":411,"column":6},"end":{"line":411,"column":31}},{"start":{"line":411,"column":35},"end":{"line":411,"column":60}}],"line":411},"65":{"loc":{"start":{"line":413,"column":10},"end":{"line":415,"column":16}},"type":"cond-expr","locations":[{"start":{"line":414,"column":12},"end":{"line":414,"column":18}},{"start":{"line":415,"column":12},"end":{"line":415,"column":16}}],"line":413},"66":{"loc":{"start":{"line":418,"column":19},"end":{"line":418,"column":41}},"type":"binary-expr","locations":[{"start":{"line":418,"column":19},"end":{"line":418,"column":27}},{"start":{"line":418,"column":31},"end":{"line":418,"column":41}}],"line":418},"67":{"loc":{"start":{"line":421,"column":11},"end":{"line":421,"column":39}},"type":"binary-expr","locations":[{"start":{"line":421,"column":11},"end":{"line":421,"column":28}},{"start":{"line":421,"column":32},"end":{"line":421,"column":39}}],"line":421},"68":{"loc":{"start":{"line":435,"column":20},"end":{"line":435,"column":68}},"type":"cond-expr","locations":[{"start":{"line":435,"column":37},"end":{"line":435,"column":64}},{"start":{"line":435,"column":67},"end":{"line":435,"column":68}}],"line":435},"69":{"loc":{"start":{"line":441,"column":4},"end":{"line":443,"column":9}},"type":"cond-expr","locations":[{"start":{"line":442,"column":8},"end":{"line":442,"column":67}},{"start":{"line":443,"column":8},"end":{"line":443,"column":9}}],"line":441},"70":{"loc":{"start":{"line":476,"column":25},"end":{"line":478,"column":10}},"type":"cond-expr","locations":[{"start":{"line":477,"column":8},"end":{"line":477,"column":34}},{"start":{"line":478,"column":8},"end":{"line":478,"column":10}}],"line":476},"71":{"loc":{"start":{"line":485,"column":4},"end":{"line":490,"column":5}},"type":"if","locations":[{"start":{"line":485,"column":4},"end":{"line":490,"column":5}},{"start":{},"end":{}}],"line":485},"72":{"loc":{"start":{"line":493,"column":44},"end":{"line":493,"column":66}},"type":"binary-expr","locations":[{"start":{"line":493,"column":44},"end":{"line":493,"column":52}},{"start":{"line":493,"column":56},"end":{"line":493,"column":66}}],"line":493},"73":{"loc":{"start":{"line":503,"column":14},"end":{"line":503,"column":45}},"type":"binary-expr","locations":[{"start":{"line":503,"column":14},"end":{"line":503,"column":36}},{"start":{"line":503,"column":40},"end":{"line":503,"column":45}}],"line":503},"74":{"loc":{"start":{"line":511,"column":4},"end":{"line":513,"column":5}},"type":"if","locations":[{"start":{"line":511,"column":4},"end":{"line":513,"column":5}},{"start":{},"end":{}}],"line":511},"75":{"loc":{"start":{"line":538,"column":2},"end":{"line":540,"column":3}},"type":"if","locations":[{"start":{"line":538,"column":2},"end":{"line":540,"column":3}},{"start":{},"end":{}}],"line":538},"76":{"loc":{"start":{"line":547,"column":6},"end":{"line":549,"column":7}},"type":"if","locations":[{"start":{"line":547,"column":6},"end":{"line":549,"column":7}},{"start":{},"end":{}}],"line":547},"77":{"loc":{"start":{"line":547,"column":10},"end":{"line":547,"column":45}},"type":"binary-expr","locations":[{"start":{"line":547,"column":10},"end":{"line":547,"column":28}},{"start":{"line":547,"column":32},"end":{"line":547,"column":45}}],"line":547},"78":{"loc":{"start":{"line":563,"column":23},"end":{"line":563,"column":42}},"type":"binary-expr","locations":[{"start":{"line":563,"column":23},"end":{"line":563,"column":37}},{"start":{"line":563,"column":41},"end":{"line":563,"column":42}}],"line":563},"79":{"loc":{"start":{"line":565,"column":4},"end":{"line":569,"column":33}},"type":"cond-expr","locations":[{"start":{"line":566,"column":8},"end":{"line":568,"column":20}},{"start":{"line":569,"column":8},"end":{"line":569,"column":33}}],"line":565},"80":{"loc":{"start":{"line":566,"column":8},"end":{"line":568,"column":20}},"type":"cond-expr","locations":[{"start":{"line":567,"column":10},"end":{"line":567,"column":19}},{"start":{"line":568,"column":10},"end":{"line":568,"column":20}}],"line":566},"81":{"loc":{"start":{"line":566,"column":8},"end":{"line":566,"column":68}},"type":"binary-expr","locations":[{"start":{"line":566,"column":8},"end":{"line":566,"column":34}},{"start":{"line":566,"column":38},"end":{"line":566,"column":68}}],"line":566},"82":{"loc":{"start":{"line":572,"column":4},"end":{"line":574,"column":34}},"type":"cond-expr","locations":[{"start":{"line":573,"column":8},"end":{"line":573,"column":46}},{"start":{"line":574,"column":8},"end":{"line":574,"column":34}}],"line":572},"83":{"loc":{"start":{"line":606,"column":6},"end":{"line":606,"column":77}},"type":"cond-expr","locations":[{"start":{"line":606,"column":25},"end":{"line":606,"column":73}},{"start":{"line":606,"column":76},"end":{"line":606,"column":77}}],"line":606},"84":{"loc":{"start":{"line":613,"column":6},"end":{"line":613,"column":97}},"type":"cond-expr","locations":[{"start":{"line":613,"column":27},"end":{"line":613,"column":41}},{"start":{"line":613,"column":44},"end":{"line":613,"column":97}}],"line":613},"85":{"loc":{"start":{"line":613,"column":44},"end":{"line":613,"column":97}},"type":"cond-expr","locations":[{"start":{"line":613,"column":68},"end":{"line":613,"column":85}},{"start":{"line":613,"column":88},"end":{"line":613,"column":97}}],"line":613},"86":{"loc":{"start":{"line":622,"column":15},"end":{"line":622,"column":51}},"type":"cond-expr","locations":[{"start":{"line":622,"column":23},"end":{"line":622,"column":44}},{"start":{"line":622,"column":47},"end":{"line":622,"column":51}}],"line":622},"87":{"loc":{"start":{"line":626,"column":21},"end":{"line":628,"column":9}},"type":"cond-expr","locations":[{"start":{"line":627,"column":8},"end":{"line":627,"column":77}},{"start":{"line":628,"column":8},"end":{"line":628,"column":9}}],"line":626},"88":{"loc":{"start":{"line":646,"column":34},"end":{"line":646,"column":73}},"type":"default-arg","locations":[{"start":{"line":646,"column":71},"end":{"line":646,"column":73}}],"line":646},"89":{"loc":{"start":{"line":646,"column":36},"end":{"line":646,"column":42}},"type":"default-arg","locations":[{"start":{"line":646,"column":40},"end":{"line":646,"column":42}}],"line":646},"90":{"loc":{"start":{"line":646,"column":44},"end":{"line":646,"column":54}},"type":"default-arg","locations":[{"start":{"line":646,"column":52},"end":{"line":646,"column":54}}],"line":646},"91":{"loc":{"start":{"line":646,"column":56},"end":{"line":646,"column":66}},"type":"default-arg","locations":[{"start":{"line":646,"column":65},"end":{"line":646,"column":66}}],"line":646},"92":{"loc":{"start":{"line":649,"column":33},"end":{"line":649,"column":40}},"type":"binary-expr","locations":[{"start":{"line":649,"column":33},"end":{"line":649,"column":34}},{"start":{"line":649,"column":38},"end":{"line":649,"column":40}}],"line":649},"93":{"loc":{"start":{"line":665,"column":2},"end":{"line":670,"column":3}},"type":"if","locations":[{"start":{"line":665,"column":2},"end":{"line":670,"column":3}},{"start":{},"end":{}}],"line":665},"94":{"loc":{"start":{"line":685,"column":18},"end":{"line":685,"column":51}},"type":"cond-expr","locations":[{"start":{"line":685,"column":46},"end":{"line":685,"column":47}},{"start":{"line":685,"column":50},"end":{"line":685,"column":51}}],"line":685},"95":{"loc":{"start":{"line":711,"column":24},"end":{"line":711,"column":41}},"type":"binary-expr","locations":[{"start":{"line":711,"column":24},"end":{"line":711,"column":32}},{"start":{"line":711,"column":36},"end":{"line":711,"column":41}}],"line":711},"96":{"loc":{"start":{"line":712,"column":10},"end":{"line":712,"column":37}},"type":"binary-expr","locations":[{"start":{"line":712,"column":10},"end":{"line":712,"column":19}},{"start":{"line":712,"column":23},"end":{"line":712,"column":37}}],"line":712},"97":{"loc":{"start":{"line":713,"column":14},"end":{"line":713,"column":64}},"type":"cond-expr","locations":[{"start":{"line":713,"column":42},"end":{"line":713,"column":52}},{"start":{"line":713,"column":55},"end":{"line":713,"column":64}}],"line":713},"98":{"loc":{"start":{"line":714,"column":18},"end":{"line":714,"column":51}},"type":"binary-expr","locations":[{"start":{"line":714,"column":18},"end":{"line":714,"column":27}},{"start":{"line":714,"column":31},"end":{"line":714,"column":51}}],"line":714},"99":{"loc":{"start":{"line":717,"column":12},"end":{"line":717,"column":58}},"type":"binary-expr","locations":[{"start":{"line":717,"column":12},"end":{"line":717,"column":24}},{"start":{"line":717,"column":28},"end":{"line":717,"column":58}}],"line":717},"100":{"loc":{"start":{"line":718,"column":9},"end":{"line":718,"column":32}},"type":"binary-expr","locations":[{"start":{"line":718,"column":9},"end":{"line":718,"column":20}},{"start":{"line":718,"column":24},"end":{"line":718,"column":32}}],"line":718},"101":{"loc":{"start":{"line":719,"column":8},"end":{"line":719,"column":63}},"type":"binary-expr","locations":[{"start":{"line":719,"column":8},"end":{"line":719,"column":25}},{"start":{"line":719,"column":29},"end":{"line":719,"column":57}},{"start":{"line":719,"column":61},"end":{"line":719,"column":63}}],"line":719},"102":{"loc":{"start":{"line":720,"column":17},"end":{"line":720,"column":45}},"type":"binary-expr","locations":[{"start":{"line":720,"column":17},"end":{"line":720,"column":31}},{"start":{"line":720,"column":35},"end":{"line":720,"column":45}}],"li
[...]
,"E:\\web-project\\contextOs\\Backend\\src\\notifications\\validators\\notification.schemas.js": {"path":"E:\\web-project\\contextOs\\Backend\\src\\notifications\\validators\\notification.schemas.js","statementMap":{"0":{"start":{"line":3,"column":27},"end":{"line":11,"column":15}},"1":{"start":{"line":4,"column":2},"end":{"line":8,"column":3}},"2":{"start":{"line":5,"column":23},"end":{"line":5,"column":49}},"3":{"start":{"line":6,"column":4},"end":{"line":6,"column":43}},"4":{"start":{"line":6,"column":31},"end":{"line":6,"column":43}},"5":{"start":{"line":7,"column":4},"end":{"line":7,"column":45}},"6":{"start":{"line":7,"column":32},"end":{"line":7,"column":45}},"7":{"start":{"line":10,"column":2},"end":{"line":10,"column":15}},"8":{"start":{"line":13,"column":41},"end":{"line":25,"column":2}},"9":{"start":{"line":27,"column":39},"end":{"line":38,"column":2}},"10":{"start":{"line":40,"column":42},"end":{"line":46,"column":2}},"11":{"start":{"line":48,"column":51},"end":{"line":80,"column":2}},"12":{"start":{"line":66,"column":10},"end":{"line":66,"column":80}},"13":{"start":{"line":68,"column":8},"end":{"line":71,"column":10}},"14":{"start":{"line":82,"column":48},"end":{"line":86,"column":2}}},"fnMap":{"0":{"name":"(anonymous_0)","decl":{"start":{"line":3,"column":40},"end":{"line":3,"column":41}},"loc":{"start":{"line":3,"column":51},"end":{"line":11,"column":1}},"line":3},"1":{"name":"(anonymous_1)","decl":{"start":{"line":64,"column":6},"end":{"line":64,"column":7}},"loc":{"start":{"line":64,"column":15},"end":{"line":72,"column":7}},"line":64}},"branchMap":{"0":{"loc":{"start":{"line":4,"column":2},"end":{"line":8,"column":3}},"type":"if","locations":[{"start":{"line":4,"column":2},"end":{"line":8,"column":3}},{"start":{},"end":{}}],"line":4},"1":{"loc":{"start":{"line":6,"column":4},"end":{"line":6,"column":43}},"type":"if","locations":[{"start":{"line":6,"column":4},"end":{"line":6,"column":43}},{"start":{},"end":{}}],"line":6},"2":{"loc":{"start":{"line":7,"column":4},"end":{"line":7,"column":45}},"type":"if","locations":[{"start":{"line":7,"column":4},"end":{"line":7,"column":45}},{"start":{},"end":{}}],"line":7},"3":{"loc":{"start":{"line":66,"column":10},"end":{"line":66,"column":80}},"type":"binary-expr","locations":[{"start":{"line":66,"column":10},"end":{"line":66,"column":31}},{"start":{"line":66,"column":35},"end":{"line":66,"column":80}}],"line":66},"4":{"loc":{"start":{"line":69,"column":10},"end":{"line":70,"column":56}},"type":"binary-expr","locations":[{"start":{"line":69,"column":10},"end":{"line":69,"column":34}},{"start":{"line":70,"column":10},"end":{"line":70,"column":56}}],"line":69}},"s":{"0":1,"1":0,"2":0,"3":0,"4":0,"5":0,"6":0,"7":0,"8":1,"9":1,"10":1,"11":1,"12":0,"13":0,"14":1},"f":{"0":0,"1":0},"b":{"0":[0,0],"1":[0,0],"2":[0,0],"3":[0,0],"4":[0,0]},"_coverageSchema":"1a1c01bbd47fc00a2c39e90264f33305004495a9","hash":"09a1106150e7e16702070bc269bdce327fccafcd"}
,"E:\\web-project\\contextOs\\Backend\\src\\routes\\auth.routes.js": {"path":"E:\\web-project\\contextOs\\Backend\\src\\routes\\auth.routes.js","statementMap":{"0":{"start":{"line":27,"column":19},"end":{"line":27,"column":27}},"1":{"start":{"line":29,"column":0},"end":{"line":29,"column":32}},"2":{"start":{"line":31,"column":0},"end":{"line":31,"column":65}},"3":{"start":{"line":32,"column":0},"end":{"line":32,"column":56}},"4":{"start":{"line":33,"column":0},"end":{"line":33,"column":37}},"5":{"start":{"line":34,"column":0},"end":{"line":34,"column":35}},"6":{"start":{"line":36,"column":0},"end":{"line":36,"column":62}},"7":{"start":{"line":38,"column":0},"end":{"line":42,"column":2}},"8":{"start":{"line":43,"column":0},"end":{"line":47,"column":2}},"9":{"start":{"line":49,"column":0},"end":{"line":53,"column":2}},"10":{"start":{"line":54,"column":0},"end":{"line":58,"column":2}}},"fnMap":{},"branchMap":{},"s":{"0":1,"1":1,"2":1,"3":1,"4":1,"5":1,"6":1,"7":1,"8":1,"9":1,"10":1},"f":{},"b":{},"_coverageSchema":"1a1c01bbd47fc00a2c39e90264f33305004495a9","hash":"ff70007705dbdcfd3a658427b40d9394b10d853a"}
,"E:\\web-project\\contextOs\\Backend\\src\\routes\\index.js": {"path":"E:\\web-project\\contextOs\\Backend\\src\\routes\\index.js","statementMap":{"0":{"start":{"line":17,"column":18},"end":{"line":17,"column":26}},"1":{"start":{"line":19,"column":0},"end":{"line":19,"column":35}},"2":{"start":{"line":20,"column":0},"end":{"line":20,"column":42}},"3":{"start":{"line":21,"column":0},"end":{"line":21,"column":58}},"4":{"start":{"line":22,"column":0},"end":{"line":22,"column":52}},"5":{"start":{"line":23,"column":0},"end":{"line":23,"column":48}},"6":{"start":{"line":24,"column":0},"end":{"line":24,"column":42}},"7":{"start":{"line":25,"column":0},"end":{"line":25,"column":37}},"8":{"start":{"line":26,"column":0},"end":{"line":26,"column":31}},"9":{"start":{"line":27,"column":0},"end":{"line":27,"column":52}},"10":{"start":{"line":28,"column":0},"end":{"line":28,"column":41}},"11":{"start":{"line":29,"column":0},"end":{"line":29,"column":37}}},"fnMap":{},"branchMap":{},"s":{"0":1,"1":1,"2":1,"3":1,"4":1,"5":1,"6":1,"7":1,"8":1,"9":1,"10":1,"11":1},"f":{},"b":{},"_coverageSchema":"1a1c01bbd47fc00a2c39e90264f33305004495a9","hash":"f2d5abaa3658924db5c8dfcdf16d45f483c2a794"}
,"E:\\web-project\\contextOs\\Backend\\src\\routes\\oauth.routes.js": {"path":"E:\\web-project\\contextOs\\Backend\\src\\routes\\oauth.routes.js","statementMap":{"0":{"start":{"line":9,"column":20},"end":{"line":9,"column":28}},"1":{"start":{"line":11,"column":0},"end":{"line":17,"column":2}},"2":{"start":{"line":19,"column":0},"end":{"line":26,"column":2}},"3":{"start":{"line":28,"column":0},"end":{"line":44,"column":2}},"4":{"start":{"line":32,"column":6},"end":{"line":34,"column":19}},"5":{"start":{"line":36,"column":25},"end":{"line":40,"column":6}},"6":{"start":{"line":42,"column":4},"end":{"line":42,"column":40}},"7":{"start":{"line":46,"column":0},"end":{"line":53,"column":2}},"8":{"start":{"line":55,"column":0},"end":{"line":55,"column":50}}},"fnMap":{"0":{"name":"(anonymous_0)","decl":{"start":{"line":30,"column":2},"end":{"line":30,"column":3}},"loc":{"start":{"line":30,"column":22},"end":{"line":43,"column":3}},"line":30}},"branchMap":{"0":{"loc":{"start":{"line":32,"column":6},"end":{"line":34,"column":19}},"type":"cond-expr","locations":[{"start":{"line":33,"column":10},"end":{"line":33,"column":33}},{"start":{"line":34,"column":10},"end":{"line":34,"column":19}}],"line":32},"1":{"loc":{"start":{"line":32,"column":6},"end":{"line":32,"column":69}},"type":"binary-expr","locations":[{"start":{"line":32,"column":6},"end":{"line":32,"column":42}},{"start":{"line":32,"column":46},"end":{"line":32,"column":69}}],"line":32},"2":{"loc":{"start":{"line":39,"column":10},"end":{"line":39,"column":39}},"type":"cond-expr","locations":[{"start":{"line":39,"column":18},"end":{"line":39,"column":34}},{"start":{"line":39,"column":37},"end":{"line":39,"column":39}}],"line":39}},"s":{"0":1,"1":1,"2":1,"3":1,"4":0,"5":0,"6":0,"7":1,"8":1},"f":{"0":0},"b":{"0":[0,0],"1":[0,0],"2":[0,0]},"_coverageSchema":"1a1c01bbd47fc00a2c39e90264f33305004495a9","hash":"68fdfc0c4041eef6856823201369f0c92d85650e"}
,"E:\\web-project\\contextOs\\Backend\\src\\routes\\organisation.routes.js": {"path":"E:\\web-project\\contextOs\\Backend\\src\\routes\\organisation.routes.js","statementMap":{"0":{"start":{"line":35,"column":33},"end":{"line":35,"column":41}},"1":{"start":{"line":36,"column":27},"end":{"line":36,"column":35}},"2":{"start":{"line":38,"column":0},"end":{"line":42,"column":2}},"3":{"start":{"line":44,"column":0},"end":{"line":48,"column":2}},"4":{"start":{"line":50,"column":0},"end":{"line":50,"column":36}},"5":{"start":{"line":52,"column":0},"end":{"line":52,"column":47}},"6":{"start":{"line":53,"column":0},"end":{"line":57,"column":2}},"7":{"start":{"line":59,"column":0},"end":{"line":64,"column":2}},"8":{"start":{"line":66,"column":0},"end":{"line":71,"column":2}},"9":{"start":{"line":73,"column":0},"end":{"line":78,"column":2}},"10":{"start":{"line":80,"column":0},"end":{"line":85,"column":2}},"11":{"start":{"line":87,"column":0},"end":{"line":92,"column":2}},"12":{"start":{"line":94,"column":0},"end":{"line":99,"column":2}},"13":{"start":{"line":101,"column":0},"end":{"line":107,"column":2}}},"fnMap":{},"branchMap":{},"s":{"0":1,"1":1,"2":1,"3":1,"4":1,"5":1,"6":1,"7":1,"8":1,"9":1,"10":1,"11":1,"12":1,"13":1},"f":{},"b":{},"_coverageSchema":"1a1c01bbd47fc00a2c39e90264f33305004495a9","hash":"9a7b4cd75e7d9d6964f3e92b9916a80d0ae68932"}
,"E:\\web-project\\contextOs\\Backend\\src\\utils\\appError.js": {"path":"E:\\web-project\\contextOs\\Backend\\src\\utils\\appError.js","statementMap":{"0":{"start":{"line":3,"column":4},"end":{"line":3,"column":19}},"1":{"start":{"line":4,"column":4},"end":{"line":4,"column":27}},"2":{"start":{"line":5,"column":4},"end":{"line":5,"column":33}},"3":{"start":{"line":6,"column":4},"end":{"line":6,"column":27}}},"fnMap":{"0":{"name":"(anonymous_0)","decl":{"start":{"line":2,"column":2},"end":{"line":2,"column":3}},"loc":{"start":{"line":2,"column":50},"end":{"line":7,"column":3}},"line":2}},"branchMap":{"0":{"loc":{"start":{"line":2,"column":23},"end":{"line":2,"column":39}},"type":"default-arg","locations":[{"start":{"line":2,"column":36},"end":{"line":2,"column":39}}],"line":2}},"s":{"0":5,"1":5,"2":5,"3":5},"f":{"0":5},"b":{"0":[0]},"_coverageSchema":"1a1c01bbd47fc00a2c39e90264f33305004495a9","hash":"0ee53b45559dee3e495445bc177722087b967c85"}
,"E:\\web-project\\contextOs\\Backend\\src\\utils\\asyncHandler.js": {"path":"E:\\web-project\\contextOs\\Backend\\src\\utils\\asyncHandler.js","statementMap":{"0":{"start":{"line":1,"column":28},"end":{"line":3,"column":1}},"1":{"start":{"line":1,"column":39},"end":{"line":3,"column":1}},"2":{"start":{"line":2,"column":2},"end":{"line":2,"column":55}}},"fnMap":{"0":{"name":"(anonymous_0)","decl":{"start":{"line":1,"column":28},"end":{"line":1,"column":29}},"loc":{"start":{"line":1,"column":39},"end":{"line":3,"column":1}},"line":1},"1":{"name":"(anonymous_1)","decl":{"start":{"line":1,"column":39},"end":{"line":1,"column":40}},"loc":{"start":{"line":1,"column":59},"end":{"line":3,"column":1}},"line":1}},"branchMap":{},"s":{"0":1,"1":57,"2":1},"f":{"0":57,"1":1},"b":{},"_coverageSchema":"1a1c01bbd47fc00a2c39e90264f33305004495a9","hash":"93927a1ebf89d9d230d4b8c9fe06d03c91f403ab"}
,"E:\\web-project\\contextOs\\Backend\\src\\utils\\cookie.js": {"path":"E:\\web-project\\contextOs\\Backend\\src\\utils\\cookie.js","statementMap":{"0":{"start":{"line":3,"column":23},"end":{"line":3,"column":37}},"1":{"start":{"line":4,"column":24},"end":{"line":4,"column":47}},"2":{"start":{"line":6,"column":26},"end":{"line":12,"column":1}},"3":{"start":{"line":14,"column":30},"end":{"line":24,"column":1}},"4":{"start":{"line":15,"column":2},"end":{"line":18,"column":5}},"5":{"start":{"line":20,"column":2},"end":{"line":23,"column":5}},"6":{"start":{"line":26,"column":32},"end":{"line":29,"column":1}},"7":{"start":{"line":27,"column":2},"end":{"line":27,"column":59}},"8":{"start":{"line":28,"column":2},"end":{"line":28,"column":60}}},"fnMap":{"0":{"name":"(anonymous_0)","decl":{"start":{"line":14,"column":30},"end":{"line":14,"column":31}},"loc":{"start":{"line":14,"column":66},"end":{"line":24,"column":1}},"line":14},"1":{"name":"(anonymous_1)","decl":{"start":{"line":26,"column":32},"end":{"line":26,"column":33}},"loc":{"start":{"line":26,"column":39},"end":{"line":29,"column":1}},"line":26}},"branchMap":{},"s":{"0":1,"1":1,"2":1,"3":1,"4":0,"5":0,"6":1,"7":0,"8":0},"f":{"0":0,"1":0},"b":{},"_coverageSchema":"1a1c01bbd47fc00a2c39e90264f33305004495a9","hash":"c887dc6372c6d1b5b82a6e842de44fb1ec780df0"}
,"E:\\web-project\\contextOs\\Backend\\src\\utils\\hash.js": {"path":"E:\\web-project\\contextOs\\Backend\\src\\utils\\hash.js","statementMap":{"0":{"start":{"line":3,"column":25},"end":{"line":4,"column":57}},"1":{"start":{"line":4,"column":2},"end":{"line":4,"column":57}}},"fnMap":{"0":{"name":"(anonymous_0)","decl":{"start":{"line":3,"column":25},"end":{"line":3,"column":26}},"loc":{"start":{"line":4,"column":2},"end":{"line":4,"column":57}},"line":4}},"branchMap":{},"s":{"0":1,"1":0},"f":{"0":0},"b":{},"_coverageSchema":"1a1c01bbd47fc00a2c39e90264f33305004495a9","hash":"2eafee11858cd380eb5b23c5d522e22c7404c2c3"}
,"E:\\web-project\\contextOs\\Backend\\src\\utils\\mailer.js": {"path":"E:\\web-project\\contextOs\\Backend\\src\\utils\\mailer.js","statementMap":{"0":{"start":{"line":7,"column":23},"end":{"line":25,"column":1}},"1":{"start":{"line":8,"column":2},"end":{"line":22,"column":3}},"2":{"start":{"line":9,"column":17},"end":{"line":14,"column":17}},"3":{"start":{"line":16,"column":4},"end":{"line":21,"column":7}},"4":{"start":{"line":24,"column":2},"end":{"line":24,"column":21}},"5":{"start":{"line":27,"column":24},"end":{"line":39,"column":1}},"6":{"start":{"line":28,"column":2},"end":{"line":30,"column":3}},"7":{"start":{"line":29,"column":4},"end":{"line":29,"column":11}},"8":{"start":{"line":32,"column":2},"end":{"line":38,"column":5}}},"fnMap":{"0":{"name":"(anonymous_0)","decl":{"start":{"line":7,"column":23},"end":{"line":7,"column":24}},"loc":{"start":{"line":7,"column":29},"end":{"line":25,"column":1}},"line":7},"1":{"name":"(anonymous_1)","decl":{"start":{"line":27,"column":24},"end":{"line":27,"column":25}},"loc":{"start":{"line":27,"column":63},"end":{"line":39,"column":1}},"line":27}},"branchMap":{"0":{"loc":{"start":{"line":8,"column":2},"end":{"line":22,"column":3}},"type":"if","locations":[{"start":{"line":8,"column":2},"end":{"line":22,"column":3}},{"start":{},"end":{}}],"line":8},"1":{"loc":{"start":{"line":9,"column":17},"end":{"line":14,"column":17}},"type":"cond-expr","locations":[{"start":{"line":10,"column":8},"end":{"line":13,"column":7}},{"start":{"line":14,"column":8},"end":{"line":14,"column":17}}],"line":9},"2":{"loc":{"start":{"line":28,"column":2},"end":{"line":30,"column":3}},"type":"if","locations":[{"start":{"line":28,"column":2},"end":{"line":30,"column":3}},{"start":{},"end":{}}],"line":28}},"s":{"0":1,"1":0,"2":0,"3":0,"4":0,"5":1,"6":0,"7":0,"8":0},"f":{"0":0,"1":0},"b":{"0":[0,0],"1":[0,0],"2":[0,0]},"_coverageSchema":"1a1c01bbd47fc00a2c39e90264f33305004495a9","hash":"72b75751b3c142419515d94fd7567f0cd4db50df"}
,"E:\\web-project\\contextOs\\Backend\\src\\utils\\token.js": {"path":"E:\\web-project\\contextOs\\Backend\\src\\utils\\token.js","statementMap":{"0":{"start":{"line":7,"column":31},"end":{"line":7,"column":56}},"1":{"start":{"line":7,"column":37},"end":{"line":7,"column":56}},"2":{"start":{"line":9,"column":35},"end":{"line":10,"column":79}},"3":{"start":{"line":10,"column":2},"end":{"line":10,"column":79}},"4":{"start":{"line":12,"column":36},"end":{"line":15,"column":4}},"5":{"start":{"line":13,"column":2},"end":{"line":15,"column":4}},"6":{"start":{"line":17,"column":33},"end":{"line":18,"column":40}},"7":{"start":{"line":18,"column":2},"end":{"line":18,"column":40}},"8":{"start":{"line":20,"column":34},"end":{"line":21,"column":41}},"9":{"start":{"line":21,"column":2},"end":{"line":21,"column":41}},"10":{"start":{"line":23,"column":35},"end":{"line":24,"column":43}},"11":{"start":{"line":24,"column":2},"end":{"line":24,"column":43}}},"fnMap":{"0":{"name":"(anonymous_0)","decl":{"start":{"line":7,"column":31},"end":{"line":7,"column":32}},"loc":{"start":{"line":7,"column":37},"end":{"line":7,"column":56}},"line":7},"1":{"name":"(anonymous_1)","decl":{"start":{"line":9,"column":35},"end":{"line":9,"column":36}},"loc":{"start":{"line":10,"column":2},"end":{"line":10,"column":79}},"line":10},"2":{"name":"(anonymous_2)","decl":{"start":{"line":12,"column":36},"end":{"line":12,"column":37}},"loc":{"start":{"line":13,"column":2},"end":{"line":15,"column":4}},"line":13},"3":{"name":"(anonymous_3)","decl":{"start":{"line":17,"column":33},"end":{"line":17,"column":34}},"loc":{"start":{"line":18,"column":2},"end":{"line":18,"column":40}},"line":18},"4":{"name":"(anonymous_4)","decl":{"start":{"line":20,"column":34},"end":{"line":20,"column":35}},"loc":{"start":{"line":21,"column":2},"end":{"line":21,"column":41}},"line":21},"5":{"name":"(anonymous_5)","decl":{"start":{"line":23,"column":35},"end":{"line":23,"column":36}},"loc":{"start":{"line":24,"column":2},"end":{"line":24,"column":43}},"line":24}},"branchMap":{"0":{"loc":{"start":{"line":23,"column":36},"end":{"line":23,"column":46}},"type":"default-arg","locations":[{"start":{"line":23,"column":44},"end":{"line":23,"column":46}}],"line":23}},"s":{"0":1,"1":0,"2":1,"3":0,"4":1,"5":0,"6":1,"7":1,"8":1,"9":0,"10":1,"11":0},"f":{"0":0,"1":0,"2":0,"3":1,"4":0,"5":0},"b":{"0":[0]},"_coverageSchema":"1a1c01bbd47fc00a2c39e90264f33305004495a9","hash":"e14bd2f78fe22a411c457adad87d3103ebc4e659"}
,"E:\\web-project\\contextOs\\Backend\\src\\validators\\auth.schemas.js": {"path":"E:\\web-project\\contextOs\\Backend\\src\\validators\\auth.schemas.js","statementMap":{"0":{"start":{"line":3,"column":14},"end":{"line":3,"column":52}},"1":{"start":{"line":5,"column":30},"end":{"line":16,"column":2}},"2":{"start":{"line":18,"column":27},"end":{"line":25,"column":2}},"3":{"start":{"line":27,"column":40},"end":{"line":33,"column":2}},"4":{"start":{"line":35,"column":36},"end":{"line":41,"column":2}},"5":{"start":{"line":43,"column":35},"end":{"line":50,"column":2}},"6":{"start":{"line":52,"column":33},"end":{"line":58,"column":2}}},"fnMap":{},"branchMap":{},"s":{"0":1,"1":1,"2":1,"3":1,"4":1,"5":1,"6":1},"f":{},"b":{},"_coverageSchema":"1a1c01bbd47fc00a2c39e90264f33305004495a9","hash":"0284571617240006e817f7706d0eb77ed5ab7ae4"}
,"E:\\web-project\\contextOs\\Backend\\src\\validators\\organisation.schemas.js": {"path":"E:\\web-project\\contextOs\\Backend\\src\\validators\\organisation.schemas.js","statementMap":{"0":{"start":{"line":3,"column":14},"end":{"line":3,"column":52}},"1":{"start":{"line":5,"column":33},"end":{"line":7,"column":2}},"2":{"start":{"line":9,"column":31},"end":{"line":12,"column":2}},"3":{"start":{"line":14,"column":40},"end":{"line":22,"column":2}},"4":{"start":{"line":24,"column":40},"end":{"line":33,"column":2}},"5":{"start":{"line":35,"column":34},"end":{"line":42,"column":2}},"6":{"start":{"line":44,"column":47},"end":{"line":48,"column":2}},"7":{"start":{"line":50,"column":45},"end":{"line":54,"column":2}},"8":{"start":{"line":56,"column":38},"end":{"line":65,"column":2}},"9":{"start":{"line":67,"column":38},"end":{"line":71,"column":2}},"10":{"start":{"line":73,"column":37},"end":{"line":77,"column":2}}},"fnMap":{},"branchMap":{},"s":{"0":1,"1":1,"2":1,"3":1,"4":1,"5":1,"6":1,"7":1,"8":1,"9":1,"10":1},"f":{},"b":{},"_coverageSchema":"1a1c01bbd47fc00a2c39e90264f33305004495a9","hash":"f30fdf65a8b3f576877f1ec2e91c58d7e8d9db76"}
}
