TN:
SF:src\app.js
FN:35,(anonymous_0)
FN:49,(anonymous_1)
FN:54,(anonymous_2)
FN:57,(anonymous_3)
FNF:4
FNH:4
FNDA:3,(anonymous_0)
FNDA:8,(anonymous_1)
FNDA:1,(anonymous_2)
FNDA:1,(anonymous_3)
DA:21,1
DA:23,1
DA:25,1
DA:26,1
DA:32,1
DA:33,1
DA:36,3
DA:40,0
DA:45,1
DA:46,1
DA:47,1
DA:49,8
DA:52,1
DA:54,1
DA:55,1
DA:57,1
DA:58,1
DA:70,1
DA:71,1
DA:72,1
LF:20
LH:19
BRDA:36,0,0,0
BRDA:36,0,1,3
BRDA:37,1,0,3
BRDA:37,1,1,3
BRF:4
BRH:3
end_of_record
TN:
SF:src\admin\index.js
FNF:0
FNH:0
LF:0
LH:0
BRF:0
BRH:0
end_of_record
TN:
SF:src\admin\controllers\adminAuth.controller.js
FN:12,(anonymous_0)
FN:20,(anonymous_1)
FN:31,(anonymous_2)
FN:38,(anonymous_3)
FN:107,(anonymous_4)
FN:118,(anonymous_5)
FNF:6
FNH:0
FNDA:0,(anonymous_0)
FNDA:0,(anonymous_1)
FNDA:0,(anonymous_2)
FNDA:0,(anonymous_3)
FNDA:0,(anonymous_4)
FNDA:0,(anonymous_5)
DA:10,1
DA:12,1
DA:20,1
DA:21,0
DA:31,1
DA:38,1
DA:39,0
DA:40,0
DA:42,0
DA:43,0
DA:44,0
DA:47,0
DA:48,0
DA:49,0
DA:56,0
DA:61,0
DA:62,0
DA:63,0
DA:65,0
DA:66,0
DA:67,0
DA:70,0
DA:72,0
DA:82,0
DA:85,0
DA:86,0
DA:87,0
DA:88,0
DA:90,0
DA:91,0
DA:93,0
DA:100,0
DA:107,1
DA:108,0
DA:114,0
DA:115,0
DA:118,1
DA:119,0
DA:120,0
DA:121,0
DA:124,0
DA:131,0
LF:42
LH:7
BRDA:43,0,0,0
BRDA:43,0,1,0
BRDA:48,1,0,0
BRDA:48,1,1,0
BRDA:48,2,0,0
BRDA:48,2,1,0
BRDA:62,3,0,0
BRDA:62,3,1,0
BRDA:65,4,0,0
BRDA:65,4,1,0
BRDA:109,5,0,0
BRDA:109,5,1,0
BRDA:120,6,0,0
BRDA:120,6,1,0
BRF:14
BRH:0
end_of_record
TN:
SF:src\admin\controllers\adminDashboard.controller.js
FN:14,(anonymous_0)
FN:22,(anonymous_1)
FN:28,(anonymous_2)
FN:34,(anonymous_3)
FN:40,(anonymous_4)
FN:46,(anonymous_5)
FN:52,(anonymous_6)
FN:73,(anonymous_7)
FN:79,(anonymous_8)
FNF:9
FNH:0
FNDA:0,(anonymous_0)
FNDA:0,(anonymous_1)
FNDA:0,(anonymous_2)
FNDA:0,(anonymous_3)
FNDA:0,(anonymous_4)
FNDA:0,(anonymous_5)
FNDA:0,(anonymous_6)
FNDA:0,(anonymous_7)
FNDA:0,(anonymous_8)
DA:14,1
DA:15,0
DA:22,1
DA:23,0
DA:24,0
DA:25,0
DA:28,1
DA:29,0
DA:30,0
DA:31,0
DA:34,1
DA:35,0
DA:36,0
DA:37,0
DA:40,1
DA:41,0
DA:42,0
DA:43,0
DA:46,1
DA:47,0
DA:48,0
DA:49,0
DA:52,1
DA:53,0
DA:59,0
DA:70,0
DA:73,1
DA:74,0
DA:75,0
DA:76,0
DA:79,1
DA:80,0
DA:81,0
DA:82,0
LF:34
LH:9
BRDA:64,0,0,0
BRDA:64,0,1,0
BRF:2
BRH:0
end_of_record
TN:
SF:src\admin\middleware\requireSuperadmin.middleware.js
FN:6,(anonymous_0)
FNF:1
FNH:0
FNDA:0,(anonymous_0)
DA:6,1
DA:7,0
DA:8,0
DA:9,0
DA:11,0
DA:12,0
DA:15,0
DA:16,0
DA:18,0
DA:19,0
DA:22,0
DA:23,0
DA:25,0
LF:13
LH:1
BRDA:9,0,0,0
BRDA:9,0,1,0
BRDA:11,1,0,0
BRDA:11,1,1,0
BRDA:18,2,0,0
BRDA:18,2,1,0
BRF:6
BRH:0
end_of_record
TN:
SF:src\admin\models\AdminAuditLog.js
FNF:0
FNH:0
DA:3,1
DA:39,1
LF:2
LH:2
BRF:0
BRH:0
end_of_record
TN:
SF:src\admin\models\AdminUser.js
FNF:0
FNH:0
DA:3,1
DA:41,1
LF:2
LH:2
BRF:0
BRH:0
end_of_record
TN:
SF:src\admin\routes\admin.routes.js
FNF:0
FNH:0
DA:6,1
DA:8,1
DA:9,1
LF:3
LH:3
BRF:0
BRH:0
end_of_record
TN:
SF:src\admin\routes\adminAuth.routes.js
FNF:0
FNH:0
DA:12,1
DA:22,1
DA:24,1
DA:30,1
DA:36,1
LF:5
LH:5
BRF:0
BRH:0
end_of_record
TN:
SF:src\admin\routes\adminDashboard.routes.js
FNF:0
FNH:0
DA:17,1
DA:19,1
DA:21,1
DA:22,1
DA:23,1
DA:24,1
DA:25,1
DA:26,1
DA:27,1
DA:28,1
LF:10
LH:10
BRF:0
BRH:0
end_of_record
TN:
SF:src\admin\services\adminAudit.service.js
FN:3,(anonymous_0)
FN:12,(anonymous_1)
FNF:2
FNH:0
FNDA:0,(anonymous_0)
FNDA:0,(anonymous_1)
DA:3,1
DA:4,0
DA:5,0
DA:6,0
DA:9,0
DA:12,1
DA:18,0
DA:19,0
LF:8
LH:2
BRDA:5,0,0,0
BRDA:5,0,1,0
BRDA:5,1,0,0
BRDA:5,1,1,0
BRDA:9,2,0,0
BRDA:9,2,1,0
BRDA:9,2,2,0
BRDA:16,3,0,0
BRDA:20,4,0,0
BRDA:20,4,1,0
BRDA:23,5,0,0
BRDA:23,5,1,0
BRF:12
BRH:0
end_of_record
TN:
SF:src\admin\services\adminDashboardData.service.js
FN:56,(anonymous_0)
FN:61,(anonymous_1)
FN:63,(anonymous_2)
FN:72,(anonymous_3)
FN:78,(anonymous_4)
FN:84,(anonymous_5)
FN:90,(anonymous_6)
FN:113,(anonymous_7)
FN:142,(anonymous_8)
FN:157,(anonymous_9)
FN:169,(anonymous_10)
FN:189,(anonymous_11)
FN:192,(anonymous_12)
FN:197,(anonymous_13)
FN:214,(anonymous_14)
FN:238,(anonymous_15)
FN:272,(anonymous_16)
FN:317,(anonymous_17)
FN:323,(anonymous_18)
FN:346,(anonymous_19)
FN:362,(anonymous_20)
FN:379,(anonymous_21)
FN:411,(anonymous_22)
FN:412,(anonymous_23)
FN:437,(anonymous_24)
FN:438,(anonymous_25)
FN:457,(anonymous_26)
FN:469,(anonymous_27)
FN:472,(anonymous_28)
FN:481,(anonymous_29)
FN:482,(anonymous_30)
FN:493,(anonymous_31)
FN:495,(anonymous_32)
FN:513,(anonymous_33)
FN:525,(anonymous_34)
FN:528,(anonymous_35)
FN:544,(anonymous_36)
FN:558,(anonymous_37)
FN:568,(anonymous_38)
FN:578,(anonymous_39)
FN:627,(anonymous_40)
FN:658,(anonymous_41)
FN:662,(anonymous_42)
FN:665,(anonymous_43)
FN:684,(anonymous_44)
FN:699,(anonymous_45)
FN:703,(anonymous_46)
FN:717,(anonymous_47)
FN:720,(anonymous_48)
FN:734,(anonymous_49)
FN:747,(anonymous_50)
FN:753,(anonymous_51)
FN:760,(anonymous_52)
FN:776,(anonymous_53)
FN:780,(anonymous_54)
FN:795,(anonymous_55)
FNF:56
FNH:0
FNDA:0,(anonymous_0)
FNDA:0,(anonymous_1)
FNDA:0,(anonymous_2)
FNDA:0,(anonymous_3)
FNDA:0,(anonymous_4)
FNDA:0,(anonymous_5)
FNDA:0,(anonymous_6)
FNDA:0,(anonymous_7)
FNDA:0,(anonymous_8)
FNDA:0,(anonymous_9)
FNDA:0,(anonymous_10)
FNDA:0,(anonymous_11)
FNDA:0,(anonymous_12)
FNDA:0,(anonymous_13)
FNDA:0,(anonymous_14)
FNDA:0,(anonymous_15)
FNDA:0,(anonymous_16)
FNDA:0,(anonymous_17)
FNDA:0,(anonymous_18)
FNDA:0,(anonymous_19)
FNDA:0,(anonymous_20)
FNDA:0,(anonymous_21)
FNDA:0,(anonymous_22)
FNDA:0,(anonymous_23)
FNDA:0,(anonymous_24)
FNDA:0,(anonymous_25)
FNDA:0,(anonymous_26)
FNDA:0,(anonymous_27)
FNDA:0,(anonymous_28)
FNDA:0,(anonymous_29)
FNDA:0,(anonymous_30)
FNDA:0,(anonymous_31)
FNDA:0,(anonymous_32)
FNDA:0,(anonymous_33)
FNDA:0,(anonymous_34)
FNDA:0,(anonymous_35)
FNDA:0,(anonymous_36)
FNDA:0,(anonymous_37)
FNDA:0,(anonymous_38)
FNDA:0,(anonymous_39)
FNDA:0,(anonymous_40)
FNDA:0,(anonymous_41)
FNDA:0,(anonymous_42)
FNDA:0,(anonymous_43)
FNDA:0,(anonymous_44)
FNDA:0,(anonymous_45)
FNDA:0,(anonymous_46)
FNDA:0,(anonymous_47)
FNDA:0,(anonymous_48)
FNDA:0,(anonymous_49)
FNDA:0,(anonymous_50)
FNDA:0,(anonymous_51)
FNDA:0,(anonymous_52)
FNDA:0,(anonymous_53)
FNDA:0,(anonymous_54)
FNDA:0,(anonymous_55)
DA:15,1
DA:26,1
DA:36,1
DA:37,1
DA:38,1
DA:39,1
DA:41,1
DA:46,1
DA:51,1
DA:56,1
DA:57,0
DA:58,0
DA:61,1
DA:63,1
DA:64,0
DA:65,0
DA:66,0
DA:68,0
DA:72,1
DA:73,0
DA:74,0
DA:75,0
DA:78,1
DA:79,0
DA:80,0
DA:81,0
DA:84,1
DA:85,0
DA:86,0
DA:87,0
DA:90,1
DA:91,0
DA:93,0
DA:94,0
DA:98,0
DA:100,0
DA:101,0
DA:105,0
DA:106,0
DA:107,0
DA:108,0
DA:110,0
DA:113,1
DA:114,0
DA:115,0
DA:116,0
DA:120,0
DA:123,0
DA:127,0
DA:138,0
DA:142,1
DA:143,0
DA:144,0
DA:145,0
DA:148,0
DA:149,0
DA:150,0
DA:152,0
DA:157,0
DA:159,0
DA:160,0
DA:161,0
DA:163,0
DA:164,0
DA:165,0
DA:169,1
DA:170,0
DA:172,0
DA:173,0
DA:174,0
DA:175,0
DA:177,0
DA:178,0
DA:179,0
DA:183,0
DA:186,0
DA:189,1
DA:190,0
DA:192,0
DA:193,0
DA:194,0
DA:197,1
DA:198,0
DA:200,0
DA:201,0
DA:204,0
DA:205,0
DA:206,0
DA:207,0
DA:208,0
DA:211,0
DA:214,1
DA:215,0
DA:217,0
DA:218,0
DA:226,0
DA:231,0
DA:238,1
DA:239,0
DA:240,0
DA:241,0
DA:244,0
DA:250,0
DA:251,0
DA:253,0
DA:255,0
DA:256,0
DA:257,0
DA:259,0
DA:265,0
DA:270,0
DA:272,0
DA:273,0
DA:278,0
DA:279,0
DA:285,0
DA:286,0
DA:292,0
DA:293,0
DA:296,0
DA:301,0
DA:311,0
DA:312,0
DA:314,0
DA:317,1
DA:318,0
DA:319,0
DA:323,1
DA:324,0
DA:325,0
DA:327,0
DA:328,0
DA:335,0
DA:336,0
DA:338,0
DA:339,0
DA:343,0
DA:346,1
DA:347,0
DA:349,0
DA:350,0
DA:351,0
DA:352,0
DA:354,0
DA:355,0
DA:356,0
DA:359,0
DA:362,1
DA:363,0
DA:368,0
DA:370,0
DA:371,0
DA:373,0
DA:378,0
DA:379,0
DA:385,0
DA:387,0
DA:388,0
DA:389,0
DA:390,0
DA:392,0
DA:393,0
DA:398,0
DA:401,0
DA:403,0
DA:404,0
DA:411,1
DA:412,0
DA:413,0
DA:414,0
DA:415,0
DA:416,0
DA:418,0
DA:437,1
DA:438,0
DA:439,0
DA:441,0
DA:447,0
DA:457,1
DA:458,0
DA:463,0
DA:464,0
DA:465,0
DA:467,0
DA:468,0
DA:469,0
DA:471,0
DA:472,0
DA:475,0
DA:479,0
DA:480,0
DA:481,0
DA:482,0
DA:484,0
DA:493,1
DA:495,1
DA:496,0
DA:497,0
DA:499,0
DA:500,0
DA:502,0
DA:503,0
DA:505,0
DA:506,0
DA:507,0
DA:510,0
DA:512,0
DA:513,0
DA:516,0
DA:517,0
DA:518,0
DA:524,0
DA:525,0
DA:528,0
DA:529,0
DA:530,0
DA:531,0
DA:533,0
DA:543,0
DA:544,0
DA:550,0
DA:558,0
DA:568,1
DA:569,0
DA:570,0
DA:571,0
DA:574,0
DA:575,0
DA:577,0
DA:579,0
DA:580,0
DA:583,0
DA:584,0
DA:589,0
DA:595,0
DA:597,0
DA:604,0
DA:608,0
DA:621,0
DA:622,0
DA:624,0
DA:627,1
DA:628,0
DA:629,0
DA:631,0
DA:632,0
DA:634,0
DA:635,0
DA:636,0
DA:638,0
DA:640,0
DA:641,0
DA:642,0
DA:645,0
DA:651,0
DA:652,0
DA:656,0
DA:659,0
DA:660,0
DA:662,0
DA:664,0
DA:665,0
DA:668,0
DA:675,0
DA:684,1
DA:685,0
DA:686,0
DA:687,0
DA:691,0
DA:696,0
DA:699,0
DA:701,0
DA:702,0
DA:703,0
DA:704,0
DA:705,0
DA:709,0
DA:717,1
DA:718,0
DA:720,0
DA:721,0
DA:722,0
DA:724,0
DA:730,0
DA:734,1
DA:735,0
DA:747,0
DA:753,0
DA:760,0
DA:774,0
DA:777,0
DA:780,0
DA:794,0
DA:795,0
LF:294
LH:37
BRDA:56,0,0,0
BRDA:58,1,0,0
BRDA:58,1,1,0
BRDA:66,2,0,0
BRDA:66,2,1,0
BRDA:73,3,0,0
BRDA:73,3,1,0
BRDA:74,4,0,0
BRDA:74,4,1,0
BRDA:79,5,0,0
BRDA:79,5,1,0
BRDA:80,6,0,0
BRDA:80,6,1,0
BRDA:85,7,0,0
BRDA:85,7,1,0
BRDA:86,8,0,0
BRDA:86,8,1,0
BRDA:91,9,0,0
BRDA:91,9,1,0
BRDA:93,10,0,0
BRDA:93,10,1,0
BRDA:94,11,0,0
BRDA:94,11,1,0
BRDA:95,12,0,0
BRDA:95,12,1,0
BRDA:100,13,0,0
BRDA:100,13,1,0
BRDA:101,14,0,0
BRDA:101,14,1,0
BRDA:102,15,0,0
BRDA:102,15,1,0
BRDA:106,16,0,0
BRDA:106,16,1,0
BRDA:107,17,0,0
BRDA:107,17,1,0
BRDA:108,18,0,0
BRDA:108,18,1,0
BRDA:116,19,0,0
BRDA:116,19,1,0
BRDA:117,20,0,0
BRDA:117,20,1,0
BRDA:123,21,0,0
BRDA:123,21,1,0
BRDA:130,22,0,0
BRDA:130,22,1,0
BRDA:131,23,0,0
BRDA:131,23,1,0
BRDA:134,24,0,0
BRDA:134,24,1,0
BRDA:135,25,0,0
BRDA:135,25,1,0
BRDA:144,26,0,0
BRDA:144,26,1,0
BRDA:178,27,0,0
BRDA:178,27,1,0
BRDA:178,28,0,0
BRDA:178,28,1,0
BRDA:190,29,0,0
BRDA:190,29,1,0
BRDA:190,30,0,0
BRDA:190,30,1,0
BRDA:206,31,0,0
BRDA:206,31,1,0
BRDA:240,32,0,0
BRDA:240,32,1,0
BRDA:255,33,0,0
BRDA:255,33,1,0
BRDA:257,34,0,0
BRDA:257,34,1,0
BRDA:273,35,0,0
BRDA:273,35,1,0
BRDA:278,36,0,0
BRDA:278,36,1,0
BRDA:280,37,0,0
BRDA:280,37,1,0
BRDA:280,37,2,0
BRDA:285,38,0,0
BRDA:285,38,1,0
BRDA:287,39,0,0
BRDA:287,39,1,0
BRDA:287,39,2,0
BRDA:292,40,0,0
BRDA:292,40,1,0
BRDA:293,41,0,0
BRDA:293,41,1,0
BRDA:298,42,0,0
BRDA:298,42,1,0
BRDA:306,43,0,0
BRDA:306,43,1,0
BRDA:318,44,0,0
BRDA:318,44,1,0
BRDA:338,45,0,0
BRDA:338,45,1,0
BRDA:349,46,0,0
BRDA:349,46,1,0
BRDA:350,47,0,0
BRDA:350,47,1,0
BRDA:350,48,0,0
BRDA:350,48,1,0
BRDA:352,49,0,0
BRDA:352,49,1,0
BRDA:379,50,0,0
BRDA:379,50,1,0
BRDA:387,51,0,0
BRDA:387,51,1,0
BRDA:390,52,0,0
BRDA:390,52,1,0
BRDA:392,53,0,0
BRDA:392,53,1,0
BRDA:398,54,0,0
BRDA:398,54,1,0
BRDA:421,55,0,0
BRDA:421,55,1,0
BRDA:421,56,0,0
BRDA:421,56,1,0
BRDA:425,57,0,0
BRDA:425,57,1,0
BRDA:425,58,0,0
BRDA:425,58,1,0
BRDA:427,59,0,0
BRDA:427,59,1,0
BRDA:429,60,0,0
BRDA:429,60,1,0
BRDA:431,61,0,0
BRDA:431,61,1,0
BRDA:439,62,0,0
BRDA:439,62,1,0
BRDA:441,63,0,0
BRDA:441,63,1,0
BRDA:441,64,0,0
BRDA:441,64,1,0
BRDA:443,65,0,0
BRDA:443,65,1,0
BRDA:448,66,0,0
BRDA:448,66,1,0
BRDA:451,67,0,0
BRDA:451,67,1,0
BRDA:465,68,0,0
BRDA:465,68,1,0
BRDA:475,69,0,0
BRDA:475,69,1,0
BRDA:510,70,0,0
BRDA:510,70,1,0
BRDA:517,71,0,0
BRDA:517,71,1,0
BRDA:525,72,0,0
BRDA:525,72,1,0
BRDA:535,73,0,0
BRDA:535,73,1,0
BRDA:543,74,0,0
BRDA:543,74,1,0
BRDA:570,75,0,0
BRDA:570,75,1,0
BRDA:579,76,0,0
BRDA:579,76,1,0
BRDA:579,77,0,0
BRDA:579,77,1,0
BRDA:595,78,0,0
BRDA:595,78,1,0
BRDA:597,79,0,0
BRDA:597,79,1,0
BRDA:598,80,0,0
BRDA:598,80,1,0
BRDA:598,81,0,0
BRDA:598,81,1,0
BRDA:604,82,0,0
BRDA:604,82,1,0
BRDA:638,83,0,0
BRDA:638,83,1,0
BRDA:645,84,0,0
BRDA:645,84,1,0
BRDA:647,85,0,0
BRDA:647,85,1,0
BRDA:660,86,0,0
BRDA:660,86,1,0
BRDA:664,87,0,0
BRDA:664,87,1,0
BRDA:684,88,0,0
BRDA:684,89,0,0
BRDA:684,90,0,0
BRDA:684,91,0,0
BRDA:687,92,0,0
BRDA:687,92,1,0
BRDA:702,93,0,0
BRDA:702,93,1,0
BRDA:722,94,0,0
BRDA:722,94,1,0
BRDA:748,95,0,0
BRDA:748,95,1,0
BRDA:749,96,0,0
BRDA:749,96,1,0
BRDA:750,97,0,0
BRDA:750,97,1,0
BRDA:751,98,0,0
BRDA:751,98,1,0
BRDA:754,99,0,0
BRDA:754,99,1,0
BRDA:755,100,0,0
BRDA:755,100,1,0
BRDA:756,101,0,0
BRDA:756,101,1,0
BRDA:756,101,2,0
BRDA:757,102,0,0
BRDA:757,102,1,0
BRDA:761,103,0,0
BRDA:761,103,1,0
BRDA:762,104,0,0
BRDA:762,104,1,0
BRDA:765,105,0,0
BRDA:765,105,1,0
BRDA:770,106,0,0
BRDA:770,106,1,0
BRDA:771,107,0,0
BRDA:771,107,1,0
BRDA:777,108,0,0
BRDA:777,108,1,0
BRDA:782,109,0,0
BRDA:782,109,1,0
BRDA:783,110,0,0
BRDA:783,110,1,0
BRDA:785,111,0,0
BRDA:785,111,1,0
BRDA:789,112,0,0
BRDA:789,112,1,0
BRDA:789,113,0,0
BRDA:789,113,1,0
BRF:226
BRH:0
end_of_record
TN:
SF:src\admin\validators\adminAuth.schemas.js
FNF:0
FNH:0
DA:3,1
DA:12,1
LF:2
LH:2
BRF:0
BRH:0
end_of_record
TN:
SF:src\admin\validators\adminDashboard.schemas.js
FNF:0
FNH:0
DA:3,1
LF:1
LH:1
BRF:0
BRH:0
end_of_record
TN:
SF:src\ai\index.js
FN:7,(anonymous_0)
FN:11,(anonymous_1)
FN:15,(anonymous_2)
FNF:3
FNH:1
FNDA:0,(anonymous_0)
FNDA:0,(anonymous_1)
FNDA:1,(anonymous_2)
DA:7,1
DA:8,0
DA:11,1
DA:12,0
DA:15,1
LF:5
LH:3
BRF:0
BRH:0
end_of_record
TN:
SF:src\ai\clients\gemini.client.js
FN:19,(anonymous_0)
FN:32,(anonymous_1)
FN:39,(anonymous_2)
FN:44,(anonymous_3)
FN:50,(anonymous_4)
FN:53,(anonymous_5)
FN:58,(anonymous_6)
FN:67,(anonymous_7)
FN:76,(anonymous_8)
FN:90,(anonymous_9)
FN:100,(anonymous_10)
FN:113,(anonymous_11)
FN:124,(anonymous_12)
FN:129,(anonymous_13)
FN:133,(anonymous_14)
FN:134,(anonymous_15)
FN:136,(anonymous_16)
FN:181,(anonymous_17)
FN:231,(anonymous_18)
FN:233,(anonymous_19)
FN:289,(anonymous_20)
FN:294,(anonymous_21)
FNF:22
FNH:16
FNDA:3,(anonymous_0)
FNDA:1,(anonymous_1)
FNDA:1,(anonymous_2)
FNDA:3,(anonymous_3)
FNDA:5,(anonymous_4)
FNDA:17,(anonymous_5)
FNDA:1,(anonymous_6)
FNDA:2,(anonymous_7)
FNDA:3,(anonymous_8)
FNDA:1,(anonymous_9)
FNDA:1,(anonymous_10)
FNDA:0,(anonymous_11)
FNDA:0,(anonymous_12)
FNDA:0,(anonymous_13)
FNDA:0,(anonymous_14)
FNDA:0,(anonymous_15)
FNDA:2,(anonymous_16)
FNDA:3,(anonymous_17)
FNDA:0,(anonymous_18)
FNDA:1,(anonymous_19)
FNDA:2,(anonymous_20)
FNDA:2,(anonymous_21)
DA:4,2
DA:6,2
DA:12,2
DA:19,2
DA:20,3
DA:21,3
DA:22,3
DA:28,0
DA:32,2
DA:33,1
DA:34,1
DA:35,0
DA:38,1
DA:39,1
DA:44,2
DA:45,3
DA:46,0
DA:50,2
DA:51,5
DA:53,2
DA:54,17
DA:58,2
DA:59,1
DA:60,1
DA:64,1
DA:67,2
DA:68,2
DA:69,2
DA:73,2
DA:76,2
DA:77,3
DA:78,0
DA:81,3
DA:82,1
DA:85,2
DA:90,2
DA:91,1
DA:92,1
DA:95,0
DA:100,2
DA:101,1
DA:113,2
DA:114,0
DA:116,0
DA:117,0
DA:120,0
DA:121,0
DA:123,0
DA:125,0
DA:129,0
DA:133,2
DA:134,2
DA:136,2
DA:137,2
DA:152,2
DA:153,1
DA:161,1
DA:162,1
DA:164,1
DA:165,0
DA:174,1
DA:181,2
DA:182,3
DA:206,3
DA:207,2
DA:215,1
DA:216,1
DA:218,1
DA:219,0
DA:224,1
DA:231,2
DA:233,2
DA:234,1
DA:235,1
DA:236,1
DA:238,1
DA:239,2
DA:241,2
DA:242,1
DA:245,1
DA:251,1
DA:257,0
DA:260,0
DA:267,0
DA:274,0
DA:275,0
DA:276,0
DA:281,0
DA:282,0
DA:289,2
DA:290,2
DA:291,2
DA:292,2
DA:294,2
DA:295,2
DA:296,3
DA:297,0
DA:300,3
DA:301,3
DA:307,3
DA:308,1
DA:311,2
DA:312,2
DA:318,1
DA:324,1
DA:331,0
DA:338,0
DA:341,2
DA:342,1
DA:343,1
DA:346,0
DA:347,0
DA:348,0
DA:353,0
DA:354,0
DA:355,0
DA:358,0
LF:117
LH:84
BRDA:23,0,0,3
BRDA:23,0,1,0
BRDA:23,0,2,0
BRDA:34,1,0,0
BRDA:34,1,1,1
BRDA:39,2,0,1
BRDA:39,2,1,0
BRDA:45,3,0,0
BRDA:45,3,1,3
BRDA:54,4,0,17
BRDA:54,4,1,0
BRDA:77,5,0,0
BRDA:77,5,1,3
BRDA:81,6,0,1
BRDA:81,6,1,2
BRDA:86,7,0,2
BRDA:86,7,1,0
BRDA:91,8,0,1
BRDA:91,8,1,0
BRDA:96,9,0,0
BRDA:96,9,1,0
BRDA:116,10,0,0
BRDA:116,10,1,0
BRDA:121,11,0,0
BRDA:121,11,1,0
BRDA:125,12,0,0
BRDA:125,12,1,0
BRDA:152,13,0,1
BRDA:152,13,1,1
BRDA:164,14,0,0
BRDA:164,14,1,1
BRDA:164,15,0,1
BRDA:164,15,1,1
BRDA:206,16,0,2
BRDA:206,16,1,1
BRDA:218,17,0,0
BRDA:218,17,1,1
BRDA:241,18,0,1
BRDA:241,18,1,1
BRDA:251,19,0,0
BRDA:251,19,1,1
BRDA:257,20,0,0
BRDA:257,20,1,0
BRDA:283,21,0,0
BRDA:283,21,1,0
BRDA:296,22,0,0
BRDA:296,22,1,3
BRDA:307,23,0,1
BRDA:307,23,1,2
BRDA:312,24,0,1
BRDA:312,24,1,1
BRDA:318,25,0,1
BRDA:318,25,1,0
BRDA:342,26,0,1
BRDA:342,26,1,0
BRDA:354,27,0,0
BRDA:354,27,1,0
BRDA:359,28,0,0
BRDA:359,28,1,0
BRF:59
BRH:28
end_of_record
TN:
SF:src\ai\clients\openai.client.js
FN:8,(anonymous_0)
FN:10,(anonymous_1)
FNF:2
FNH:0
FNDA:0,(anonymous_0)
FNDA:0,(anonymous_1)
DA:6,1
DA:8,1
DA:10,1
DA:11,0
DA:12,0
DA:15,0
DA:16,0
DA:19,0
DA:20,0
LF:9
LH:3
BRDA:11,0,0,0
BRDA:11,0,1,0
BRDA:15,1,0,0
BRDA:15,1,1,0
BRF:4
BRH:0
end_of_record
TN:
SF:src\ai\clients\redis.client.js
FN:15,(anonymous_0)
FN:19,(anonymous_1)
FN:34,(anonymous_2)
FN:38,(anonymous_3)
FN:43,(anonymous_4)
FN:50,(anonymous_5)
FN:67,(anonymous_6)
FN:82,(anonymous_7)
FNF:8
FNH:1
FNDA:0,(anonymous_0)
FNDA:0,(anonymous_1)
FNDA:0,(anonymous_2)
FNDA:0,(anonymous_3)
FNDA:0,(anonymous_4)
FNDA:0,(anonymous_5)
FNDA:0,(anonymous_6)
FNDA:1,(anonymous_7)
DA:6,1
DA:8,1
DA:15,1
DA:16,0
DA:19,1
DA:20,0
DA:21,0
DA:24,0
DA:25,0
DA:28,0
DA:34,0
DA:35,0
DA:38,0
DA:39,0
DA:40,0
DA:43,0
DA:44,0
DA:47,0
DA:50,1
DA:51,0
DA:52,0
DA:53,0
DA:56,0
DA:57,0
DA:58,0
DA:59,0
DA:60,0
DA:62,0
DA:63,0
DA:67,1
DA:68,0
DA:69,0
DA:72,0
DA:73,0
DA:75,0
DA:78,0
DA:79,0
DA:82,1
LF:38
LH:7
BRDA:20,0,0,0
BRDA:20,0,1,0
BRDA:24,1,0,0
BRDA:24,1,1,0
BRDA:51,2,0,0
BRDA:51,2,1,0
BRDA:68,3,0,0
BRDA:68,3,1,0
BRF:8
BRH:0
end_of_record
TN:
SF:src\ai\controllers\ai.controller.js
FN:10,(anonymous_0)
FN:15,(anonymous_1)
FN:26,(anonymous_2)
FN:119,(anonymous_3)
FN:124,(anonymous_4)
FNF:5
FNH:0
FNDA:0,(anonymous_0)
FNDA:0,(anonymous_1)
FNDA:0,(anonymous_2)
FNDA:0,(anonymous_3)
FNDA:0,(anonymous_4)
DA:10,1
DA:11,0
DA:12,0
DA:15,1
DA:16,0
DA:17,0
DA:18,0
DA:19,0
DA:21,0
DA:22,0
DA:26,1
DA:31,0
DA:32,0
DA:34,0
DA:44,0
DA:45,0
DA:46,0
DA:47,0
DA:50,0
DA:51,0
DA:52,0
DA:55,0
DA:60,0
DA:62,0
DA:68,0
DA:69,0
DA:71,0
DA:80,0
DA:81,0
DA:87,0
DA:109,0
DA:110,0
DA:113,0
DA:115,0
DA:120,0
DA:121,0
DA:125,0
DA:126,0
DA:129,0
DA:130,0
DA:134,0
DA:142,0
DA:165,0
DA:167,0
DA:182,0
DA:183,0
DA:184,0
DA:194,0
DA:197,0
DA:202,0
LF:50
LH:3
BRDA:21,0,0,0
BRDA:21,0,1,0
BRDA:30,1,0,0
BRDA:34,2,0,0
BRDA:34,2,1,0
BRDA:34,3,0,0
BRDA:34,3,1,0
BRDA:36,4,0,0
BRDA:36,4,1,0
BRDA:36,5,0,0
BRDA:36,5,1,0
BRDA:38,6,0,0
BRDA:38,6,1,0
BRDA:40,7,0,0
BRDA:40,7,1,0
BRDA:45,8,0,0
BRDA:45,8,1,0
BRDA:50,9,0,0
BRDA:50,9,1,0
BRDA:68,10,0,0
BRDA:68,10,1,0
BRDA:69,11,0,0
BRDA:69,11,1,0
BRDA:75,12,0,0
BRDA:75,12,1,0
BRDA:78,13,0,0
BRDA:78,13,1,0
BRDA:89,14,0,0
BRDA:89,14,1,0
BRDA:96,15,0,0
BRDA:96,15,1,0
BRDA:97,16,0,0
BRDA:97,16,1,0
BRDA:100,17,0,0
BRDA:100,17,1,0
BRDA:105,18,0,0
BRDA:105,18,1,0
BRDA:120,19,0,0
BRDA:120,19,1,0
BRDA:125,20,0,0
BRDA:125,20,1,0
BRDA:138,21,0,0
BRDA:138,21,1,0
BRDA:139,22,0,0
BRDA:139,22,1,0
BRDA:144,23,0,0
BRDA:144,23,1,0
BRDA:148,24,0,0
BRDA:148,24,1,0
BRDA:149,25,0,0
BRDA:149,25,1,0
BRDA:151,26,0,0
BRDA:151,26,1,0
BRDA:152,27,0,0
BRDA:152,27,1,0
BRDA:155,28,0,0
BRDA:155,28,1,0
BRDA:161,29,0,0
BRDA:161,29,1,0
BRDA:169,30,0,0
BRDA:169,30,1,0
BRDA:171,31,0,0
BRDA:171,31,1,0
BRDA:179,32,0,0
BRDA:179,32,1,0
BRDA:182,33,0,0
BRDA:182,33,1,0
BRDA:183,34,0,0
BRDA:183,34,1,0
BRDA:186,35,0,0
BRDA:186,35,1,0
BRDA:188,36,0,0
BRDA:188,36,1,0
BRDA:190,37,0,0
BRDA:190,37,1,0
BRDA:192,38,0,0
BRDA:192,38,1,0
BRDA:198,39,0,0
BRDA:198,39,1,0
BRF:79
BRH:0
end_of_record
TN:
SF:src\ai\models\AiQueryRecord.js
FNF:0
FNH:0
DA:3,1
DA:88,1
DA:89,1
DA:91,1
LF:4
LH:4
BRF:0
BRH:0
end_of_record
TN:
SF:src\ai\prompts\queryPrompt.builder.js
FN:1,(anonymous_0)
FN:12,(anonymous_1)
FN:13,(anonymous_2)
FN:22,(anonymous_3)
FN:26,(anonymous_4)
FN:28,(anonymous_5)
FN:43,(anonymous_6)
FNF:7
FNH:0
FNDA:0,(anonymous_0)
FNDA:0,(anonymous_1)
FNDA:0,(anonymous_2)
FNDA:0,(anonymous_3)
FNDA:0,(anonymous_4)
FNDA:0,(anonymous_5)
FNDA:0,(anonymous_6)
DA:1,1
DA:2,0
DA:5,0
DA:6,0
DA:9,0
DA:12,1
DA:13,0
DA:22,1
DA:23,0
DA:25,0
DA:27,0
DA:28,0
DA:30,0
DA:40,0
DA:44,0
DA:49,0
DA:57,0
DA:72,0
LF:18
LH:3
BRDA:1,0,0,0
BRDA:2,1,0,0
BRDA:2,1,1,0
BRDA:5,2,0,0
BRDA:5,2,1,0
BRDA:9,3,0,0
BRDA:9,3,1,0
BRDA:15,4,0,0
BRDA:15,4,1,0
BRDA:16,5,0,0
BRDA:16,5,1,0
BRDA:18,6,0,0
BRDA:18,6,1,0
BRDA:33,7,0,0
BRDA:33,7,1,0
BRDA:34,8,0,0
BRDA:34,8,1,0
BRDA:35,9,0,0
BRDA:35,9,1,0
BRDA:40,10,0,0
BRDA:40,10,1,0
BRDA:44,11,0,0
BRDA:44,11,1,0
BRDA:44,12,0,0
BRDA:44,12,1,0
BRDA:61,13,0,0
BRDA:61,13,1,0
BRF:27
BRH:0
end_of_record
TN:
SF:src\ai\repositories\vectorSearch.repository.js
FN:6,(anonymous_0)
FN:9,(anonymous_1)
FN:13,(anonymous_2)
FN:14,(anonymous_3)
FN:17,(anonymous_4)
FN:62,(anonymous_5)
FN:74,(anonymous_6)
FN:99,(anonymous_7)
FNF:8
FNH:0
FNDA:0,(anonymous_0)
FNDA:0,(anonymous_1)
FNDA:0,(anonymous_2)
FNDA:0,(anonymous_3)
FNDA:0,(anonymous_4)
FNDA:0,(anonymous_5)
FNDA:0,(anonymous_6)
FNDA:0,(anonymous_7)
DA:6,1
DA:7,0
DA:9,1
DA:10,0
DA:13,0
DA:14,0
DA:17,1
DA:22,0
DA:23,0
DA:52,0
DA:54,0
DA:62,1
DA:67,0
DA:68,0
DA:69,0
DA:73,0
DA:74,0
DA:82,0
DA:99,0
DA:104,0
LF:20
LH:4
BRDA:7,0,0,0
BRDA:7,0,1,0
BRDA:10,1,0,0
BRDA:10,1,1,0
BRDA:20,2,0,0
BRDA:65,3,0,0
BRDA:73,4,0,0
BRDA:73,4,1,0
BRF:8
BRH:0
end_of_record
TN:
SF:src\ai\routes\ai.routes.js
FNF:0
FNH:0
DA:9,1
DA:11,1
LF:2
LH:2
BRF:0
BRH:0
end_of_record
TN:
SF:src\ai\services\graphContext.service.js
FN:11,(anonymous_0)
FN:17,(anonymous_1)
FN:25,(anonymous_2)
FN:36,(anonymous_3)
FN:44,(anonymous_4)
FN:56,(anonymous_5)
FNF:6
FNH:0
FNDA:0,(anonymous_0)
FNDA:0,(anonymous_1)
FNDA:0,(anonymous_2)
FNDA:0,(anonymous_3)
FNDA:0,(anonymous_4)
FNDA:0,(anonymous_5)
DA:6,1
DA:11,1
DA:17,0
DA:25,1
DA:31,0
DA:32,0
DA:35,0
DA:36,0
DA:39,0
DA:40,0
DA:43,0
DA:45,0
DA:54,0
DA:56,0
DA:57,0
DA:58,0
DA:59,0
DA:62,0
DA:67,0
LF:19
LH:3
BRDA:15,0,0,0
BRDA:15,0,1,0
BRDA:16,1,0,0
BRDA:16,1,1,0
BRDA:17,2,0,0
BRDA:17,2,1,0
BRDA:28,3,0,0
BRDA:29,4,0,0
BRDA:31,5,0,0
BRDA:31,5,1,0
BRDA:39,6,0,0
BRDA:39,6,1,0
BRDA:57,7,0,0
BRDA:57,7,1,0
BRDA:63,8,0,0
BRDA:63,8,1,0
BRF:16
BRH:0
end_of_record
TN:
SF:src\ai\services\queryAudit.service.js
FN:4,(anonymous_0)
FN:17,(anonymous_1)
FNF:2
FNH:0
FNDA:0,(anonymous_0)
FNDA:0,(anonymous_1)
DA:4,1
DA:5,0
DA:6,0
DA:7,0
DA:10,0
DA:11,0
DA:14,0
DA:17,1
DA:33,0
DA:34,0
DA:51,0
LF:11
LH:2
BRDA:4,0,0,0
BRDA:5,1,0,0
BRDA:5,1,1,0
BRDA:6,2,0,0
BRDA:6,2,1,0
BRDA:10,3,0,0
BRDA:10,3,1,0
BRDA:22,4,0,0
BRDA:23,5,0,0
BRDA:24,6,0,0
BRDA:25,7,0,0
BRDA:26,8,0,0
BRDA:27,9,0,0
BRDA:28,10,0,0
BRDA:29,11,0,0
BRDA:30,12,0,0
BRDA:31,13,0,0
BRDA:36,14,0,0
BRDA:36,14,1,0
BRDA:43,15,0,0
BRDA:43,15,1,0
BRDA:44,16,0,0
BRDA:44,16,1,0
BRDA:45,17,0,0
BRDA:45,17,1,0
BRDA:46,18,0,0
BRDA:46,18,1,0
BRDA:47,19,0,0
BRDA:47,19,1,0
BRDA:48,20,0,0
BRDA:48,20,1,0
BRDA:56,21,0,0
BRDA:56,21,1,0
BRF:33
BRH:0
end_of_record
TN:
SF:src\ai\services\ragQuery.service.js
FN:23,(anonymous_0)
FN:29,(anonymous_1)
FN:40,(anonymous_2)
FN:102,(anonymous_3)
FN:111,(anonymous_4)
FN:119,(anonymous_5)
FN:129,(anonymous_6)
FN:144,(anonymous_7)
FN:156,(anonymous_8)
FN:176,(anonymous_9)
FN:199,(anonymous_10)
FN:216,(anonymous_11)
FN:237,(anonymous_12)
FN:263,(anonymous_13)
FN:299,(anonymous_14)
FN:308,(anonymous_15)
FN:323,(anonymous_16)
FNF:17
FNH:0
FNDA:0,(anonymous_0)
FNDA:0,(anonymous_1)
FNDA:0,(anonymous_2)
FNDA:0,(anonymous_3)
FNDA:0,(anonymous_4)
FNDA:0,(anonymous_5)
FNDA:0,(anonymous_6)
FNDA:0,(anonymous_7)
FNDA:0,(anonymous_8)
FNDA:0,(anonymous_9)
FNDA:0,(anonymous_10)
FNDA:0,(anonymous_11)
FNDA:0,(anonymous_12)
FNDA:0,(anonymous_13)
FNDA:0,(anonymous_14)
FNDA:0,(anonymous_15)
FNDA:0,(anonymous_16)
DA:23,1
DA:24,0
DA:29,1
DA:30,0
DA:33,0
DA:34,0
DA:37,0
DA:40,1
DA:41,0
DA:42,0
DA:43,0
DA:45,0
DA:46,0
DA:47,0
DA:50,0
DA:56,0
DA:57,0
DA:58,0
DA:61,0
DA:67,0
DA:68,0
DA:69,0
DA:75,0
DA:76,0
DA:82,0
DA:83,0
DA:89,0
DA:90,0
DA:96,0
DA:102,1
DA:103,0
DA:104,0
DA:105,0
DA:108,0
DA:109,0
DA:111,0
DA:112,0
DA:113,0
DA:116,0
DA:119,1
DA:120,0
DA:129,1
DA:134,0
DA:135,0
DA:141,0
DA:144,1
DA:145,0
DA:151,0
DA:152,0
DA:156,1
DA:161,0
DA:162,0
DA:163,0
DA:166,0
DA:167,0
DA:170,0
DA:172,0
DA:176,1
DA:182,0
DA:183,0
DA:184,0
DA:187,0
DA:188,0
DA:199,1
DA:200,0
DA:202,0
DA:207,0
DA:209,0
DA:210,0
DA:213,0
DA:216,1
DA:217,0
DA:218,0
DA:219,0
DA:221,0
DA:222,0
DA:227,0
DA:228,0
DA:231,0
DA:237,1
DA:238,0
DA:239,0
DA:245,0
DA:250,0
DA:256,0
DA:263,1
DA:264,0
DA:266,0
DA:282,0
DA:284,0
DA:285,0
DA:286,0
DA:287,0
DA:290,0
DA:291,0
DA:292,0
DA:296,0
DA:299,1
DA:300,0
DA:305,0
DA:308,1
DA:309,0
DA:310,0
DA:313,0
DA:314,0
DA:317,0
DA:318,0
DA:323,1
DA:330,0
DA:331,0
DA:333,0
DA:334,0
DA:339,0
DA:351,0
DA:352,0
DA:363,0
DA:365,0
DA:371,0
DA:374,0
DA:382,0
DA:383,0
DA:388,0
DA:394,0
DA:395,0
DA:397,0
DA:404,0
DA:405,0
DA:415,0
DA:416,0
DA:419,0
DA:420,0
DA:425,0
DA:426,0
DA:431,0
DA:436,0
DA:441,0
DA:447,0
DA:448,0
DA:451,0
DA:456,0
DA:457,0
DA:460,0
DA:465,0
DA:467,0
DA:468,0
DA:471,0
DA:483,0
DA:490,0
LF:148
LH:16
BRDA:24,0,0,0
BRDA:24,0,1,0
BRDA:30,1,0,0
BRDA:30,1,1,0
BRDA:33,2,0,0
BRDA:33,2,1,0
BRDA:45,3,0,0
BRDA:45,3,1,0
BRDA:46,4,0,0
BRDA:46,4,1,0
BRDA:56,5,0,0
BRDA:56,5,1,0
BRDA:57,6,0,0
BRDA:57,6,1,0
BRDA:67,7,0,0
BRDA:67,7,1,0
BRDA:68,8,0,0
BRDA:68,8,1,0
BRDA:68,9,0,0
BRDA:68,9,1,0
BRDA:75,10,0,0
BRDA:75,10,1,0
BRDA:75,11,0,0
BRDA:75,11,1,0
BRDA:82,12,0,0
BRDA:82,12,1,0
BRDA:89,13,0,0
BRDA:89,13,1,0
BRDA:103,14,0,0
BRDA:103,14,1,0
BRDA:104,15,0,0
BRDA:104,15,1,0
BRDA:104,16,0,0
BRDA:104,16,1,0
BRDA:108,17,0,0
BRDA:108,17,1,0
BRDA:132,18,0,0
BRDA:151,19,0,0
BRDA:151,19,1,0
BRDA:159,20,0,0
BRDA:162,21,0,0
BRDA:162,21,1,0
BRDA:170,22,0,0
BRDA:170,22,1,0
BRDA:179,23,0,0
BRDA:183,24,0,0
BRDA:183,24,1,0
BRDA:209,25,0,0
BRDA:209,25,1,0
BRDA:209,26,0,0
BRDA:209,26,1,0
BRDA:217,27,0,0
BRDA:217,27,1,0
BRDA:221,28,0,0
BRDA:221,28,1,0
BRDA:227,29,0,0
BRDA:227,29,1,0
BRDA:286,30,0,0
BRDA:286,30,1,0
BRDA:291,31,0,0
BRDA:291,31,1,0
BRDA:309,32,0,0
BRDA:309,32,1,0
BRDA:313,33,0,0
BRDA:313,33,1,0
BRDA:313,34,0,0
BRDA:313,34,1,0
BRDA:317,35,0,0
BRDA:317,35,1,0
BRDA:317,35,2,0
BRDA:326,36,0,0
BRDA:333,37,0,0
BRDA:333,37,1,0
BRDA:351,38,0,0
BRDA:351,38,1,0
BRDA:415,39,0,0
BRDA:415,39,1,0
BRDA:419,40,0,0
BRDA:419,40,1,0
BRDA:431,41,0,0
BRDA:431,41,1,0
BRDA:432,42,0,0
BRDA:432,42,1,0
BRDA:432,42,2,0
BRDA:447,43,0,0
BRDA:447,43,1,0
BRDA:456,44,0,0
BRDA:456,44,1,0
BRDA:467,45,0,0
BRDA:467,45,1,0
BRDA:475,46,0,0
BRDA:475,46,1,0
BRDA:478,47,0,0
BRDA:478,47,1,0
BRF:94
BRH:0
end_of_record
TN:
SF:src\ai\validators\ai.schemas.js
FNF:0
FNH:0
DA:3,1
LF:1
LH:1
BRF:0
BRH:0
end_of_record
TN:
SF:src\billing\index.js
FN:5,(anonymous_0)
FNF:1
FNH:1
FNDA:1,(anonymous_0)
DA:5,1
LF:1
LH:1
BRDA:7,0,0,1
BRDA:7,0,1,0
BRF:2
BRH:1
end_of_record
TN:
SF:src\billing\controllers\billing.controller.js
FN:20,(anonymous_0)
FN:63,(anonymous_1)
FN:109,(anonymous_2)
FN:136,(anonymous_3)
FN:141,(anonymous_4)
FN:146,(anonymous_5)
FN:160,(anonymous_6)
FN:179,(anonymous_7)
FN:192,(anonymous_8)
FNF:9
FNH:0
FNDA:0,(anonymous_0)
FNDA:0,(anonymous_1)
FNDA:0,(anonymous_2)
FNDA:0,(anonymous_3)
FNDA:0,(anonymous_4)
FNDA:0,(anonymous_5)
FNDA:0,(anonymous_6)
FNDA:0,(anonymous_7)
FNDA:0,(anonymous_8)
DA:20,1
DA:21,0
DA:22,0
DA:25,0
DA:26,0
DA:29,0
DA:30,0
DA:31,0
DA:34,0
DA:35,0
DA:36,0
DA:37,0
DA:39,0
DA:55,0
DA:63,1
DA:64,0
DA:65,0
DA:67,0
DA:74,0
DA:109,1
DA:110,0
DA:111,0
DA:114,0
DA:115,0
DA:118,0
DA:119,0
DA:121,0
DA:122,0
DA:125,0
DA:130,0
DA:136,1
DA:137,0
DA:138,0
DA:141,1
DA:142,0
DA:143,0
DA:146,1
DA:147,0
DA:148,0
DA:150,0
DA:151,0
DA:154,0
DA:155,0
DA:160,0
DA:171,0
DA:173,0
DA:179,1
DA:180,0
DA:182,0
DA:185,0
DA:192,1
DA:193,0
DA:195,0
DA:196,0
DA:201,0
DA:203,0
DA:204,0
DA:206,0
DA:210,0
DA:212,0
DA:216,0
DA:218,0
DA:221,0
LF:63
LH:8
BRDA:21,0,0,0
BRDA:21,0,1,0
BRDA:25,1,0,0
BRDA:25,1,1,0
BRDA:25,2,0,0
BRDA:25,2,1,0
BRDA:29,3,0,0
BRDA:29,3,1,0
BRDA:30,4,0,0
BRDA:30,4,1,0
BRDA:30,5,0,0
BRDA:30,5,1,0
BRDA:34,6,0,0
BRDA:34,6,1,0
BRDA:34,6,2,0
BRDA:35,7,0,0
BRDA:35,7,1,0
BRDA:35,7,2,0
BRDA:36,8,0,0
BRDA:36,8,1,0
BRDA:37,9,0,0
BRDA:37,9,1,0
BRDA:47,10,0,0
BRDA:47,10,1,0
BRDA:50,11,0,0
BRDA:50,11,1,0
BRDA:52,12,0,0
BRDA:52,12,1,0
BRDA:67,13,0,0
BRDA:67,13,1,0
BRDA:110,14,0,0
BRDA:110,14,1,0
BRDA:114,15,0,0
BRDA:114,15,1,0
BRDA:119,16,0,0
BRDA:119,16,1,0
BRDA:121,17,0,0
BRDA:121,17,1,0
BRDA:147,18,0,0
BRDA:147,18,1,0
BRDA:150,19,0,0
BRDA:150,19,1,0
BRDA:150,20,0,0
BRDA:150,20,1,0
BRDA:162,21,0,0
BRDA:162,21,1,0
BRDA:165,22,0,0
BRDA:165,22,1,0
BRDA:165,22,2,0
BRDA:166,23,0,0
BRDA:166,23,1,0
BRDA:167,24,0,0
BRDA:167,24,1,0
BRDA:168,25,0,0
BRDA:168,25,1,0
BRDA:168,25,2,0
BRDA:180,26,0,0
BRDA:180,26,1,0
BRDA:182,27,0,0
BRDA:182,27,1,0
BRDA:195,28,0,0
BRDA:195,28,1,0
BRDA:201,29,0,0
BRDA:201,29,1,0
BRDA:201,29,2,0
BRDA:201,29,3,0
BRF:66
BRH:0
end_of_record
TN:
SF:src\billing\middleware\stripeWebhook.middleware.js
FN:5,(anonymous_0)
FNF:1
FNH:0
FNDA:0,(anonymous_0)
DA:5,1
DA:6,0
DA:7,0
DA:10,0
DA:11,0
DA:12,0
DA:15,0
DA:16,0
DA:21,0
DA:23,0
LF:10
LH:1
BRDA:6,0,0,0
BRDA:6,0,1,0
BRDA:11,1,0,0
BRDA:11,1,1,0
BRF:4
BRH:0
end_of_record
TN:
SF:src\billing\middleware\usageMetering.middleware.js
FN:10,(anonymous_0)
FN:14,(anonymous_1)
FN:15,(anonymous_2)
FNF:3
FNH:1
FNDA:0,(anonymous_0)
FNDA:2,(anonymous_1)
FNDA:0,(anonymous_2)
DA:10,1
DA:11,0
DA:14,1
DA:15,2
DA:16,0
DA:17,0
DA:20,0
DA:22,0
DA:23,0
DA:26,0
DA:27,0
DA:28,0
DA:29,0
DA:31,0
DA:32,0
DA:42,0
DA:43,0
DA:44,0
DA:45,0
DA:47,0
LF:20
LH:3
BRDA:11,0,0,0
BRDA:11,0,1,0
BRDA:11,0,2,0
BRDA:11,0,3,0
BRDA:14,1,0,0
BRDA:14,2,0,0
BRDA:16,3,0,0
BRDA:16,3,1,0
BRDA:22,4,0,0
BRDA:22,4,1,0
BRDA:31,5,0,0
BRDA:31,5,1,0
BRDA:31,6,0,0
BRDA:31,6,1,0
BRF:14
BRH:0
end_of_record
TN:
SF:src\billing\models\Subscription.js
FNF:0
FNH:0
DA:3,3
DA:42,3
DA:47,3
LF:3
LH:3
BRF:0
BRH:0
end_of_record
TN:
SF:src\billing\models\UsageRecord.js
FNF:0
FNH:0
DA:3,3
DA:15,3
DA:17,3
LF:3
LH:3
BRF:0
BRH:0
end_of_record
TN:
SF:src\billing\routes\billing.routes.js
FNF:0
FNH:0
DA:23,1
DA:25,1
DA:27,1
DA:33,1
DA:39,1
DA:45,1
DA:51,1
DA:57,1
LF:8
LH:8
BRF:0
BRH:0
end_of_record
TN:
SF:src\billing\routes\stripeWebhook.routes.js
FNF:0
FNH:0
DA:6,1
DA:8,1
LF:2
LH:2
BRF:0
BRH:0
end_of_record
TN:
SF:src\billing\services\stripe.service.js
FN:9,(anonymous_0)
FN:63,(anonymous_1)
FN:69,(anonymous_2)
FN:74,(anonymous_3)
FNF:4
FNH:0
FNDA:0,(anonymous_0)
FNDA:0,(anonymous_1)
FNDA:0,(anonymous_2)
FNDA:0,(anonymous_3)
DA:5,3
DA:9,3
DA:20,0
DA:22,0
DA:26,0
DA:54,0
DA:55,0
DA:58,0
DA:60,0
DA:63,3
DA:64,0
DA:69,3
DA:70,0
DA:74,3
DA:75,0
DA:80,0
LF:16
LH:5
BRDA:14,0,0,0
BRDA:15,1,0,0
BRDA:18,2,0,0
BRDA:20,3,0,0
BRDA:20,3,1,0
BRDA:22,4,0,0
BRDA:22,4,1,0
BRDA:22,5,0,0
BRDA:22,5,1,0
BRDA:34,6,0,0
BRDA:34,6,1,0
BRDA:35,7,0,0
BRDA:35,7,1,0
BRDA:44,8,0,0
BRDA:44,8,1,0
BRDA:45,9,0,0
BRDA:45,9,1,0
BRDA:54,10,0,0
BRDA:54,10,1,0
BRDA:66,11,0,0
BRDA:66,11,1,0
BRDA:74,12,0,0
BRDA:80,13,0,0
BRDA:80,13,1,0
BRF:24
BRH:0
end_of_record
TN:
SF:src\billing\services\subscription.service.js
FN:20,(anonymous_0)
FN:38,(anonymous_1)
FN:54,(anonymous_2)
FN:108,(anonymous_3)
FN:130,(anonymous_4)
FN:150,(anonymous_5)
FNF:6
FNH:0
FNDA:0,(anonymous_0)
FNDA:0,(anonymous_1)
FNDA:0,(anonymous_2)
FNDA:0,(anonymous_3)
FNDA:0,(anonymous_4)
FNDA:0,(anonymous_5)
DA:5,3
DA:20,3
DA:21,0
DA:22,0
DA:28,0
DA:29,0
DA:35,0
DA:38,3
DA:39,0
DA:41,0
DA:42,0
DA:51,0
DA:54,3
DA:55,0
DA:56,0
DA:57,0
DA:61,0
DA:65,0
DA:69,0
DA:70,0
DA:72,0
DA:108,3
DA:109,0
DA:113,0
DA:114,0
DA:117,0
DA:130,3
DA:131,0
DA:135,0
DA:136,0
DA:139,0
DA:150,3
DA:151,0
LF:33
LH:7
BRDA:20,0,0,0
BRDA:21,1,0,0
BRDA:21,1,1,0
BRDA:28,2,0,0
BRDA:28,2,1,0
BRDA:41,3,0,0
BRDA:41,3,1,0
BRDA:56,4,0,0
BRDA:56,4,1,0
BRDA:61,5,0,0
BRDA:61,5,1,0
BRDA:63,6,0,0
BRDA:63,6,1,0
BRDA:65,7,0,0
BRDA:65,7,1,0
BRDA:69,8,0,0
BRDA:69,8,1,0
BRDA:77,9,0,0
BRDA:77,9,1,0
BRDA:77,9,2,0
BRDA:82,10,0,0
BRDA:82,10,1,0
BRDA:82,10,2,0
BRDA:86,11,0,0
BRDA:86,11,1,0
BRDA:90,12,0,0
BRDA:90,12,1,0
BRDA:93,13,0,0
BRDA:93,13,1,0
BRDA:109,14,0,0
BRDA:109,14,1,0
BRDA:113,15,0,0
BRDA:113,15,1,0
BRDA:113,16,0,0
BRDA:113,16,1,0
BRDA:131,17,0,0
BRDA:131,17,1,0
BRDA:135,18,0,0
BRDA:135,18,1,0
BRDA:135,19,0,0
BRDA:135,19,1,0
BRF:41
BRH:0
end_of_record
TN:
SF:src\billing\services\usage.service.js
FN:5,(anonymous_0)
FN:19,(anonymous_1)
FN:31,(anonymous_2)
FN:34,(anonymous_3)
FN:51,(anonymous_4)
FN:72,(anonymous_5)
FNF:6
FNH:3
FNDA:3,(anonymous_0)
FNDA:2,(anonymous_1)
FNDA:0,(anonymous_2)
FNDA:0,(anonymous_3)
FNDA:1,(anonymous_4)
FNDA:0,(anonymous_5)
DA:5,3
DA:6,3
DA:9,3
DA:12,3
DA:16,3
DA:19,3
DA:20,2
DA:21,0
DA:24,2
DA:25,1
DA:28,1
DA:31,3
DA:32,0
DA:34,3
DA:35,0
DA:36,0
DA:38,0
DA:39,0
DA:42,0
DA:51,3
DA:56,1
DA:58,1
DA:72,3
DA:73,0
DA:74,0
DA:75,0
DA:77,0
LF:27
LH:16
BRDA:5,0,0,0
BRDA:20,1,0,0
BRDA:20,1,1,2
BRDA:24,2,0,1
BRDA:24,2,1,1
BRDA:34,3,0,0
BRDA:38,4,0,0
BRDA:38,4,1,0
BRDA:53,5,0,0
BRDA:54,6,0,0
BRDA:80,7,0,0
BRDA:80,7,1,0
BRDA:81,8,0,0
BRDA:81,8,1,0
BRDA:82,9,0,0
BRDA:82,9,1,0
BRF:16
BRH:3
end_of_record
TN:
SF:src\billing\validators\billing.schemas.js
FNF:0
FNH:0
DA:3,2
DA:19,2
DA:29,2
DA:38,2
DA:44,2
LF:5
LH:5
BRF:0
BRH:0
end_of_record
TN:
SF:src\config\env.js
FN:15,(anonymous_0)
FN:20,(anonymous_1)
FN:28,(anonymous_2)
FN:31,(anonymous_3)
FN:34,(anonymous_4)
FN:45,(anonymous_5)
FNF:6
FNH:5
FNDA:115,(anonymous_0)
FNDA:45,(anonymous_1)
FNDA:20,(anonymous_2)
FNDA:20,(anonymous_3)
FNDA:5,(anonymous_4)
FNDA:0,(anonymous_5)
DA:5,5
DA:6,5
DA:7,5
DA:9,5
DA:13,5
DA:15,5
DA:16,115
DA:17,115
DA:20,5
DA:21,45
DA:22,45
DA:25,0
DA:28,5
DA:29,20
DA:31,20
DA:34,5
DA:35,5
DA:38,5
DA:39,5
DA:42,0
DA:45,5
DA:46,0
DA:47,0
DA:51,5
DA:52,0
DA:77,0
DA:78,0
DA:79,0
DA:80,0
DA:82,0
DA:83,0
DA:89,5
LF:32
LH:21
BRDA:5,0,0,5
BRDA:5,0,1,0
BRDA:10,1,0,0
BRDA:10,1,1,5
BRDA:17,2,0,115
BRDA:17,2,1,0
BRDA:20,3,0,0
BRDA:21,4,0,45
BRDA:21,4,1,0
BRDA:29,5,0,20
BRDA:29,5,1,15
BRDA:35,6,0,5
BRDA:35,6,1,5
BRDA:38,7,0,5
BRDA:38,7,1,0
BRDA:46,8,0,0
BRDA:46,8,1,0
BRDA:51,9,0,0
BRDA:51,9,1,5
BRDA:82,10,0,0
BRDA:82,10,1,0
BRDA:82,11,0,0
BRDA:82,11,1,0
BRDA:82,11,2,0
BRDA:82,11,3,0
BRDA:90,12,0,5
BRDA:90,12,1,0
BRDA:91,13,0,5
BRDA:91,13,1,5
BRDA:92,14,0,5
BRDA:92,14,1,5
BRDA:94,15,0,5
BRDA:94,15,1,5
BRDA:94,15,2,5
BRDA:97,16,0,5
BRDA:97,16,1,5
BRDA:99,17,0,5
BRDA:99,17,1,5
BRDA:99,17,2,5
BRDA:102,18,0,5
BRDA:102,18,1,5
BRDA:112,19,0,5
BRDA:112,19,1,5
BRDA:118,20,0,5
BRDA:118,20,1,5
BRDA:118,20,2,5
BRDA:122,21,0,5
BRDA:122,21,1,5
BRDA:122,21,2,5
BRDA:126,22,0,5
BRDA:126,22,1,5
BRDA:126,22,2,5
BRDA:130,23,0,5
BRDA:130,23,1,5
BRDA:130,23,2,5
BRDA:134,24,0,5
BRDA:134,24,1,5
BRDA:134,24,2,5
BRDA:138,25,0,5
BRDA:138,25,1,5
BRDA:138,25,2,5
BRDA:142,26,0,5
BRDA:142,26,1,5
BRDA:142,26,2,5
BRDA:147,27,0,5
BRDA:147,27,1,5
BRDA:149,28,0,5
BRDA:149,28,1,5
BRDA:149,28,2,5
BRDA:154,29,0,5
BRDA:154,29,1,5
BRDA:154,29,2,5
BRDA:158,30,0,5
BRDA:158,30,1,5
BRDA:158,30,2,5
BRDA:162,31,0,5
BRDA:162,31,1,5
BRDA:167,32,0,5
BRDA:167,32,1,5
BRDA:167,32,2,5
BRDA:167,32,3,5
BRDA:172,33,0,5
BRDA:172,33,1,5
BRDA:172,33,2,5
BRDA:172,33,3,5
BRDA:177,34,0,5
BRDA:177,34,1,5
BRDA:178,35,0,5
BRDA:178,35,1,5
BRDA:180,36,0,5
BRDA:180,36,1,5
BRDA:185,37,0,5
BRDA:185,37,1,5
BRDA:188,38,0,5
BRDA:188,38,1,5
BRDA:188,38,2,5
BRDA:192,39,0,5
BRDA:192,39,1,5
BRDA:195,40,0,5
BRDA:195,40,1,5
BRDA:198,41,0,5
BRDA:198,41,1,5
BRDA:204,42,0,5
BRDA:204,42,1,5
BRDA:211,43,0,5
BRDA:211,43,1,5
BRDA:213,44,0,5
BRDA:213,44,1,5
BRDA:214,45,0,5
BRDA:214,45,1,5
BRDA:216,46,0,5
BRDA:216,46,1,5
BRDA:220,47,0,5
BRDA:220,47,1,5
BRDA:222,48,0,5
BRDA:222,48,1,5
BRDA:223,49,0,5
BRDA:223,49,1,5
BRDA:224,50,0,5
BRDA:224,50,1,5
BRDA:226,51,0,5
BRDA:226,51,1,5
BRDA:227,52,0,5
BRDA:227,52,1,5
BRDA:229,53,0,5
BRDA:229,53,1,5
BRDA:230,54,0,5
BRDA:230,54,1,5
BRDA:232,55,0,5
BRDA:232,55,1,5
BRDA:233,56,0,5
BRDA:233,56,1,5
BRDA:234,57,0,5
BRDA:234,57,1,5
BRDA:236,58,0,5
BRDA:236,58,1,5
BRDA:237,59,0,5
BRDA:237,59,1,5
BRDA:239,60,0,5
BRDA:239,60,1,5
BRDA:239,60,2,5
BRDA:242,61,0,5
BRDA:242,61,1,5
BRDA:243,62,0,5
BRDA:243,62,1,5
BRDA:251,63,0,5
BRDA:251,63,1,5
BRDA:255,64,0,5
BRDA:255,64,1,5
BRDA:257,65,0,5
BRDA:257,65,1,5
BRDA:259,66,0,5
BRDA:259,66,1,5
BRDA:261,67,0,5
BRDA:261,67,1,5
BRDA:263,68,0,5
BRDA:263,68,1,5
BRDA:265,69,0,5
BRDA:265,69,1,5
BRDA:267,70,0,5
BRDA:267,70,1,5
BRDA:271,71,0,5
BRDA:271,71,1,5
BRDA:273,72,0,5
BRDA:273,72,1,5
BRDA:277,73,0,5
BRDA:277,73,1,5
BRDA:278,74,0,5
BRDA:278,74,1,5
BRDA:279,75,0,5
BRDA:279,75,1,5
BRDA:280,76,0,5
BRDA:280,76,1,5
BRDA:282,77,0,5
BRDA:282,77,1,5
BRDA:299,78,0,5
BRDA:299,78,1,5
BRDA:299,78,2,5
BRDA:303,79,0,5
BRDA:303,79,1,5
BRDA:304,80,0,5
BRDA:304,80,1,5
BRDA:305,81,0,5
BRDA:305,81,1,5
BRDA:307,82,0,5
BRDA:307,82,1,5
BRDA:310,83,0,5
BRDA:310,83,1,5
BRDA:312,84,0,5
BRDA:312,84,1,5
BRDA:313,85,0,5
BRDA:313,85,1,5
BRDA:318,86,0,5
BRDA:318,86,1,5
BRDA:319,87,0,5
BRDA:319,87,1,5
BRDA:325,88,0,5
BRDA:325,88,1,5
BRF:198
BRH:182
end_of_record
TN:
SF:src\config\graphStatus.js
FN:10,(anonymous_0)
FN:14,(anonymous_1)
FN:19,(anonymous_2)
FN:24,(anonymous_3)
FNF:4
FNH:1
FNDA:0,(anonymous_0)
FNDA:0,(anonymous_1)
FNDA:0,(anonymous_2)
FNDA:1,(anonymous_3)
DA:1,1
DA:10,1
DA:11,0
DA:14,1
DA:15,0
DA:16,0
DA:19,1
DA:20,0
DA:21,0
DA:24,1
LF:10
LH:5
BRF:0
BRH:0
end_of_record
TN:
SF:src\config\ingestionStatus.js
FN:9,(anonymous_0)
FN:13,(anonymous_1)
FN:18,(anonymous_2)
FNF:3
FNH:1
FNDA:0,(anonymous_0)
FNDA:0,(anonymous_1)
FNDA:1,(anonymous_2)
DA:1,1
DA:9,1
DA:10,0
DA:13,1
DA:14,0
DA:15,0
DA:18,1
LF:7
LH:4
BRF:0
BRH:0
end_of_record
TN:
SF:src\config\loggers.js
FNF:0
FNH:0
DA:3,2
DA:29,2
DA:30,2
LF:3
LH:3
BRDA:29,0,0,2
BRDA:29,0,1,0
BRF:2
BRH:1
end_of_record
TN:
SF:src\config\passport.js
FN:7,(anonymous_0)
FN:19,(anonymous_1)
FN:61,(anonymous_2)
FN:69,(anonymous_3)
FN:94,(anonymous_4)
FNF:5
FNH:1
FNDA:0,(anonymous_0)
FNDA:0,(anonymous_1)
FNDA:1,(anonymous_2)
FNDA:0,(anonymous_3)
FNDA:0,(anonymous_4)
DA:7,1
DA:8,0
DA:9,0
DA:12,0
DA:13,0
DA:16,0
DA:19,1
DA:20,0
DA:21,0
DA:22,0
DA:26,0
DA:28,0
DA:29,0
DA:30,0
DA:33,0
DA:34,0
DA:35,0
DA:41,0
DA:42,0
DA:43,0
DA:46,0
DA:47,0
DA:58,0
DA:61,1
DA:62,1
DA:70,0
DA:71,0
DA:76,0
DA:80,0
DA:86,1
DA:95,0
DA:96,0
DA:101,0
DA:110,0
LF:34
LH:5
BRDA:8,0,0,0
BRDA:8,0,1,0
BRDA:12,1,0,0
BRDA:12,1,1,0
BRDA:21,2,0,0
BRDA:21,2,1,0
BRDA:26,3,0,0
BRDA:26,3,1,0
BRDA:29,4,0,0
BRDA:29,4,1,0
BRDA:34,5,0,0
BRDA:34,5,1,0
BRDA:37,6,0,0
BRDA:37,6,1,0
BRDA:46,7,0,0
BRDA:46,7,1,0
BRDA:46,7,2,0
BRDA:53,8,0,0
BRDA:53,8,1,0
BRDA:104,9,0,0
BRDA:104,9,1,0
BRDA:106,10,0,0
BRDA:106,10,1,0
BRDA:106,10,2,0
BRF:24
BRH:0
end_of_record
TN:
SF:src\controllers\auth.controller.js
FN:23,(anonymous_0)
FN:37,(anonymous_1)
FN:38,(anonymous_2)
FN:39,(anonymous_3)
FN:41,(anonymous_4)
FN:49,(anonymous_5)
FN:59,(anonymous_6)
FN:103,(anonymous_7)
FN:117,(anonymous_8)
FN:132,(anonymous_9)
FN:165,(anonymous_10)
FN:193,(anonymous_11)
FN:214,(anonymous_12)
FN:223,(anonymous_13)
FN:278,(anonymous_14)
FN:326,(anonymous_15)
FN:374,(anonymous_16)
FN:391,(anonymous_17)
FN:400,(anonymous_18)
FN:437,(anonymous_19)
FN:457,(anonymous_20)
FN:478,(anonymous_21)
FNF:22
FNH:1
FNDA:0,(anonymous_0)
FNDA:0,(anonymous_1)
FNDA:0,(anonymous_2)
FNDA:0,(anonymous_3)
FNDA:0,(anonymous_4)
FNDA:0,(anonymous_5)
FNDA:0,(anonymous_6)
FNDA:0,(anonymous_7)
FNDA:0,(anonymous_8)
FNDA:0,(anonymous_9)
FNDA:0,(anonymous_10)
FNDA:0,(anonymous_11)
FNDA:0,(anonymous_12)
FNDA:0,(anonymous_13)
FNDA:0,(anonymous_14)
FNDA:1,(anonymous_15)
FNDA:0,(anonymous_16)
FNDA:0,(anonymous_17)
FNDA:0,(anonymous_18)
FNDA:0,(anonymous_19)
FNDA:0,(anonymous_20)
FNDA:0,(anonymous_21)
DA:23,1
DA:24,0
DA:30,0
DA:31,0
DA:34,0
DA:37,1
DA:38,1
DA:39,1
DA:41,1
DA:42,0
DA:49,1
DA:50,0
DA:51,0
DA:54,0
DA:55,0
DA:56,0
DA:59,1
DA:60,0
DA:61,0
DA:62,0
DA:66,0
DA:68,0
DA:69,0
DA:70,0
DA:72,0
DA:73,0
DA:78,0
DA:80,0
DA:81,0
DA:84,0
DA:88,0
DA:89,0
DA:92,0
DA:102,0
DA:103,0
DA:106,0
DA:107,0
DA:111,0
DA:114,0
DA:117,1
DA:118,0
DA:125,0
DA:126,0
DA:129,0
DA:132,1
DA:137,0
DA:138,0
DA:143,0
DA:149,0
DA:156,0
DA:157,0
DA:158,0
DA:159,0
DA:162,0
DA:165,1
DA:166,0
DA:168,0
DA:169,0
DA:175,0
DA:176,0
DA:177,0
DA:184,0
DA:190,0
DA:193,1
DA:194,0
DA:196,0
DA:197,0
DA:203,0
DA:204,0
DA:211,0
DA:214,1
DA:223,1
DA:224,0
DA:226,0
DA:227,0
DA:228,0
DA:231,0
DA:235,0
DA:243,0
DA:244,0
DA:245,0
DA:247,0
DA:253,0
DA:254,0
DA:255,0
DA:257,0
DA:263,0
DA:264,0
DA:269,0
DA:271,0
DA:278,1
DA:279,0
DA:281,0
DA:284,0
DA:285,0
DA:286,0
DA:294,0
DA:297,0
DA:298,0
DA:306,0
DA:309,0
DA:310,0
DA:312,0
DA:313,0
DA:318,0
DA:320,0
DA:326,1
DA:327,1
DA:328,1
DA:329,1
DA:333,0
DA:334,0
DA:336,0
DA:339,0
DA:340,0
DA:343,0
DA:347,0
DA:352,0
DA:355,0
DA:356,0
DA:357,0
DA:360,0
DA:361,0
DA:366,0
DA:368,0
DA:374,1
DA:375,0
DA:377,0
DA:378,0
DA:379,0
DA:381,0
DA:382,0
DA:383,0
DA:387,0
DA:388,0
DA:391,1
DA:392,0
DA:393,0
DA:394,0
DA:397,0
DA:400,1
DA:401,0
DA:402,0
DA:407,0
DA:408,0
DA:411,0
DA:412,0
DA:413,0
DA:416,0
DA:417,0
DA:418,0
DA:420,0
DA:422,0
DA:423,0
DA:428,0
DA:430,0
DA:437,1
DA:438,0
DA:440,0
DA:441,0
DA:442,0
DA:443,0
DA:445,0
DA:451,0
DA:457,1
DA:458,0
DA:460,0
DA:461,0
DA:462,0
DA:463,0
DA:464,0
DA:466,0
DA:472,0
DA:478,1
DA:479,0
DA:481,0
DA:482,0
DA:487,0
DA:488,0
DA:491,0
DA:492,0
DA:493,0
DA:496,0
DA:497,0
DA:499,0
DA:507,0
DA:515,0
DA:517,0
LF:188
LH:24
BRDA:23,0,0,0
BRDA:30,1,0,0
BRDA:30,1,1,0
BRDA:50,2,0,0
BRDA:50,2,1,0
BRDA:60,3,0,0
BRDA:60,3,1,0
BRDA:61,4,0,0
BRDA:61,4,1,0
BRDA:66,5,0,0
BRDA:66,5,1,0
BRDA:80,6,0,0
BRDA:80,6,1,0
BRDA:88,7,0,0
BRDA:88,7,1,0
BRDA:106,8,0,0
BRDA:106,8,1,0
BRDA:125,9,0,0
BRDA:125,9,1,0
BRDA:129,10,0,0
BRDA:129,10,1,0
BRDA:134,11,0,0
BRDA:135,12,0,0
BRDA:156,13,0,0
BRDA:156,13,1,0
BRDA:227,14,0,0
BRDA:227,14,1,0
BRDA:231,15,0,0
BRDA:231,15,1,0
BRDA:232,16,0,0
BRDA:232,16,1,0
BRDA:239,17,0,0
BRDA:239,17,1,0
BRDA:243,18,0,0
BRDA:243,18,1,0
BRDA:243,19,0,0
BRDA:243,19,1,0
BRDA:284,20,0,0
BRDA:284,20,1,0
BRDA:284,21,0,0
BRDA:284,21,1,0
BRDA:285,22,0,0
BRDA:285,22,1,0
BRDA:288,23,0,0
BRDA:288,23,1,0
BRDA:297,24,0,0
BRDA:297,24,1,0
BRDA:300,25,0,0
BRDA:300,25,1,0
BRDA:328,26,0,1
BRDA:328,26,1,0
BRDA:339,27,0,0
BRDA:339,27,1,0
BRDA:347,28,0,0
BRDA:347,28,1,0
BRDA:348,29,0,0
BRDA:348,29,1,0
BRDA:348,29,2,0
BRDA:356,30,0,0
BRDA:356,30,1,0
BRDA:360,31,0,0
BRDA:360,31,1,0
BRDA:377,32,0,0
BRDA:377,32,1,0
BRDA:381,33,0,0
BRDA:381,33,1,0
BRDA:381,34,0,0
BRDA:381,34,1,0
BRDA:393,35,0,0
BRDA:393,35,1,0
BRDA:407,36,0,0
BRDA:407,36,1,0
BRDA:412,37,0,0
BRDA:412,37,1,0
BRDA:441,38,0,0
BRDA:441,38,1,0
BRDA:441,39,0,0
BRDA:441,39,1,0
BRDA:462,40,0,0
BRDA:462,40,1,0
BRDA:487,41,0,0
BRDA:487,41,1,0
BRDA:492,42,0,0
BRDA:492,42,1,0
BRF:84
BRH:1
end_of_record
TN:
SF:src\controllers\oauth.controller.js
FN:15,(anonymous_0)
FN:17,(anonymous_1)
FN:35,(anonymous_2)
FN:93,(anonymous_3)
FNF:4
FNH:0
FNDA:0,(anonymous_0)
FNDA:0,(anonymous_1)
FNDA:0,(anonymous_2)
FNDA:0,(anonymous_3)
DA:15,1
DA:17,1
DA:19,0
DA:23,0
DA:24,0
DA:27,0
DA:32,0
DA:35,1
DA:36,0
DA:37,0
DA:38,0
DA:41,0
DA:43,0
DA:50,0
DA:58,0
DA:65,0
DA:66,0
DA:67,0
DA:69,0
DA:70,0
DA:89,0
DA:90,0
DA:93,1
DA:94,0
LF:24
LH:4
BRDA:19,0,0,0
BRDA:19,0,1,0
BRDA:19,1,0,0
BRDA:19,1,1,0
BRDA:23,2,0,0
BRDA:23,2,1,0
BRDA:32,3,0,0
BRDA:32,3,1,0
BRDA:37,4,0,0
BRDA:37,4,1,0
BRDA:65,5,0,0
BRDA:65,5,1,0
BRDA:66,6,0,0
BRDA:66,6,1,0
BRDA:66,7,0,0
BRDA:66,7,1,0
BRDA:69,8,0,0
BRDA:69,8,1,0
BRDA:73,9,0,0
BRDA:73,9,1,0
BRDA:73,9,2,0
BRDA:77,10,0,0
BRDA:77,10,1,0
BRDA:79,11,0,0
BRDA:79,11,1,0
BRF:25
BRH:0
end_of_record
TN:
SF:src\controllers\organisation.controller.js
FN:28,(anonymous_0)
FN:29,(anonymous_1)
FN:31,(anonymous_2)
FN:39,(anonymous_3)
FN:41,(anonymous_4)
FN:55,(anonymous_5)
FN:83,(anonymous_6)
FN:98,(anonymous_7)
FN:108,(anonymous_8)
FN:117,(anonymous_9)
FN:131,(anonymous_10)
FN:143,(anonymous_11)
FN:195,(anonymous_12)
FN:201,(anonymous_13)
FN:212,(anonymous_14)
FN:216,(anonymous_15)
FN:223,(anonymous_16)
FN:234,(anonymous_17)
FN:273,(anonymous_18)
FN:296,(anonymous_19)
FN:320,(anonymous_20)
FN:388,(anonymous_21)
FN:405,(anonymous_22)
FN:467,(anonymous_23)
FN:583,(anonymous_24)
FN:587,(anonymous_25)
FNF:26
FNH:0
FNDA:0,(anonymous_0)
FNDA:0,(anonymous_1)
FNDA:0,(anonymous_2)
FNDA:0,(anonymous_3)
FNDA:0,(anonymous_4)
FNDA:0,(anonymous_5)
FNDA:0,(anonymous_6)
FNDA:0,(anonymous_7)
FNDA:0,(anonymous_8)
FNDA:0,(anonymous_9)
FNDA:0,(anonymous_10)
FNDA:0,(anonymous_11)
FNDA:0,(anonymous_12)
FNDA:0,(anonymous_13)
FNDA:0,(anonymous_14)
FNDA:0,(anonymous_15)
FNDA:0,(anonymous_16)
FNDA:0,(anonymous_17)
FNDA:0,(anonymous_18)
FNDA:0,(anonymous_19)
FNDA:0,(anonymous_20)
FNDA:0,(anonymous_21)
FNDA:0,(anonymous_22)
FNDA:0,(anonymous_23)
FNDA:0,(anonymous_24)
FNDA:0,(anonymous_25)
DA:21,1
DA:28,1
DA:29,1
DA:31,1
DA:32,0
DA:39,1
DA:41,1
DA:42,0
DA:48,0
DA:49,0
DA:52,0
DA:55,1
DA:56,0
DA:57,0
DA:59,0
DA:64,0
DA:70,0
DA:77,0
DA:83,1
DA:84,0
DA:98,1
DA:99,0
DA:101,0
DA:102,0
DA:105,0
DA:108,1
DA:109,0
DA:110,0
DA:117,1
DA:118,0
DA:124,0
DA:125,0
DA:128,0
DA:131,1
DA:132,0
DA:133,0
DA:136,0
DA:137,0
DA:140,0
DA:143,1
DA:144,0
DA:146,0
DA:147,0
DA:148,0
DA:152,0
DA:155,0
DA:156,0
DA:163,0
DA:164,0
DA:167,0
DA:170,0
DA:180,0
DA:185,0
DA:187,0
DA:195,1
DA:196,0
DA:201,0
DA:203,0
DA:204,0
DA:207,0
DA:211,0
DA:212,0
DA:215,0
DA:216,0
DA:223,1
DA:224,0
DA:225,0
DA:226,0
DA:228,0
DA:234,1
DA:235,0
DA:236,0
DA:237,0
DA:242,0
DA:243,0
DA:246,0
DA:247,0
DA:248,0
DA:249,0
DA:250,0
DA:251,0
DA:253,0
DA:254,0
DA:260,0
DA:265,0
DA:266,0
DA:269,0
DA:273,1
DA:274,0
DA:275,0
DA:276,0
DA:281,0
DA:282,0
DA:285,0
DA:291,0
DA:296,1
DA:297,0
DA:298,0
DA:299,0
DA:301,0
DA:302,0
DA:305,0
DA:310,0
DA:312,0
DA:320,1
DA:321,0
DA:322,0
DA:324,0
DA:327,0
DA:328,0
DA:331,0
DA:333,0
DA:339,0
DA:340,0
DA:343,0
DA:349,0
DA:350,0
DA:357,0
DA:368,0
DA:370,0
DA:380,0
DA:388,1
DA:389,0
DA:390,0
DA:391,0
DA:393,0
DA:400,0
DA:405,1
DA:406,0
DA:407,0
DA:409,0
DA:412,0
DA:418,0
DA:419,0
DA:422,0
DA:423,0
DA:426,0
DA:427,0
DA:430,0
DA:435,0
DA:441,0
DA:442,0
DA:443,0
DA:445,0
DA:452,0
DA:453,0
DA:461,0
DA:467,1
DA:468,0
DA:469,0
DA:470,0
DA:472,0
DA:473,0
DA:476,0
DA:477,0
DA:480,0
DA:484,0
DA:485,0
DA:486,0
DA:492,0
DA:495,0
DA:496,0
DA:502,0
DA:508,0
DA:509,0
DA:512,0
DA:513,0
DA:514,0
DA:515,0
DA:518,0
DA:519,0
DA:524,0
DA:525,0
DA:536,0
DA:537,0
DA:538,0
DA:539,0
DA:541,0
DA:548,0
DA:552,0
DA:560,0
DA:565,0
DA:567,0
DA:574,0
DA:575,0
DA:576,0
DA:578,0
DA:583,1
DA:584,0
DA:587,1
DA:588,0
LF:191
LH:24
BRDA:41,0,0,0
BRDA:48,1,0,0
BRDA:48,1,1,0
BRDA:101,2,0,0
BRDA:101,2,1,0
BRDA:109,3,0,0
BRDA:109,3,1,0
BRDA:109,4,0,0
BRDA:109,4,1,0
BRDA:124,5,0,0
BRDA:124,5,1,0
BRDA:132,6,0,0
BRDA:132,6,1,0
BRDA:136,7,0,0
BRDA:136,7,1,0
BRDA:147,8,0,0
BRDA:147,8,1,0
BRDA:152,9,0,0
BRDA:152,9,1,0
BRDA:152,9,2,0
BRDA:163,10,0,0
BRDA:163,10,1,0
BRDA:203,11,0,0
BRDA:203,11,1,0
BRDA:218,12,0,0
BRDA:218,12,1,0
BRDA:242,13,0,0
BRDA:242,13,1,0
BRDA:247,14,0,0
BRDA:247,14,1,0
BRDA:248,15,0,0
BRDA:248,15,1,0
BRDA:249,16,0,0
BRDA:249,16,1,0
BRDA:251,17,0,0
BRDA:251,17,1,0
BRDA:265,18,0,0
BRDA:265,18,1,0
BRDA:281,19,0,0
BRDA:281,19,1,0
BRDA:301,20,0,0
BRDA:301,20,1,0
BRDA:324,21,0,0
BRDA:324,21,1,0
BRDA:327,22,0,0
BRDA:327,22,1,0
BRDA:339,23,0,0
BRDA:339,23,1,0
BRDA:409,24,0,0
BRDA:409,24,1,0
BRDA:418,25,0,0
BRDA:418,25,1,0
BRDA:422,26,0,0
BRDA:422,26,1,0
BRDA:426,27,0,0
BRDA:426,27,1,0
BRDA:426,28,0,0
BRDA:426,28,1,0
BRDA:430,29,0,0
BRDA:430,29,1,0
BRDA:431,30,0,0
BRDA:431,30,1,0
BRDA:431,30,2,0
BRDA:452,31,0,0
BRDA:452,31,1,0
BRDA:472,32,0,0
BRDA:472,32,1,0
BRDA:476,33,0,0
BRDA:476,33,1,0
BRDA:480,34,0,0
BRDA:480,34,1,0
BRDA:484,35,0,0
BRDA:484,35,1,0
BRDA:485,36,0,0
BRDA:485,36,1,0
BRDA:495,37,0,0
BRDA:495,37,1,0
BRDA:508,38,0,0
BRDA:508,38,1,0
BRDA:512,39,0,0
BRDA:512,39,1,0
BRDA:518,40,0,0
BRDA:518,40,1,0
BRDA:524,41,0,0
BRDA:524,41,1,0
BRDA:548,42,0,0
BRDA:548,42,1,0
BRDA:549,43,0,0
BRDA:549,43,1,0
BRF:89
BRH:0
end_of_record
TN:
SF:src\gateway\config\upstreams.js
FN:3,(anonymous_0)
FN:5,(anonymous_1)
FNF:2
FNH:2
FNDA:7,(anonymous_0)
FNDA:7,(anonymous_1)
DA:3,7
DA:5,7
DA:7,1
DA:17,1
DA:85,1
LF:5
LH:5
BRDA:3,0,0,7
BRDA:3,0,1,0
BRF:2
BRH:1
end_of_record
TN:
SF:src\gateway\middleware\orgRateLimit.middleware.js
FN:9,(anonymous_0)
FN:22,(anonymous_1)
FN:28,(anonymous_2)
FNF:3
FNH:3
FNDA:3,(anonymous_0)
FNDA:3,(anonymous_1)
FNDA:3,(anonymous_2)
DA:7,1
DA:9,1
DA:10,3
DA:11,3
DA:14,0
DA:15,0
DA:16,0
DA:19,0
DA:22,1
DA:28,3
DA:29,3
DA:31,3
DA:32,0
DA:35,3
DA:36,3
DA:37,3
DA:39,3
DA:40,3
DA:41,0
DA:44,3
DA:52,3
DA:53,3
DA:54,3
DA:56,3
DA:57,3
DA:59,3
DA:60,1
DA:61,1
DA:63,1
DA:71,2
DA:73,0
DA:77,0
DA:82,1
LF:33
LH:25
BRDA:10,0,0,3
BRDA:10,0,1,0
BRDA:15,1,0,0
BRDA:15,1,1,0
BRDA:19,2,0,0
BRDA:19,2,1,0
BRDA:19,2,2,0
BRDA:19,2,3,0
BRDA:31,3,0,0
BRDA:31,3,1,3
BRDA:40,4,0,0
BRDA:40,4,1,3
BRDA:53,5,0,3
BRDA:53,5,1,0
BRDA:59,6,0,1
BRDA:59,6,1,2
BRF:16
BRH:6
end_of_record
TN:
SF:src\gateway\services\health.service.js
FN:4,(anonymous_0)
FN:7,(anonymous_1)
FN:38,(anonymous_2)
FN:40,(anonymous_3)
FN:43,(anonymous_4)
FNF:5
FNH:0
FNDA:0,(anonymous_0)
FNDA:0,(anonymous_1)
FNDA:0,(anonymous_2)
FNDA:0,(anonymous_3)
FNDA:0,(anonymous_4)
DA:4,1
DA:5,0
DA:7,1
DA:8,0
DA:9,0
DA:11,0
DA:12,0
DA:20,0
DA:28,0
DA:38,1
DA:39,0
DA:40,0
DA:43,0
DA:45,0
LF:14
LH:3
BRDA:5,0,0,0
BRDA:5,0,1,0
BRDA:32,1,0,0
BRDA:32,1,1,0
BRF:4
BRH:0
end_of_record
TN:
SF:src\gateway\services\redisClient.js
FN:14,(anonymous_0)
FN:18,(anonymous_1)
FNF:2
FNH:0
FNDA:0,(anonymous_0)
FNDA:0,(anonymous_1)
DA:6,2
DA:8,2
DA:14,2
DA:15,0
DA:18,2
DA:19,0
DA:20,0
DA:23,0
DA:24,0
DA:26,0
LF:10
LH:4
BRDA:19,0,0,0
BRDA:19,0,1,0
BRF:2
BRH:0
end_of_record
TN:
SF:src\graph\controllers\graph.controller.js
FN:9,(anonymous_0)
FN:17,(anonymous_1)
FN:28,(anonymous_2)
FN:39,(anonymous_3)
FN:42,(anonymous_4)
FNF:5
FNH:0
FNDA:0,(anonymous_0)
FNDA:0,(anonymous_1)
FNDA:0,(anonymous_2)
FNDA:0,(anonymous_3)
FNDA:0,(anonymous_4)
DA:9,1
DA:10,0
DA:12,0
DA:17,1
DA:18,0
DA:23,0
DA:28,1
DA:29,0
DA:34,0
DA:39,1
DA:40,0
DA:42,0
DA:45,0
DA:55,0
LF:14
LH:4
BRDA:40,0,0,0
BRDA:40,0,1,0
BRF:2
BRH:0
end_of_record
TN:
SF:src\graph\models\GraphEdge.js
FNF:0
FNH:0
DA:3,1
DA:42,1
DA:43,1
DA:48,1
LF:4
LH:4
BRF:0
BRH:0
end_of_record
TN:
SF:src\graph\models\GraphNode.js
FNF:0
FNH:0
DA:3,1
DA:47,1
DA:49,1
LF:3
LH:3
BRF:0
BRH:0
end_of_record
TN:
SF:src\graph\routes\graph.routes.js
FNF:0
FNH:0
DA:17,1
DA:19,1
DA:24,1
DA:25,1
DA:30,1
LF:5
LH:5
BRF:0
BRH:0
end_of_record
TN:
SF:src\graph\services\graphIngestion.service.js
FN:13,(anonymous_0)
FN:22,(anonymous_1)
FN:27,(anonymous_2)
FN:35,(anonymous_3)
FN:41,(anonymous_4)
FN:54,(anonymous_5)
FN:72,(anonymous_6)
FN:273,(anonymous_7)
FN:279,(anonymous_8)
FN:286,(anonymous_9)
FN:293,(anonymous_10)
FN:313,(anonymous_11)
FN:364,(anonymous_12)
FN:381,(anonymous_13)
FN:399,(anonymous_14)
FN:421,(anonymous_15)
FN:443,(anonymous_16)
FN:451,(anonymous_17)
FN:460,(anonymous_18)
FNF:19
FNH:0
FNDA:0,(anonymous_0)
FNDA:0,(anonymous_1)
FNDA:0,(anonymous_2)
FNDA:0,(anonymous_3)
FNDA:0,(anonymous_4)
FNDA:0,(anonymous_5)
FNDA:0,(anonymous_6)
FNDA:0,(anonymous_7)
FNDA:0,(anonymous_8)
FNDA:0,(anonymous_9)
FNDA:0,(anonymous_10)
FNDA:0,(anonymous_11)
FNDA:0,(anonymous_12)
FNDA:0,(anonymous_13)
FNDA:0,(anonymous_14)
FNDA:0,(anonymous_15)
FNDA:0,(anonymous_16)
FNDA:0,(anonymous_17)
FNDA:0,(anonymous_18)
DA:6,1
DA:13,1
DA:14,0
DA:15,0
DA:16,0
DA:19,0
DA:22,1
DA:23,0
DA:24,0
DA:27,1
DA:28,0
DA:32,0
DA:35,1
DA:36,0
DA:37,0
DA:38,0
DA:41,1
DA:42,0
DA:43,0
DA:47,0
DA:54,1
DA:62,0
DA:72,1
DA:73,0
DA:74,0
DA:75,0
DA:77,0
DA:78,0
DA:81,0
DA:82,0
DA:85,0
DA:86,0
DA:87,0
DA:90,0
DA:107,0
DA:109,0
DA:112,0
DA:114,0
DA:130,0
DA:132,0
DA:135,0
DA:137,0
DA:154,0
DA:155,0
DA:156,0
DA:157,0
DA:174,0
DA:176,0
DA:178,0
DA:182,0
DA:198,0
DA:200,0
DA:204,0
DA:220,0
DA:222,0
DA:226,0
DA:242,0
DA:243,0
DA:247,0
DA:255,0
DA:270,0
DA:273,1
DA:274,0
DA:278,0
DA:279,0
DA:287,0
DA:293,1
DA:294,0
DA:295,0
DA:297,0
DA:298,0
DA:299,0
DA:300,0
DA:303,0
DA:304,0
DA:305,0
DA:306,0
DA:308,0
DA:309,0
DA:310,0
DA:312,0
DA:313,0
DA:315,0
DA:316,0
DA:319,0
DA:320,0
DA:329,0
DA:330,0
DA:335,0
DA:336,0
DA:337,0
DA:346,0
DA:349,0
DA:350,0
DA:351,0
DA:352,0
DA:362,0
DA:363,0
DA:364,0
DA:366,0
DA:367,0
DA:368,0
DA:378,0
DA:381,1
DA:382,0
DA:384,0
DA:385,0
DA:386,0
DA:389,0
DA:390,0
DA:391,0
DA:392,0
DA:396,0
DA:399,1
DA:400,0
DA:421,1
DA:422,0
DA:443,1
DA:444,0
DA:445,0
DA:446,0
DA:449,0
DA:450,0
DA:451,0
DA:454,0
DA:455,0
DA:458,0
DA:459,0
DA:460,0
DA:466,0
DA:467,0
DA:470,0
LF:132
LH:14
BRDA:13,0,0,0
BRDA:15,1,0,0
BRDA:15,1,1,0
BRDA:23,2,0,0
BRDA:23,2,1,0
BRDA:24,3,0,0
BRDA:24,3,1,0
BRDA:36,4,0,0
BRDA:36,4,1,0
BRDA:37,5,0,0
BRDA:37,5,1,0
BRDA:42,6,0,0
BRDA:42,6,1,0
BRDA:44,7,0,0
BRDA:44,7,1,0
BRDA:44,7,2,0
BRDA:48,8,0,0
BRDA:48,8,1,0
BRDA:48,8,2,0
BRDA:74,9,0,0
BRDA:74,9,1,0
BRDA:77,10,0,0
BRDA:77,10,1,0
BRDA:81,11,0,0
BRDA:81,11,1,0
BRDA:82,12,0,0
BRDA:82,12,1,0
BRDA:86,13,0,0
BRDA:86,13,1,0
BRDA:99,14,0,0
BRDA:99,14,1,0
BRDA:107,15,0,0
BRDA:107,15,1,0
BRDA:109,16,0,0
BRDA:109,16,1,0
BRDA:109,16,2,0
BRDA:130,17,0,0
BRDA:130,17,1,0
BRDA:132,18,0,0
BRDA:132,18,1,0
BRDA:132,18,2,0
BRDA:154,19,0,0
BRDA:154,19,1,0
BRDA:154,20,0,0
BRDA:154,20,1,0
BRDA:155,21,0,0
BRDA:155,21,1,0
BRDA:156,22,0,0
BRDA:156,22,1,0
BRDA:174,23,0,0
BRDA:174,23,1,0
BRDA:176,24,0,0
BRDA:176,24,1,0
BRDA:176,24,2,0
BRDA:178,25,0,0
BRDA:178,25,1,0
BRDA:178,25,2,0
BRDA:178,25,3,0
BRDA:198,26,0,0
BRDA:198,26,1,0
BRDA:200,27,0,0
BRDA:200,27,1,0
BRDA:200,27,2,0
BRDA:200,27,3,0
BRDA:220,28,0,0
BRDA:220,28,1,0
BRDA:222,29,0,0
BRDA:222,29,1,0
BRDA:222,29,2,0
BRDA:224,30,0,0
BRDA:224,30,1,0
BRDA:224,31,0,0
BRDA:224,31,1,0
BRDA:242,32,0,0
BRDA:242,32,1,0
BRDA:247,33,0,0
BRDA:247,33,1,0
BRDA:249,34,0,0
BRDA:249,34,1,0
BRDA:251,35,0,0
BRDA:251,35,1,0
BRDA:260,36,0,0
BRDA:260,36,1,0
BRDA:260,37,0,0
BRDA:260,37,1,0
BRDA:274,38,0,0
BRDA:274,38,1,0
BRDA:280,39,0,0
BRDA:280,39,1,0
BRDA:281,40,0,0
BRDA:281,40,1,0
BRDA:282,41,0,0
BRDA:282,41,1,0
BRDA:287,42,0,0
BRDA:287,42,1,0
BRDA:287,42,2,0
BRDA:298,43,0,0
BRDA:298,43,1,0
BRDA:303,44,0,0
BRDA:303,44,1,0
BRDA:304,45,0,0
BRDA:304,45,1,0
BRDA:305,46,0,0
BRDA:305,46,1,0
BRDA:306,47,0,0
BRDA:306,47,1,0
BRDA:309,48,0,0
BRDA:309,48,1,0
BRDA:315,49,0,0
BRDA:315,49,1,0
BRDA:315,49,2,0
BRDA:316,50,0,0
BRDA:316,50,1,0
BRDA:319,51,0,0
BRDA:319,51,1,0
BRDA:346,52,0,0
BRDA:346,52,1,0
BRDA:349,53,0,0
BRDA:349,53,1,0
BRDA:362,54,0,0
BRDA:362,54,1,0
BRDA:385,55,0,0
BRDA:385,55,1,0
BRDA:391,56,0,0
BRDA:391,56,1,0
BRDA:391,57,0,0
BRDA:391,57,1,0
BRDA:445,58,0,0
BRDA:445,58,1,0
BRF:129
BRH:0
end_of_record
TN:
SF:src\graph\services\graphQuery.service.js
FN:7,(anonymous_0)
FN:15,(anonymous_1)
FN:28,(anonymous_2)
FN:37,(anonymous_3)
FN:92,(anonymous_4)
FN:117,(anonymous_5)
FN:161,(anonymous_6)
FN:164,(anonymous_7)
FN:179,(anonymous_8)
FNF:9
FNH:0
FNDA:0,(anonymous_0)
FNDA:0,(anonymous_1)
FNDA:0,(anonymous_2)
FNDA:0,(anonymous_3)
FNDA:0,(anonymous_4)
FNDA:0,(anonymous_5)
FNDA:0,(anonymous_6)
FNDA:0,(anonymous_7)
FNDA:0,(anonymous_8)
DA:5,1
DA:7,1
DA:8,0
DA:9,0
DA:11,0
DA:15,1
DA:16,0
DA:28,1
DA:29,0
DA:30,0
DA:31,0
DA:34,0
DA:37,1
DA:38,0
DA:39,0
DA:40,0
DA:43,0
DA:47,0
DA:48,0
DA:49,0
DA:50,0
DA:52,0
DA:53,0
DA:54,0
DA:55,0
DA:58,0
DA:63,0
DA:64,0
DA:65,0
DA:66,0
DA:67,0
DA:71,0
DA:72,0
DA:73,0
DA:74,0
DA:79,0
DA:84,0
DA:92,1
DA:93,0
DA:98,0
DA:99,0
DA:109,0
DA:114,0
DA:117,1
DA:126,0
DA:127,0
DA:130,0
DA:134,0
DA:135,0
DA:138,0
DA:139,0
DA:141,0
DA:142,0
DA:145,0
DA:146,0
DA:150,0
DA:151,0
DA:155,0
DA:160,0
DA:161,0
DA:164,0
DA:165,0
DA:169,0
DA:173,0
DA:174,0
DA:177,0
DA:178,0
DA:179,0
DA:182,0
LF:69
LH:7
BRDA:9,0,0,0
BRDA:9,0,1,0
BRDA:30,1,0,0
BRDA:30,1,1,0
BRDA:37,2,0,0
BRDA:39,3,0,0
BRDA:39,3,1,0
BRDA:45,4,0,0
BRDA:45,4,1,0
BRDA:54,5,0,0
BRDA:54,5,1,0
BRDA:65,6,0,0
BRDA:65,6,1,0
BRDA:71,7,0,0
BRDA:71,7,1,0
BRDA:72,8,0,0
BRDA:72,8,1,0
BRDA:98,9,0,0
BRDA:98,9,1,0
BRDA:119,10,0,0
BRDA:120,11,0,0
BRDA:121,12,0,0
BRDA:122,13,0,0
BRDA:123,14,0,0
BRDA:124,15,0,0
BRDA:126,16,0,0
BRDA:126,16,1,0
BRDA:134,17,0,0
BRDA:134,17,1,0
BRDA:134,18,0,0
BRDA:134,18,1,0
BRDA:138,19,0,0
BRDA:138,19,1,0
BRDA:138,20,0,0
BRDA:138,20,1,0
BRDA:141,21,0,0
BRDA:141,21,1,0
BRDA:145,22,0,0
BRDA:145,22,1,0
BRDA:150,23,0,0
BRDA:150,23,1,0
BRDA:151,24,0,0
BRDA:151,24,1,0
BRDA:160,25,0,0
BRDA:160,25,1,0
BRDA:171,26,0,0
BRDA:171,26,1,0
BRDA:173,27,0,0
BRDA:173,27,1,0
BRDA:179,28,0,0
BRDA:179,28,1,0
BRDA:189,29,0,0
BRDA:189,29,1,0
BRDA:190,30,0,0
BRDA:190,30,1,0
BRDA:192,31,0,0
BRDA:192,31,1,0
BRDA:193,32,0,0
BRDA:193,32,1,0
BRF:59
BRH:0
end_of_record
TN:
SF:src\graph\validators\graph.schemas.js
FNF:0
FNH:0
DA:3,1
DA:11,1
DA:21,1
DA:30,1
LF:4
LH:4
BRF:0
BRH:0
end_of_record
TN:
SF:src\ingestion\config\kafka.js
FN:11,(anonymous_0)
FN:22,(anonymous_1)
FN:40,(anonymous_2)
FN:75,(anonymous_3)
FN:83,(anonymous_4)
FN:92,(anonymous_5)
FNF:6
FNH:0
FNDA:0,(anonymous_0)
FNDA:0,(anonymous_1)
FNDA:0,(anonymous_2)
FNDA:0,(anonymous_3)
FNDA:0,(anonymous_4)
FNDA:0,(anonymous_5)
DA:7,1
DA:8,1
DA:9,1
DA:11,1
DA:12,0
DA:13,0
DA:19,0
DA:22,1
DA:23,0
DA:24,0
DA:25,0
DA:28,0
DA:29,0
DA:32,0
DA:33,0
DA:34,0
DA:37,0
DA:40,1
DA:41,0
DA:42,0
DA:50,0
DA:53,0
DA:54,0
DA:57,0
DA:58,0
DA:59,0
DA:62,0
DA:72,0
DA:75,1
DA:76,0
DA:77,0
DA:80,0
DA:83,1
DA:84,0
DA:85,0
DA:86,0
DA:88,0
DA:92,1
LF:38
LH:9
BRDA:12,0,0,0
BRDA:12,0,1,0
BRDA:23,1,0,0
BRDA:23,1,1,0
BRDA:28,2,0,0
BRDA:28,2,1,0
BRDA:32,3,0,0
BRDA:32,3,1,0
BRDA:41,4,0,0
BRDA:41,4,1,0
BRDA:53,5,0,0
BRDA:53,5,1,0
BRDA:57,6,0,0
BRDA:57,6,1,0
BRDA:66,7,0,0
BRDA:66,7,1,0
BRDA:66,7,2,0
BRDA:76,8,0,0
BRDA:76,8,1,0
BRDA:76,9,0,0
BRDA:76,9,1,0
BRDA:76,9,2,0
BRDA:92,10,0,0
BRDA:92,10,1,0
BRF:24
BRH:0
end_of_record
TN:
SF:src\ingestion\controllers\credential.controller.js
FN:10,(anonymous_0)
FN:18,(anonymous_1)
FN:33,(anonymous_2)
FN:53,(anonymous_3)
FNF:4
FNH:0
FNDA:0,(anonymous_0)
FNDA:0,(anonymous_1)
FNDA:0,(anonymous_2)
FNDA:0,(anonymous_3)
DA:10,1
DA:11,0
DA:13,0
DA:18,1
DA:19,0
DA:24,0
DA:25,0
DA:28,0
DA:33,1
DA:34,0
DA:47,0
DA:53,1
DA:54,0
DA:59,0
DA:60,0
DA:63,0
LF:16
LH:4
BRDA:24,0,0,0
BRDA:24,0,1,0
BRDA:43,1,0,0
BRDA:43,1,1,0
BRDA:44,2,0,0
BRDA:44,2,1,0
BRDA:59,3,0,0
BRDA:59,3,1,0
BRF:8
BRH:0
end_of_record
TN:
SF:src\ingestion\controllers\webhook.controller.js
FN:18,(anonymous_0)
FN:25,(anonymous_1)
FN:47,(anonymous_2)
FN:68,(anonymous_3)
FNF:4
FNH:0
FNDA:0,(anonymous_0)
FNDA:0,(anonymous_1)
FNDA:0,(anonymous_2)
FNDA:0,(anonymous_3)
DA:9,1
DA:10,1
DA:16,1
DA:18,1
DA:19,0
DA:25,1
DA:27,0
DA:29,0
DA:30,0
DA:33,0
DA:39,0
DA:41,0
DA:47,1
DA:48,0
DA:50,0
DA:51,0
DA:54,0
DA:60,0
DA:62,0
DA:68,1
DA:69,0
DA:70,0
DA:74,0
DA:76,0
DA:80,0
DA:81,0
DA:84,0
DA:90,0
DA:91,0
DA:94,0
DA:96,0
LF:31
LH:7
BRDA:27,0,0,0
BRDA:27,0,1,0
BRDA:29,1,0,0
BRDA:29,1,1,0
BRDA:48,2,0,0
BRDA:48,2,1,0
BRDA:50,3,0,0
BRDA:50,3,1,0
BRDA:69,4,0,0
BRDA:69,4,1,0
BRDA:74,5,0,0
BRDA:74,5,1,0
BRDA:74,5,2,0
BRDA:76,6,0,0
BRDA:76,6,1,0
BRDA:77,7,0,0
BRDA:77,7,1,0
BRDA:80,8,0,0
BRDA:80,8,1,0
BRDA:90,9,0,0
BRDA:90,9,1,0
BRF:21
BRH:0
end_of_record
TN:
SF:src\ingestion\middleware\requestContext.middleware.js
FN:4,(anonymous_0)
FN:12,(anonymous_1)
FNF:2
FNH:0
FNDA:0,(anonymous_0)
FNDA:0,(anonymous_1)
DA:4,1
DA:5,0
DA:6,0
DA:9,0
DA:12,1
DA:14,0
DA:21,0
DA:22,0
DA:25,0
DA:26,0
DA:29,0
DA:30,0
DA:31,0
LF:13
LH:2
BRDA:5,0,0,0
BRDA:5,0,1,0
BRDA:14,1,0,0
BRDA:14,1,1,0
BRDA:14,1,2,0
BRDA:14,1,3,0
BRDA:14,1,4,0
BRDA:14,1,5,0
BRDA:21,2,0,0
BRDA:21,2,1,0
BRDA:21,3,0,0
BRDA:21,3,1,0
BRDA:25,4,0,0
BRDA:25,4,1,0
BRF:14
BRH:0
end_of_record
TN:
SF:src\ingestion\middleware\webhookTrust.middleware.js
FN:7,(anonymous_0)
FN:12,(anonymous_1)
FN:19,(anonymous_2)
FN:30,(anonymous_3)
FN:43,(anonymous_4)
FN:61,(anonymous_5)
FN:82,(anonymous_6)
FN:98,(anonymous_7)
FN:114,(anonymous_8)
FN:114,(anonymous_9)
FNF:10
FNH:1
FNDA:0,(anonymous_0)
FNDA:0,(anonymous_1)
FNDA:0,(anonymous_2)
FNDA:0,(anonymous_3)
FNDA:0,(anonymous_4)
FNDA:0,(anonymous_5)
FNDA:0,(anonymous_6)
FNDA:0,(anonymous_7)
FNDA:3,(anonymous_8)
FNDA:0,(anonymous_9)
DA:7,1
DA:8,0
DA:12,1
DA:13,0
DA:19,1
DA:20,0
DA:21,0
DA:23,0
DA:24,0
DA:27,0
DA:30,1
DA:31,0
DA:32,0
DA:35,0
DA:40,0
DA:43,1
DA:44,0
DA:45,0
DA:48,0
DA:49,0
DA:50,0
DA:53,0
DA:58,0
DA:61,1
DA:62,0
DA:63,0
DA:66,0
DA:67,0
DA:75,0
DA:76,0
DA:79,0
DA:82,1
DA:83,0
DA:84,0
DA:87,0
DA:88,0
DA:91,0
DA:92,0
DA:95,0
DA:98,1
DA:99,0
DA:100,0
DA:103,0
DA:104,0
DA:107,0
DA:108,0
DA:111,0
DA:114,3
DA:115,0
DA:116,0
DA:117,0
DA:118,0
DA:120,0
DA:121,0
DA:124,0
DA:125,0
DA:128,0
DA:129,0
DA:136,0
DA:138,0
DA:139,0
DA:140,0
DA:144,0
DA:146,0
DA:148,0
DA:149,0
DA:153,0
DA:154,0
DA:155,0
DA:156,0
DA:164,0
DA:168,0
DA:174,0
LF:73
LH:9
BRDA:8,0,0,0
BRDA:8,0,1,0
BRDA:8,0,2,0
BRDA:13,1,0,0
BRDA:13,1,1,0
BRDA:15,2,0,0
BRDA:15,2,1,0
BRDA:23,3,0,0
BRDA:23,3,1,0
BRDA:31,4,0,0
BRDA:31,4,1,0
BRDA:31,5,0,0
BRDA:31,5,1,0
BRDA:44,6,0,0
BRDA:44,6,1,0
BRDA:44,7,0,0
BRDA:44,7,1,0
BRDA:44,7,2,0
BRDA:49,8,0,0
BRDA:49,8,1,0
BRDA:49,9,0,0
BRDA:49,9,1,0
BRDA:62,10,0,0
BRDA:62,10,1,0
BRDA:63,11,0,0
BRDA:63,11,1,0
BRDA:63,11,2,0
BRDA:66,12,0,0
BRDA:66,12,1,0
BRDA:68,13,0,0
BRDA:68,13,1,0
BRDA:68,13,2,0
BRDA:68,13,3,0
BRDA:75,14,0,0
BRDA:75,14,1,0
BRDA:76,15,0,0
BRDA:76,15,1,0
BRDA:76,15,2,0
BRDA:83,16,0,0
BRDA:83,16,1,0
BRDA:87,17,0,0
BRDA:87,17,1,0
BRDA:91,18,0,0
BRDA:91,18,1,0
BRDA:99,19,0,0
BRDA:99,19,1,0
BRDA:103,20,0,0
BRDA:103,20,1,0
BRDA:107,21,0,0
BRDA:107,21,1,0
BRDA:120,22,0,0
BRDA:120,22,1,0
BRDA:120,23,0,0
BRDA:120,23,1,0
BRDA:124,24,0,0
BRDA:124,24,1,0
BRDA:128,25,0,0
BRDA:128,25,1,0
BRDA:136,26,0,0
BRDA:136,26,1,0
BRDA:138,27,0,0
BRDA:138,27,1,0
BRDA:139,28,0,0
BRDA:139,28,1,0
BRDA:144,29,0,0
BRDA:144,29,1,0
BRDA:146,30,0,0
BRDA:146,30,1,0
BRDA:148,31,0,0
BRDA:148,31,1,0
BRDA:153,32,0,0
BRDA:153,32,1,0
BRDA:156,33,0,0
BRDA:156,33,1,0
BRF:74
BRH:0
end_of_record
TN:
SF:src\ingestion\models\IntegrationCredential.js
FNF:0
FNH:0
DA:3,1
DA:5,1
DA:92,1
DA:93,1
DA:95,1
LF:5
LH:5
BRF:0
BRH:0
end_of_record
TN:
SF:src\ingestion\normalizers\eventNormalizer.js
FN:1,(anonymous_0)
FN:25,(anonymous_1)
FN:41,(anonymous_2)
FN:46,(anonymous_3)
FN:55,(anonymous_4)
FN:106,(anonymous_5)
FN:150,(anonymous_6)
FN:184,(anonymous_7)
FNF:8
FNH:0
FNDA:0,(anonymous_0)
FNDA:0,(anonymous_1)
FNDA:0,(anonymous_2)
FNDA:0,(anonymous_3)
FNDA:0,(anonymous_4)
FNDA:0,(anonymous_5)
FNDA:0,(anonymous_6)
FNDA:0,(anonymous_7)
DA:1,1
DA:2,0
DA:3,0
DA:6,0
DA:7,0
DA:9,0
DA:10,0
DA:12,0
DA:13,0
DA:17,0
DA:18,0
DA:19,0
DA:22,0
DA:25,1
DA:32,0
DA:41,1
DA:46,1
DA:48,0
DA:49,0
DA:55,0
DA:81,0
DA:106,1
DA:107,0
DA:109,0
DA:114,0
DA:150,1
DA:151,0
DA:152,0
DA:161,0
DA:184,1
DA:185,0
LF:31
LH:7
BRDA:2,0,0,0
BRDA:2,0,1,0
BRDA:6,1,0,0
BRDA:6,1,1,0
BRDA:6,2,0,0
BRDA:6,2,1,0
BRDA:9,3,0,0
BRDA:9,3,1,0
BRDA:12,4,0,0
BRDA:12,4,1,0
BRDA:18,5,0,0
BRDA:18,5,1,0
BRDA:29,6,0,0
BRDA:30,7,0,0
BRDA:31,8,0,0
BRDA:41,9,0,0
BRDA:41,10,0,0
BRDA:48,11,0,0
BRDA:48,11,1,0
BRDA:48,11,2,0
BRDA:50,12,0,0
BRDA:50,12,1,0
BRDA:52,13,0,0
BRDA:52,13,1,0
BRDA:52,13,2,0
BRDA:53,14,0,0
BRDA:53,14,1,0
BRDA:54,15,0,0
BRDA:54,15,1,0
BRDA:62,16,0,0
BRDA:62,16,1,0
BRDA:68,17,0,0
BRDA:68,17,1,0
BRDA:71,18,0,0
BRDA:71,18,1,0
BRDA:76,19,0,0
BRDA:76,19,1,0
BRDA:88,20,0,0
BRDA:88,20,1,0
BRDA:89,21,0,0
BRDA:89,21,1,0
BRDA:90,22,0,0
BRDA:90,22,1,0
BRDA:92,23,0,0
BRDA:92,23,1,0
BRDA:94,24,0,0
BRDA:94,24,1,0
BRDA:95,25,0,0
BRDA:95,25,1,0
BRDA:100,26,0,0
BRDA:100,26,1,0
BRDA:100,26,2,0
BRDA:107,27,0,0
BRDA:107,27,1,0
BRDA:107,27,2,0
BRDA:109,28,0,0
BRDA:109,28,1,0
BRDA:109,28,2,0
BRDA:109,28,3,0
BRDA:119,29,0,0
BRDA:119,29,1,0
BRDA:119,29,2,0
BRDA:121,30,0,0
BRDA:121,30,1,0
BRDA:122,31,0,0
BRDA:122,31,1,0
BRDA:123,32,0,0
BRDA:123,32,1,0
BRDA:124,33,0,0
BRDA:124,33,1,0
BRDA:125,34,0,0
BRDA:125,34,1,0
BRDA:126,35,0,0
BRDA:126,35,1,0
BRDA:128,36,0,0
BRDA:128,36,1,0
BRDA:130,37,0,0
BRDA:130,37,1,0
BRDA:131,38,0,0
BRDA:131,38,1,0
BRDA:132,39,0,0
BRDA:132,39,1,0
BRDA:135,40,0,0
BRDA:135,40,1,0
BRDA:139,41,0,0
BRDA:139,41,1,0
BRDA:140,42,0,0
BRDA:140,42,1,0
BRDA:141,43,0,0
BRDA:141,43,1,0
BRDA:141,43,2,0
BRDA:143,44,0,0
BRDA:143,44,1,0
BRDA:146,45,0,0
BRDA:146,45,1,0
BRDA:146,45,2,0
BRDA:151,46,0,0
BRDA:151,46,1,0
BRDA:151,46,2,0
BRDA:153,47,0,0
BRDA:153,47,1,0
BRDA:153,47,2,0
BRDA:154,48,0,0
BRDA:154,48,1,0
BRDA:154,48,2,0
BRDA:155,49,0,0
BRDA:155,49,1,0
BRDA:155,49,2,0
BRDA:156,50,0,0
BRDA:156,50,1,0
BRDA:156,50,2,0
BRDA:157,51,0,0
BRDA:157,51,1,0
BRDA:157,51,2,0
BRDA:158,52,0,0
BRDA:158,52,1,0
BRDA:158,52,2,0
BRDA:168,53,0,0
BRDA:168,53,1,0
BRDA:169,54,0,0
BRDA:169,54,1,0
BRDA:170,55,0,0
BRDA:170,55,1,0
BRDA:170,55,2,0
BRDA:173,56,0,0
BRDA:173,56,1,0
BRDA:177,57,0,0
BRDA:177,57,1,0
BRDA:177,57,2,0
BRDA:177,57,3,0
BRDA:184,58,0,0
BRDA:188,59,0,0
BRDA:188,59,1,0
BRDA:188,59,2,0
BRDA:191,60,0,0
BRDA:191,60,1,0
BRDA:191,60,2,0
BRF:137
BRH:0
end_of_record
TN:
SF:src\ingestion\publishers\kafkaPublisher.js
FN:6,(anonymous_0)
FN:10,(anonymous_1)
FNF:2
FNH:0
FNDA:0,(anonymous_0)
FNDA:0,(anonymous_1)
DA:6,1
DA:7,0
DA:10,1
DA:11,0
DA:15,0
DA:16,0
DA:17,0
DA:19,0
DA:34,0
LF:9
LH:2
BRDA:7,0,0,0
BRDA:7,0,1,0
BRDA:7,0,2,0
BRDA:15,1,0,0
BRDA:15,1,1,0
BRDA:25,2,0,0
BRDA:25,2,1,0
BRF:7
BRH:0
end_of_record
TN:
SF:src\ingestion\routes\credential.routes.js
FNF:0
FNH:0
DA:18,1
DA:20,1
DA:21,1
DA:22,1
DA:24,1
DA:25,1
DA:30,1
DA:35,1
LF:8
LH:8
BRF:0
BRH:0
end_of_record
TN:
SF:src\ingestion\routes\webhook.routes.js
FNF:0
FNH:0
DA:14,1
DA:16,1
DA:18,1
DA:25,1
DA:32,1
LF:5
LH:5
BRF:0
BRH:0
end_of_record
TN:
SF:src\ingestion\services\encryption.service.js
FN:8,(anonymous_0)
FN:24,(anonymous_1)
FN:27,(anonymous_2)
FN:42,(anonymous_3)
FN:62,(anonymous_4)
FNF:5
FNH:0
FNDA:0,(anonymous_0)
FNDA:0,(anonymous_1)
FNDA:0,(anonymous_2)
FNDA:0,(anonymous_3)
FNDA:0,(anonymous_4)
DA:5,1
DA:6,1
DA:8,1
DA:9,0
DA:10,0
DA:13,0
DA:15,0
DA:16,0
DA:17,0
DA:20,0
DA:21,0
DA:24,1
DA:25,0
DA:27,1
DA:28,0
DA:29,0
DA:30,0
DA:31,0
DA:32,0
DA:34,0
DA:42,1
DA:43,0
DA:44,0
DA:47,0
DA:52,0
DA:54,0
DA:59,0
DA:62,1
LF:28
LH:7
BRDA:9,0,0,0
BRDA:9,0,1,0
BRDA:13,1,0,0
BRDA:13,1,1,0
BRDA:15,2,0,0
BRDA:15,2,1,0
BRDA:25,3,0,0
BRDA:25,3,1,0
BRDA:25,4,0,0
BRDA:25,4,1,0
BRDA:43,5,0,0
BRDA:43,5,1,0
BRDA:43,6,0,0
BRDA:43,6,1,0
BRDA:43,6,2,0
BRF:15
BRH:0
end_of_record
TN:
SF:src\ingestion\services\eventIngestion.service.js
FN:13,(anonymous_0)
FN:26,(anonymous_1)
FN:28,(anonymous_2)
FN:44,(anonymous_3)
FNF:4
FNH:0
FNDA:0,(anonymous_0)
FNDA:0,(anonymous_1)
FNDA:0,(anonymous_2)
FNDA:0,(anonymous_3)
DA:7,1
DA:13,1
DA:15,0
DA:26,0
DA:29,0
DA:41,0
DA:44,1
DA:45,0
DA:47,0
DA:48,0
DA:51,0
LF:11
LH:3
BRDA:15,0,0,0
BRDA:15,0,1,0
BRDA:15,1,0,0
BRDA:15,1,1,0
BRDA:15,1,2,0
BRDA:20,2,0,0
BRDA:20,2,1,0
BRDA:21,3,0,0
BRDA:21,3,1,0
BRDA:22,4,0,0
BRDA:22,4,1,0
BRDA:35,5,0,0
BRDA:35,5,1,0
BRF:13
BRH:0
end_of_record
TN:
SF:src\ingestion\services\integrationCredential.service.js
FN:8,(anonymous_0)
FN:23,(anonymous_1)
FN:62,(anonymous_2)
FN:70,(anonymous_3)
FN:90,(anonymous_4)
FN:93,(anonymous_5)
FN:117,(anonymous_6)
FNF:7
FNH:0
FNDA:0,(anonymous_0)
FNDA:0,(anonymous_1)
FNDA:0,(anonymous_2)
FNDA:0,(anonymous_3)
FNDA:0,(anonymous_4)
FNDA:0,(anonymous_5)
FNDA:0,(anonymous_6)
DA:8,1
DA:23,1
DA:35,0
DA:36,0
DA:53,0
DA:59,0
DA:62,1
DA:63,0
DA:67,0
DA:70,1
DA:71,0
DA:76,0
DA:77,0
DA:80,0
DA:84,0
DA:90,1
DA:91,0
DA:93,1
DA:97,0
DA:102,0
DA:103,0
DA:106,0
DA:107,0
DA:110,0
DA:117,1
DA:118,0
LF:26
LH:7
BRDA:9,0,0,0
BRDA:9,0,1,0
BRDA:9,0,2,0
BRDA:13,1,0,0
BRDA:13,1,1,0
BRDA:15,2,0,0
BRDA:15,2,1,0
BRDA:16,3,0,0
BRDA:16,3,1,0
BRDA:17,4,0,0
BRDA:17,4,1,0
BRDA:18,5,0,0
BRDA:18,5,1,0
BRDA:28,6,0,0
BRDA:29,7,0,0
BRDA:30,8,0,0
BRDA:31,9,0,0
BRDA:32,10,0,0
BRDA:33,11,0,0
BRDA:76,12,0,0
BRDA:76,12,1,0
BRDA:102,13,0,0
BRDA:102,13,1,0
BRDA:106,14,0,0
BRDA:106,14,1,0
BRDA:107,15,0,0
BRDA:107,15,1,0
BRF:27
BRH:0
end_of_record
TN:
SF:src\ingestion\services\retry.service.js
FN:1,(anonymous_0)
FN:1,(anonymous_1)
FN:3,(anonymous_2)
FN:6,(anonymous_3)
FNF:4
FNH:0
FNDA:0,(anonymous_0)
FNDA:0,(anonymous_1)
FNDA:0,(anonymous_2)
FNDA:0,(anonymous_3)
DA:1,1
DA:3,1
DA:4,0
DA:6,1
DA:16,0
DA:19,0
DA:20,0
DA:21,0
DA:23,0
DA:25,0
DA:26,0
DA:29,0
DA:30,0
DA:32,0
DA:33,0
DA:36,0
DA:37,0
DA:41,0
LF:18
LH:3
BRDA:8,0,0,0
BRDA:9,1,0,0
BRDA:10,2,0,0
BRDA:11,3,0,0
BRDA:12,4,0,0
BRDA:13,5,0,0
BRDA:25,6,0,0
BRDA:25,6,1,0
BRDA:32,7,0,0
BRDA:32,7,1,0
BRF:10
BRH:0
end_of_record
TN:
SF:src\ingestion\utils\ipAllowlist.js
FN:3,(anonymous_0)
FN:16,(anonymous_1)
FN:19,(anonymous_2)
FN:21,(anonymous_3)
FN:29,(anonymous_4)
FN:31,(anonymous_5)
FN:34,(anonymous_6)
FN:37,(anonymous_7)
FN:40,(anonymous_8)
FN:42,(anonymous_9)
FN:46,(anonymous_10)
FN:48,(anonymous_11)
FN:76,(anonymous_12)
FN:89,(anonymous_13)
FN:110,(anonymous_14)
FNF:15
FNH:0
FNDA:0,(anonymous_0)
FNDA:0,(anonymous_1)
FNDA:0,(anonymous_2)
FNDA:0,(anonymous_3)
FNDA:0,(anonymous_4)
FNDA:0,(anonymous_5)
FNDA:0,(anonymous_6)
FNDA:0,(anonymous_7)
FNDA:0,(anonymous_8)
FNDA:0,(anonymous_9)
FNDA:0,(anonymous_10)
FNDA:0,(anonymous_11)
FNDA:0,(anonymous_12)
FNDA:0,(anonymous_13)
FNDA:0,(anonymous_14)
DA:3,1
DA:4,0
DA:5,0
DA:8,0
DA:9,0
DA:10,0
DA:13,0
DA:16,1
DA:17,0
DA:19,0
DA:21,1
DA:22,0
DA:23,0
DA:24,0
DA:25,0
DA:26,0
DA:27,0
DA:29,0
DA:31,0
DA:33,0
DA:34,0
DA:37,0
DA:40,1
DA:41,0
DA:42,0
DA:46,1
DA:48,1
DA:49,0
DA:50,0
DA:51,0
DA:53,0
DA:54,0
DA:56,0
DA:59,0
DA:60,0
DA:63,0
DA:64,0
DA:66,0
DA:69,0
DA:70,0
DA:73,0
DA:76,1
DA:77,0
DA:78,0
DA:79,0
DA:82,0
DA:83,0
DA:86,0
DA:87,0
DA:88,0
DA:89,0
DA:90,0
DA:91,0
DA:92,0
DA:95,0
DA:96,0
DA:99,0
DA:100,0
DA:101,0
DA:104,0
DA:108,0
DA:109,0
DA:110,0
DA:111,0
DA:112,0
DA:113,0
DA:116,0
DA:117,0
DA:120,0
DA:121,0
DA:122,0
DA:125,0
DA:129,0
LF:73
LH:7
BRDA:4,0,0,0
BRDA:4,0,1,0
BRDA:9,1,0,0
BRDA:9,1,1,0
BRDA:13,2,0,0
BRDA:13,2,1,0
BRDA:23,3,0,0
BRDA:23,4,0,0
BRDA:24,5,0,0
BRDA:24,5,1,0
BRDA:25,6,0,0
BRDA:25,6,1,0
BRDA:31,7,0,0
BRDA:31,7,1,0
BRDA:46,8,0,0
BRDA:46,8,1,0
BRDA:46,9,0,0
BRDA:46,9,1,0
BRDA:53,10,0,0
BRDA:53,10,1,0
BRDA:54,11,0,0
BRDA:54,11,1,0
BRDA:56,12,0,0
BRDA:56,12,1,0
BRDA:63,13,0,0
BRDA:63,13,1,0
BRDA:64,14,0,0
BRDA:64,14,1,0
BRDA:66,15,0,0
BRDA:66,15,1,0
BRDA:76,16,0,0
BRDA:78,17,0,0
BRDA:78,17,1,0
BRDA:82,18,0,0
BRDA:82,18,1,0
BRDA:82,19,0,0
BRDA:82,19,1,0
BRDA:87,20,0,0
BRDA:87,20,1,0
BRDA:91,21,0,0
BRDA:91,21,1,0
BRDA:95,22,0,0
BRDA:95,22,1,0
BRDA:100,23,0,0
BRDA:100,23,1,0
BRDA:100,24,0,0
BRDA:100,24,1,0
BRDA:108,25,0,0
BRDA:108,25,1,0
BRDA:112,26,0,0
BRDA:112,26,1,0
BRDA:116,27,0,0
BRDA:116,27,1,0
BRDA:121,28,0,0
BRDA:121,28,1,0
BRDA:121,29,0,0
BRDA:121,29,1,0
BRF:57
BRH:0
end_of_record
TN:
SF:src\ingestion\validators\credential.schemas.js
FN:23,(anonymous_0)
FNF:1
FNH:0
FNDA:0,(anonymous_0)
DA:3,1
DA:4,1
DA:6,1
DA:14,1
DA:23,0
LF:5
LH:4
BRF:0
BRH:0
end_of_record
TN:
SF:src\middleware\auth.middleware.js
FN:5,(anonymous_0)
FNF:1
FNH:1
FNDA:2,(anonymous_0)
DA:5,1
DA:6,2
DA:7,2
DA:11,2
DA:12,2
DA:14,2
DA:15,1
DA:18,1
DA:19,1
DA:20,1
DA:21,0
DA:22,0
DA:28,1
LF:13
LH:11
BRDA:7,0,0,1
BRDA:7,0,1,1
BRDA:14,1,0,1
BRDA:14,1,1,1
BRF:4
BRH:4
end_of_record
TN:
SF:src\middleware\error.middleware.js
FN:6,(anonymous_0)
FN:10,(anonymous_1)
FNF:2
FNH:2
FNDA:1,(anonymous_0)
FNDA:7,(anonymous_1)
DA:6,1
DA:7,1
DA:10,1
DA:11,7
DA:12,1
DA:17,6
DA:18,2
DA:24,4
DA:25,0
DA:31,4
DA:32,0
DA:33,0
DA:38,4
DA:39,4
DA:45,0
DA:47,0
LF:16
LH:11
BRDA:11,0,0,1
BRDA:11,0,1,6
BRDA:11,1,0,7
BRDA:11,1,1,1
BRDA:17,2,0,2
BRDA:17,2,1,4
BRDA:24,3,0,0
BRDA:24,3,1,4
BRDA:31,4,0,0
BRDA:31,4,1,4
BRDA:32,5,0,0
BRDA:32,5,1,0
BRDA:32,6,0,0
BRDA:32,6,1,0
BRDA:38,7,0,4
BRDA:38,7,1,0
BRDA:45,8,0,0
BRDA:45,8,1,0
BRDA:45,8,2,0
BRF:19
BRH:9
end_of_record
TN:
SF:src\middleware\organisation.middleware.js
FN:11,(anonymous_0)
FN:23,(anonymous_1)
FN:24,(anonymous_2)
FN:48,(anonymous_3)
FN:65,(anonymous_4)
FN:66,(anonymous_5)
FN:90,(anonymous_6)
FN:107,(anonymous_7)
FNF:8
FNH:3
FNDA:0,(anonymous_0)
FNDA:7,(anonymous_1)
FNDA:0,(anonymous_2)
FNDA:0,(anonymous_3)
FNDA:1,(anonymous_4)
FNDA:0,(anonymous_5)
FNDA:0,(anonymous_6)
FNDA:1,(anonymous_7)
DA:4,1
DA:11,1
DA:12,0
DA:14,0
DA:15,0
DA:18,0
DA:19,0
DA:20,0
DA:23,1
DA:24,7
DA:25,0
DA:26,0
DA:28,0
DA:29,0
DA:32,0
DA:38,0
DA:39,0
DA:42,0
DA:43,0
DA:44,0
DA:46,0
DA:47,0
DA:48,0
DA:51,0
DA:52,0
DA:58,0
DA:60,0
DA:65,1
DA:66,1
DA:67,0
DA:68,0
DA:70,0
DA:71,0
DA:74,0
DA:80,0
DA:81,0
DA:84,0
DA:85,0
DA:86,0
DA:88,0
DA:89,0
DA:90,0
DA:93,0
DA:94,0
DA:100,0
DA:102,0
DA:107,1
DA:108,1
LF:48
LH:8
BRDA:12,0,0,0
BRDA:12,0,1,0
BRDA:14,1,0,0
BRDA:14,1,1,0
BRDA:26,2,0,0
BRDA:26,2,1,0
BRDA:26,2,2,0
BRDA:28,3,0,0
BRDA:28,3,1,0
BRDA:38,4,0,0
BRDA:38,4,1,0
BRDA:46,5,0,0
BRDA:46,5,1,0
BRDA:51,6,0,0
BRDA:51,6,1,0
BRDA:70,7,0,0
BRDA:70,7,1,0
BRDA:80,8,0,0
BRDA:80,8,1,0
BRDA:88,9,0,0
BRDA:88,9,1,0
BRDA:93,10,0,0
BRDA:93,10,1,0
BRF:23
BRH:0
end_of_record
TN:
SF:src\middleware\rateLimit.middleware.js
FNF:0
FNH:0
DA:3,1
LF:1
LH:1
BRF:0
BRH:0
end_of_record
TN:
SF:src\middleware\rbac.middleware.js
FN:10,(anonymous_0)
FN:11,(anonymous_1)
FN:19,(anonymous_2)
FNF:3
FNH:1
FNDA:1,(anonymous_0)
FNDA:0,(anonymous_1)
FNDA:0,(anonymous_2)
DA:3,1
DA:10,1
DA:11,1
DA:12,0
DA:14,0
DA:15,0
DA:18,0
DA:19,0
DA:21,0
DA:22,0
DA:25,0
LF:11
LH:3
BRDA:14,0,0,0
BRDA:14,0,1,0
BRDA:21,1,0,0
BRDA:21,1,1,0
BRF:4
BRH:0
end_of_record
TN:
SF:src\middleware\validate.middleware.js
FN:1,(anonymous_0)
FN:1,(anonymous_1)
FNF:2
FNH:2
FNDA:38,(anonymous_0)
FNDA:2,(anonymous_1)
DA:1,38
DA:2,2
DA:8,0
DA:9,0
DA:10,0
DA:12,0
LF:6
LH:2
BRF:0
BRH:0
end_of_record
TN:
SF:src\models\Invitation.js
FNF:0
FNH:0
DA:3,1
DA:5,1
DA:67,1
DA:68,1
DA:70,1
LF:5
LH:5
BRF:0
BRH:0
end_of_record
TN:
SF:src\models\Membership.js
FNF:0
FNH:0
DA:3,1
DA:5,1
DA:51,1
DA:52,1
DA:54,1
LF:5
LH:5
BRF:0
BRH:0
end_of_record
TN:
SF:src\models\Organisation.js
FN:11,(anonymous_0)
FNF:1
FNH:0
FNDA:0,(anonymous_0)
DA:5,1
DA:11,0
DA:52,1
LF:3
LH:2
BRF:0
BRH:0
end_of_record
TN:
SF:src\models\PasswordResetToken.js
FNF:0
FNH:0
DA:3,1
DA:25,1
DA:27,1
LF:3
LH:3
BRF:0
BRH:0
end_of_record
TN:
SF:src\models\RefreshToken.js
FNF:0
FNH:0
DA:3,1
DA:39,1
DA:41,1
LF:3
LH:3
BRF:0
BRH:0
end_of_record
TN:
SF:src\models\User.js
FN:77,preSave
FN:86,comparePassword
FNF:2
FNH:0
FNDA:0,preSave
FNDA:0,comparePassword
DA:4,1
DA:6,1
DA:22,1
DA:77,1
DA:78,0
DA:79,0
DA:82,0
DA:83,0
DA:86,1
DA:89,0
DA:90,0
DA:93,0
DA:96,1
LF:13
LH:6
BRDA:78,0,0,0
BRDA:78,0,1,0
BRDA:78,1,0,0
BRDA:78,1,1,0
BRDA:89,2,0,0
BRDA:89,2,1,0
BRF:6
BRH:0
end_of_record
TN:
SF:src\models\VerificationToken.js
FNF:0
FNH:0
DA:3,1
DA:25,1
DA:27,1
LF:3
LH:3
BRF:0
BRH:0
end_of_record
TN:
SF:src\notifications\controllers\notification.controller.js
FN:13,(anonymous_0)
FN:40,(anonymous_1)
FN:61,(anonymous_2)
FN:79,(anonymous_3)
FN:97,(anonymous_4)
FN:112,(anonymous_5)
FNF:6
FNH:0
FNDA:0,(anonymous_0)
FNDA:0,(anonymous_1)
FNDA:0,(anonymous_2)
FNDA:0,(anonymous_3)
FNDA:0,(anonymous_4)
FNDA:0,(anonymous_5)
DA:13,1
DA:15,0
DA:17,0
DA:19,0
DA:29,0
DA:40,1
DA:41,0
DA:43,0
DA:44,0
DA:47,0
DA:55,0
DA:61,1
DA:62,0
DA:64,0
DA:65,0
DA:68,0
DA:73,0
DA:79,1
DA:80,0
DA:82,0
DA:83,0
DA:86,0
DA:91,0
DA:97,1
DA:98,0
DA:100,0
DA:101,0
DA:104,0
DA:106,0
DA:112,1
DA:113,0
DA:115,0
DA:116,0
DA:119,0
DA:124,0
LF:35
LH:6
BRDA:17,0,0,0
BRDA:17,0,1,0
BRDA:21,1,0,0
BRDA:21,1,1,0
BRDA:30,2,0,0
BRDA:30,2,1,0
BRDA:35,3,0,0
BRDA:35,3,1,0
BRDA:36,4,0,0
BRDA:36,4,1,0
BRDA:43,5,0,0
BRDA:43,5,1,0
BRDA:49,6,0,0
BRDA:49,6,1,0
BRDA:64,7,0,0
BRDA:64,7,1,0
BRDA:82,8,0,0
BRDA:82,8,1,0
BRDA:88,9,0,0
BRDA:88,9,1,0
BRDA:100,10,0,0
BRDA:100,10,1,0
BRDA:115,11,0,0
BRDA:115,11,1,0
BRF:24
BRH:0
end_of_record
TN:
SF:src\notifications\models\Notification.js
FNF:0
FNH:0
DA:3,1
DA:54,1
DA:55,1
DA:57,1
LF:4
LH:4
BRF:0
BRH:0
end_of_record
TN:
SF:src\notifications\models\NotificationPreference.js
FNF:0
FNH:0
DA:3,1
DA:10,1
DA:46,1
LF:3
LH:3
BRF:0
BRH:0
end_of_record
TN:
SF:src\notifications\routes\notification.routes.js
FNF:0
FNH:0
DA:21,1
DA:23,1
DA:30,1
DA:37,1
DA:39,1
DA:46,1
DA:53,1
LF:7
LH:7
BRF:0
BRH:0
end_of_record
TN:
SF:src\notifications\services\notification.service.js
FN:11,(anonymous_0)
FN:16,(anonymous_1)
FN:18,(anonymous_2)
FN:62,(anonymous_3)
FN:64,(anonymous_4)
FN:70,(anonymous_5)
FN:85,(anonymous_6)
FN:89,(anonymous_7)
FN:98,(anonymous_8)
FN:137,(anonymous_9)
FN:151,(anonymous_10)
FN:177,(anonymous_11)
FN:191,(anonymous_12)
FN:234,(anonymous_13)
FN:260,(anonymous_14)
FN:274,(anonymous_15)
FN:278,(anonymous_16)
FN:286,(anonymous_17)
FNF:18
FNH:0
FNDA:0,(anonymous_0)
FNDA:0,(anonymous_1)
FNDA:0,(anonymous_2)
FNDA:0,(anonymous_3)
FNDA:0,(anonymous_4)
FNDA:0,(anonymous_5)
FNDA:0,(anonymous_6)
FNDA:0,(anonymous_7)
FNDA:0,(anonymous_8)
FNDA:0,(anonymous_9)
FNDA:0,(anonymous_10)
FNDA:0,(anonymous_11)
FNDA:0,(anonymous_12)
FNDA:0,(anonymous_13)
FNDA:0,(anonymous_14)
FNDA:0,(anonymous_15)
FNDA:0,(anonymous_16)
FNDA:0,(anonymous_17)
DA:8,1
DA:9,1
DA:11,1
DA:12,0
DA:13,0
DA:16,1
DA:18,1
DA:19,0
DA:21,0
DA:27,0
DA:30,0
DA:36,0
DA:39,0
DA:46,0
DA:49,0
DA:52,1
DA:62,1
DA:63,0
DA:64,0
DA:65,0
DA:67,0
DA:70,1
DA:85,1
DA:89,1
DA:98,1
DA:99,0
DA:100,0
DA:102,0
DA:103,0
DA:106,0
DA:107,0
DA:110,0
DA:111,0
DA:113,0
DA:116,0
DA:120,0
DA:137,1
DA:138,0
DA:148,0
DA:151,1
DA:152,0
DA:154,0
DA:157,0
DA:159,0
DA:160,0
DA:168,0
DA:170,0
DA:177,1
DA:178,0
DA:180,0
DA:181,0
DA:184,0
DA:185,0
DA:188,0
DA:191,1
DA:198,0
DA:199,0
DA:201,0
DA:202,0
DA:208,0
DA:218,0
DA:220,0
DA:234,1
DA:238,0
DA:253,0
DA:254,0
DA:257,0
DA:260,1
DA:264,0
DA:265,0
DA:269,0
DA:274,1
DA:275,0
DA:278,1
DA:282,0
DA:283,0
DA:285,0
DA:286,0
DA:287,0
DA:288,0
DA:294,0
DA:296,0
DA:297,0
DA:301,0
DA:302,0
DA:305,0
DA:308,0
DA:309,0
DA:315,0
DA:331,0
LF:90
LH:19
BRDA:13,0,0,0
BRDA:13,0,1,0
BRDA:18,1,0,0
BRDA:19,2,0,0
BRDA:19,2,1,0
BRDA:21,3,0,0
BRDA:21,3,1,0
BRDA:22,4,0,0
BRDA:22,4,1,0
BRDA:22,4,2,0
BRDA:22,4,3,0
BRDA:30,5,0,0
BRDA:30,5,1,0
BRDA:31,6,0,0
BRDA:31,6,1,0
BRDA:31,6,2,0
BRDA:31,6,3,0
BRDA:39,7,0,0
BRDA:39,7,1,0
BRDA:40,8,0,0
BRDA:40,8,1,0
BRDA:40,8,2,0
BRDA:40,8,3,0
BRDA:40,8,4,0
BRDA:62,9,0,0
BRDA:63,10,0,0
BRDA:63,10,1,0
BRDA:67,11,0,0
BRDA:67,11,1,0
BRDA:71,12,0,0
BRDA:71,12,1,0
BRDA:75,13,0,0
BRDA:75,13,1,0
BRDA:77,14,0,0
BRDA:77,14,1,0
BRDA:79,15,0,0
BRDA:79,15,1,0
BRDA:80,16,0,0
BRDA:80,16,1,0
BRDA:93,17,0,0
BRDA:93,17,1,0
BRDA:95,18,0,0
BRDA:95,18,1,0
BRDA:98,19,0,0
BRDA:99,20,0,0
BRDA:99,20,1,0
BRDA:100,21,0,0
BRDA:100,21,1,0
BRDA:102,22,0,0
BRDA:102,22,1,0
BRDA:106,23,0,0
BRDA:106,23,1,0
BRDA:110,24,0,0
BRDA:110,24,1,0
BRDA:111,25,0,0
BRDA:111,25,1,0
BRDA:113,26,0,0
BRDA:113,26,1,0
BRDA:116,27,0,0
BRDA:116,27,1,0
BRDA:122,28,0,0
BRDA:122,28,1,0
BRDA:122,29,0,0
BRDA:122,29,1,0
BRDA:127,30,0,0
BRDA:127,30,1,0
BRDA:127,31,0,0
BRDA:127,31,1,0
BRDA:131,32,0,0
BRDA:131,32,1,0
BRDA:131,33,0,0
BRDA:131,33,1,0
BRDA:159,34,0,0
BRDA:159,34,1,0
BRDA:177,35,0,0
BRDA:180,36,0,0
BRDA:180,36,1,0
BRDA:184,37,0,0
BRDA:184,37,1,0
BRDA:193,38,0,0
BRDA:194,39,0,0
BRDA:195,40,0,0
BRDA:196,41,0,0
BRDA:253,42,0,0
BRDA:253,42,1,0
BRDA:262,43,0,0
BRDA:270,44,0,0
BRDA:270,44,1,0
BRDA:285,45,0,0
BRDA:285,45,1,0
BRDA:285,46,0,0
BRDA:285,46,1,0
BRDA:287,47,0,0
BRDA:287,47,1,0
BRDA:296,48,0,0
BRDA:296,48,1,0
BRDA:301,49,0,0
BRDA:301,49,1,0
BRDA:308,50,0,0
BRDA:308,50,1,0
BRF:100
BRH:0
end_of_record
TN:
SF:src\notifications\services\notificationPublisher.service.js
FN:7,(anonymous_0)
FN:51,(anonymous_1)
FNF:2
FNH:0
FNDA:0,(anonymous_0)
FNDA:0,(anonymous_1)
DA:7,1
DA:8,0
DA:9,0
DA:16,0
DA:18,0
DA:19,0
DA:22,0
DA:40,0
DA:44,0
DA:51,1
DA:52,0
DA:53,0
DA:55,0
DA:64,0
LF:14
LH:2
BRDA:8,0,0,0
BRDA:8,0,1,0
BRDA:18,1,0,0
BRDA:18,1,1,0
BRDA:18,2,0,0
BRDA:18,2,1,0
BRDA:22,3,0,0
BRDA:22,3,1,0
BRDA:29,4,0,0
BRDA:29,4,1,0
BRDA:34,5,0,0
BRDA:34,5,1,0
BRDA:36,6,0,0
BRDA:36,6,1,0
BRDA:59,7,0,0
BRDA:59,7,1,0
BRF:16
BRH:0
end_of_record
TN:
SF:src\notifications\services\notificationRealtime.service.js
FN:9,(anonymous_0)
FN:10,(anonymous_1)
FN:12,(anonymous_2)
FN:31,(anonymous_3)
FN:44,(anonymous_4)
FN:61,(anonymous_5)
FN:72,(anonymous_6)
FN:91,(anonymous_7)
FN:113,(anonymous_8)
FNF:9
FNH:0
FNDA:0,(anonymous_0)
FNDA:0,(anonymous_1)
FNDA:0,(anonymous_2)
FNDA:0,(anonymous_3)
FNDA:0,(anonymous_4)
FNDA:0,(anonymous_5)
FNDA:0,(anonymous_6)
FNDA:0,(anonymous_7)
FNDA:0,(anonymous_8)
DA:7,1
DA:9,1
DA:10,1
DA:12,1
DA:13,0
DA:15,0
DA:16,0
DA:19,0
DA:21,0
DA:25,0
DA:28,0
DA:31,1
DA:32,0
DA:33,0
DA:36,0
DA:44,0
DA:45,0
DA:47,0
DA:48,0
DA:49,0
DA:52,0
DA:53,0
DA:54,0
DA:55,0
DA:57,0
DA:61,0
DA:62,0
DA:64,0
DA:65,0
DA:68,0
DA:69,0
DA:72,0
DA:73,0
DA:74,0
DA:77,0
DA:78,0
DA:79,0
DA:82,0
DA:86,0
DA:88,0
DA:91,1
DA:92,0
DA:93,0
DA:96,0
DA:97,0
DA:100,0
DA:103,0
DA:104,0
DA:107,0
DA:110,0
DA:113,1
DA:114,0
DA:115,0
DA:118,0
DA:119,0
LF:55
LH:7
BRDA:15,0,0,0
BRDA:15,0,1,0
BRDA:15,1,0,0
BRDA:15,1,1,0
BRDA:21,2,0,0
BRDA:21,2,1,0
BRDA:22,3,0,0
BRDA:22,3,1,0
BRDA:32,4,0,0
BRDA:32,4,1,0
BRDA:47,5,0,0
BRDA:47,5,1,0
BRDA:62,6,0,0
BRDA:62,6,1,0
BRDA:64,7,0,0
BRDA:64,7,1,0
BRDA:68,8,0,0
BRDA:68,8,1,0
BRDA:73,9,0,0
BRDA:73,9,1,0
BRDA:78,10,0,0
BRDA:78,10,1,0
BRDA:78,11,0,0
BRDA:78,11,1,0
BRDA:92,12,0,0
BRDA:92,12,1,0
BRDA:92,13,0,0
BRDA:92,13,1,0
BRDA:96,14,0,0
BRDA:96,14,1,0
BRDA:103,15,0,0
BRDA:103,15,1,0
BRDA:114,16,0,0
BRDA:114,16,1,0
BRF:34
BRH:0
end_of_record
TN:
SF:src\notifications\validators\notification.schemas.js
FN:3,(anonymous_0)
FN:62,(anonymous_1)
FNF:2
FNH:0
FNDA:0,(anonymous_0)
FNDA:0,(anonymous_1)
DA:3,1
DA:4,0
DA:5,0
DA:6,0
DA:7,0
DA:10,0
DA:13,1
DA:27,1
DA:40,1
DA:48,1
DA:64,0
DA:67,0
DA:81,1
LF:13
LH:6
BRDA:4,0,0,0
BRDA:4,0,1,0
BRDA:6,1,0,0
BRDA:6,1,1,0
BRDA:7,2,0,0
BRDA:7,2,1,0
BRDA:64,3,0,0
BRDA:64,3,1,0
BRDA:68,4,0,0
BRDA:68,4,1,0
BRF:10
BRH:0
end_of_record
TN:
SF:src\routes\auth.routes.js
FNF:0
FNH:0
DA:27,1
DA:29,1
DA:31,1
DA:32,1
DA:33,1
DA:34,1
DA:36,1
DA:38,1
DA:43,1
DA:49,1
DA:54,1
LF:11
LH:11
BRF:0
BRH:0
end_of_record
TN:
SF:src\routes\index.js
FNF:0
FNH:0
DA:17,1
DA:19,1
DA:20,1
DA:21,1
DA:22,1
DA:23,1
DA:24,1
DA:25,1
DA:26,1
DA:27,1
DA:28,1
DA:29,1
LF:12
LH:12
BRF:0
BRH:0
end_of_record
TN:
SF:src\routes\oauth.routes.js
FN:28,(anonymous_0)
FNF:1
FNH:0
FNDA:0,(anonymous_0)
DA:9,1
DA:11,1
DA:19,1
DA:28,1
DA:30,0
DA:34,0
DA:40,0
DA:43,1
DA:52,1
LF:9
LH:6
BRDA:30,0,0,0
BRDA:30,0,1,0
BRDA:30,1,0,0
BRDA:30,1,1,0
BRDA:37,2,0,0
BRDA:37,2,1,0
BRF:6
BRH:0
end_of_record
TN:
SF:src\routes\organisation.routes.js
FNF:0
FNH:0
DA:35,1
DA:36,1
DA:38,1
DA:44,1
DA:50,1
DA:52,1
DA:53,1
DA:59,1
DA:66,1
DA:73,1
DA:80,1
DA:87,1
DA:94,1
DA:101,1
LF:14
LH:14
BRF:0
BRH:0
end_of_record
TN:
SF:src\utils\appError.js
FN:2,(anonymous_0)
FNF:1
FNH:1
FNDA:5,(anonymous_0)
DA:3,5
DA:4,5
DA:5,5
DA:6,5
LF:4
LH:4
BRDA:2,0,0,0
BRF:1
BRH:0
end_of_record
TN:
SF:src\utils\asyncHandler.js
FN:1,(anonymous_0)
FN:1,(anonymous_1)
FNF:2
FNH:2
FNDA:57,(anonymous_0)
FNDA:1,(anonymous_1)
DA:1,57
DA:2,1
LF:2
LH:2
BRF:0
BRH:0
end_of_record
TN:
SF:src\utils\cookie.js
FN:14,(anonymous_0)
FN:26,(anonymous_1)
FNF:2
FNH:0
FNDA:0,(anonymous_0)
FNDA:0,(anonymous_1)
DA:3,1
DA:4,1
DA:6,1
DA:14,1
DA:15,0
DA:20,0
DA:26,1
DA:27,0
DA:28,0
LF:9
LH:5
BRF:0
BRH:0
end_of_record
TN:
SF:src\utils\hash.js
FN:3,(anonymous_0)
FNF:1
FNH:0
FNDA:0,(anonymous_0)
DA:3,1
DA:4,0
LF:2
LH:1
BRF:0
BRH:0
end_of_record
TN:
SF:src\utils\mailer.js
FN:7,(anonymous_0)
FN:27,(anonymous_1)
FNF:2
FNH:0
FNDA:0,(anonymous_0)
FNDA:0,(anonymous_1)
DA:7,1
DA:8,0
DA:9,0
DA:16,0
DA:24,0
DA:27,1
DA:28,0
DA:29,0
DA:32,0
LF:9
LH:2
BRDA:8,0,0,0
BRDA:8,0,1,0
BRDA:9,1,0,0
BRDA:9,1,1,0
BRDA:28,2,0,0
BRDA:28,2,1,0
BRF:6
BRH:0
end_of_record
TN:
SF:src\utils\token.js
FN:7,(anonymous_0)
FN:9,(anonymous_1)
FN:12,(anonymous_2)
FN:17,(anonymous_3)
FN:20,(anonymous_4)
FN:23,(anonymous_5)
FNF:6
FNH:1
FNDA:0,(anonymous_0)
FNDA:0,(anonymous_1)
FNDA:0,(anonymous_2)
FNDA:1,(anonymous_3)
FNDA:0,(anonymous_4)
FNDA:0,(anonymous_5)
DA:7,1
DA:9,1
DA:10,0
DA:12,1
DA:13,0
DA:17,1
DA:18,1
DA:20,1
DA:21,0
DA:23,1
DA:24,0
LF:11
LH:7
BRDA:23,0,0,0
BRF:1
BRH:0
end_of_record
TN:
SF:src\validators\auth.schemas.js
FNF:0
FNH:0
DA:3,1
DA:5,1
DA:18,1
DA:27,1
DA:35,1
DA:43,1
DA:52,1
LF:7
LH:7
BRF:0
BRH:0
end_of_record
TN:
SF:src\validators\organisation.schemas.js
FNF:0
FNH:0
DA:3,1
DA:5,1
DA:9,1
DA:14,1
DA:24,1
DA:35,1
DA:44,1
DA:50,1
DA:56,1
DA:67,1
DA:73,1
LF:11
LH:11
BRF:0
BRH:0
end_of_record
